0 verbose cli /opt/homebrew/Cellar/node/24.10.0_1/bin/node /opt/homebrew/bin/npm
1 info using npm@11.6.0
2 info using node@v24.10.0
3 silly config load:file:/opt/homebrew/lib/node_modules/npm/npmrc
4 silly config load:file:/Users/bao312/Desktop/test123/.npmrc
5 silly config load:file:/Users/bao312/.npmrc
6 silly config load:file:/opt/homebrew/etc/npmrc
7 verbose title npm install @tailwindcss/postcss
8 verbose argv "install" "--save-dev" "@tailwindcss/postcss"
9 verbose logfile logs-max:10 dir:/Users/bao312/Desktop/test123/.npm-cache/_logs/2025-11-05T07_17_19_187Z-
10 verbose logfile /Users/bao312/Desktop/test123/.npm-cache/_logs/2025-11-05T07_17_19_187Z-debug-0.log
11 silly logfile done cleaning log files
12 silly packumentCache heap:4496293888 maxSize:1124073472 maxEntrySize:562036736
13 silly idealTree buildDeps
14 silly fetch manifest @tailwindcss/postcss@*
15 silly packumentCache full:https://registry.npmjs.org/@tailwindcss%2fpostcss cache-miss
16 http fetch GET 200 https://registry.npmjs.org/@tailwindcss%2fpostcss 321ms (cache miss)
17 silly packumentCache full:https://registry.npmjs.org/@tailwindcss%2fpostcss set size:undefined disposed:false
18 silly placeDep ROOT @tailwindcss/postcss@4.1.16 OK for: test123@0.0.0 want: *
19 silly fetch manifest @alloc/quick-lru@^5.2.0
20 silly packumentCache full:https://registry.npmjs.org/@alloc%2fquick-lru cache-miss
21 silly fetch manifest @tailwindcss/node@4.1.16
22 silly packumentCache full:https://registry.npmjs.org/@tailwindcss%2fnode cache-miss
23 silly fetch manifest @tailwindcss/oxide@4.1.16
24 silly packumentCache full:https://registry.npmjs.org/@tailwindcss%2foxide cache-miss
25 http fetch GET 200 https://registry.npmjs.org/@alloc%2fquick-lru 87ms (cache miss)
26 silly packumentCache full:https://registry.npmjs.org/@alloc%2fquick-lru set size:undefined disposed:false
27 http fetch GET 200 https://registry.npmjs.org/@tailwindcss%2fnode 269ms (cache miss)
28 silly packumentCache full:https://registry.npmjs.org/@tailwindcss%2fnode set size:undefined disposed:false
29 http fetch GET 200 https://registry.npmjs.org/@tailwindcss%2foxide 293ms (cache miss)
30 silly packumentCache full:https://registry.npmjs.org/@tailwindcss%2foxide set size:undefined disposed:false
31 silly placeDep ROOT @alloc/quick-lru@5.2.0 OK for: @tailwindcss/postcss@4.1.16 want: ^5.2.0
32 silly placeDep ROOT @tailwindcss/node@4.1.16 OK for: @tailwindcss/postcss@4.1.16 want: 4.1.16
33 silly placeDep ROOT @tailwindcss/oxide@4.1.16 OK for: @tailwindcss/postcss@4.1.16 want: 4.1.16
34 silly fetch manifest jiti@^2.6.1
35 silly packumentCache full:https://registry.npmjs.org/jiti cache-miss
36 silly fetch manifest lightningcss@1.30.2
37 silly packumentCache full:https://registry.npmjs.org/lightningcss cache-miss
38 silly fetch manifest magic-string@^0.30.19
39 silly packumentCache full:https://registry.npmjs.org/magic-string cache-miss
40 silly fetch manifest enhanced-resolve@^5.18.3
41 silly packumentCache full:https://registry.npmjs.org/enhanced-resolve cache-miss
42 silly fetch manifest @jridgewell/remapping@^2.3.4
43 silly packumentCache full:https://registry.npmjs.org/@jridgewell%2fremapping cache-miss
44 silly fetch manifest @tailwindcss/oxide-darwin-x64@4.1.16
45 silly packumentCache full:https://registry.npmjs.org/@tailwindcss%2foxide-darwin-x64 cache-miss
46 silly fetch manifest @tailwindcss/oxide-freebsd-x64@4.1.16
47 silly packumentCache full:https://registry.npmjs.org/@tailwindcss%2foxide-freebsd-x64 cache-miss
48 http fetch GET 200 https://registry.npmjs.org/lightningcss 62ms (cache miss)
49 silly packumentCache full:https://registry.npmjs.org/lightningcss set size:undefined disposed:false
50 silly fetch manifest @tailwindcss/oxide-wasm32-wasi@4.1.16
51 silly packumentCache full:https://registry.npmjs.org/@tailwindcss%2foxide-wasm32-wasi cache-miss
52 http fetch GET 200 https://registry.npmjs.org/magic-string 69ms (cache miss)
53 silly packumentCache full:https://registry.npmjs.org/magic-string set size:undefined disposed:false
54 silly fetch manifest @tailwindcss/oxide-darwin-arm64@4.1.16
55 silly packumentCache full:https://registry.npmjs.org/@tailwindcss%2foxide-darwin-arm64 cache-miss
56 http fetch GET 200 https://registry.npmjs.org/jiti 77ms (cache miss)
57 silly packumentCache full:https://registry.npmjs.org/jiti set size:undefined disposed:false
58 silly fetch manifest @tailwindcss/oxide-android-arm64@4.1.16
59 silly packumentCache full:https://registry.npmjs.org/@tailwindcss%2foxide-android-arm64 cache-miss
60 http fetch GET 200 https://registry.npmjs.org/enhanced-resolve 183ms (cache miss)
61 silly packumentCache full:https://registry.npmjs.org/enhanced-resolve set size:undefined disposed:false
62 silly fetch manifest @tailwindcss/oxide-linux-x64-gnu@4.1.16
63 silly packumentCache full:https://registry.npmjs.org/@tailwindcss%2foxide-linux-x64-gnu cache-miss
64 http fetch GET 200 https://registry.npmjs.org/@jridgewell%2fremapping 195ms (cache miss)
65 silly packumentCache full:https://registry.npmjs.org/@jridgewell%2fremapping set size:undefined disposed:false
66 silly fetch manifest @tailwindcss/oxide-linux-x64-musl@4.1.16
67 silly packumentCache full:https://registry.npmjs.org/@tailwindcss%2foxide-linux-x64-musl cache-miss
68 http fetch GET 200 https://registry.npmjs.org/@tailwindcss%2foxide-android-arm64 164ms (cache miss)
69 silly packumentCache full:https://registry.npmjs.org/@tailwindcss%2foxide-android-arm64 set size:undefined disposed:false
70 silly fetch manifest @tailwindcss/oxide-win32-x64-msvc@4.1.16
71 silly packumentCache full:https://registry.npmjs.org/@tailwindcss%2foxide-win32-x64-msvc cache-miss
72 http fetch GET 200 https://registry.npmjs.org/@tailwindcss%2foxide-wasm32-wasi 194ms (cache miss)
73 silly packumentCache full:https://registry.npmjs.org/@tailwindcss%2foxide-wasm32-wasi set size:undefined disposed:false
74 silly fetch manifest @tailwindcss/oxide-linux-arm64-gnu@4.1.16
75 silly packumentCache full:https://registry.npmjs.org/@tailwindcss%2foxide-linux-arm64-gnu cache-miss
76 http fetch GET 200 https://registry.npmjs.org/@tailwindcss%2foxide-darwin-x64 345ms (cache miss)
77 silly packumentCache full:https://registry.npmjs.org/@tailwindcss%2foxide-darwin-x64 set size:undefined disposed:false
78 silly fetch manifest @tailwindcss/oxide-linux-arm64-musl@4.1.16
79 silly packumentCache full:https://registry.npmjs.org/@tailwindcss%2foxide-linux-arm64-musl cache-miss
80 http fetch GET 200 https://registry.npmjs.org/@tailwindcss%2foxide-freebsd-x64 360ms (cache miss)
81 silly packumentCache full:https://registry.npmjs.org/@tailwindcss%2foxide-freebsd-x64 set size:undefined disposed:false
82 silly fetch manifest @tailwindcss/oxide-win32-arm64-msvc@4.1.16
83 silly packumentCache full:https://registry.npmjs.org/@tailwindcss%2foxide-win32-arm64-msvc cache-miss
84 http fetch GET 200 https://registry.npmjs.org/@tailwindcss%2foxide-linux-x64-gnu 186ms (cache miss)
85 silly packumentCache full:https://registry.npmjs.org/@tailwindcss%2foxide-linux-x64-gnu set size:undefined disposed:false
86 silly fetch manifest @tailwindcss/oxide-linux-arm-gnueabihf@4.1.16
87 silly packumentCache full:https://registry.npmjs.org/@tailwindcss%2foxide-linux-arm-gnueabihf cache-miss
88 http fetch GET 200 https://registry.npmjs.org/@tailwindcss%2foxide-win32-x64-msvc 227ms (cache miss)
89 silly packumentCache full:https://registry.npmjs.org/@tailwindcss%2foxide-win32-x64-msvc set size:undefined disposed:false
90 http fetch GET 200 https://registry.npmjs.org/@tailwindcss%2foxide-linux-x64-musl 363ms (cache miss)
91 silly packumentCache full:https://registry.npmjs.org/@tailwindcss%2foxide-linux-x64-musl set size:undefined disposed:false
92 http fetch GET 200 https://registry.npmjs.org/@tailwindcss%2foxide-win32-arm64-msvc 199ms (cache miss)
93 silly packumentCache full:https://registry.npmjs.org/@tailwindcss%2foxide-win32-arm64-msvc set size:undefined disposed:false
94 http fetch GET 200 https://registry.npmjs.org/@tailwindcss%2foxide-linux-arm64-gnu 312ms (cache miss)
95 silly packumentCache full:https://registry.npmjs.org/@tailwindcss%2foxide-linux-arm64-gnu set size:undefined disposed:false
96 http fetch GET 200 https://registry.npmjs.org/@tailwindcss%2foxide-linux-arm64-musl 228ms (cache miss)
97 silly packumentCache full:https://registry.npmjs.org/@tailwindcss%2foxide-linux-arm64-musl set size:undefined disposed:false
98 http fetch GET 200 https://registry.npmjs.org/@tailwindcss%2foxide-linux-arm-gnueabihf 215ms (cache miss)
99 silly packumentCache full:https://registry.npmjs.org/@tailwindcss%2foxide-linux-arm-gnueabihf set size:undefined disposed:false
100 http fetch GET 200 https://registry.npmjs.org/@tailwindcss%2foxide-darwin-arm64 733ms (cache miss)
101 silly packumentCache full:https://registry.npmjs.org/@tailwindcss%2foxide-darwin-arm64 set size:undefined disposed:false
102 silly placeDep ROOT @jridgewell/remapping@2.3.5 OK for: @tailwindcss/node@4.1.16 want: ^2.3.4
103 silly placeDep ROOT enhanced-resolve@5.18.3 OK for: @tailwindcss/node@4.1.16 want: ^5.18.3
104 silly placeDep ROOT jiti@2.6.1 OK for: @tailwindcss/node@4.1.16 want: ^2.6.1
105 silly placeDep ROOT lightningcss@1.30.2 OK for: @tailwindcss/node@4.1.16 want: 1.30.2
106 silly placeDep node_modules/@tailwindcss/node magic-string@0.30.21 OK for: @tailwindcss/node@4.1.16 want: ^0.30.19
107 silly fetch manifest tapable@^2.2.0
108 silly packumentCache full:https://registry.npmjs.org/tapable cache-miss
109 silly fetch manifest lightningcss-darwin-x64@1.30.2
110 silly packumentCache full:https://registry.npmjs.org/lightningcss-darwin-x64 cache-miss
111 silly fetch manifest lightningcss-linux-x64-gnu@1.30.2
112 silly packumentCache full:https://registry.npmjs.org/lightningcss-linux-x64-gnu cache-miss
113 silly fetch manifest lightningcss-win32-x64-msvc@1.30.2
114 silly packumentCache full:https://registry.npmjs.org/lightningcss-win32-x64-msvc cache-miss
115 silly fetch manifest lightningcss-win32-arm64-msvc@1.30.2
116 silly packumentCache full:https://registry.npmjs.org/lightningcss-win32-arm64-msvc cache-miss
117 silly fetch manifest lightningcss-darwin-arm64@1.30.2
118 silly packumentCache full:https://registry.npmjs.org/lightningcss-darwin-arm64 cache-miss
119 silly fetch manifest lightningcss-linux-arm64-gnu@1.30.2
120 silly packumentCache full:https://registry.npmjs.org/lightningcss-linux-arm64-gnu cache-miss
121 http fetch GET 200 https://registry.npmjs.org/lightningcss-linux-arm64-gnu 65ms (cache miss)
122 silly packumentCache full:https://registry.npmjs.org/lightningcss-linux-arm64-gnu set size:undefined disposed:false
123 silly fetch manifest lightningcss-linux-arm-gnueabihf@1.30.2
124 silly packumentCache full:https://registry.npmjs.org/lightningcss-linux-arm-gnueabihf cache-miss
125 http fetch GET 200 https://registry.npmjs.org/lightningcss-win32-x64-msvc 65ms (cache miss)
126 silly packumentCache full:https://registry.npmjs.org/lightningcss-win32-x64-msvc set size:undefined disposed:false
127 silly fetch manifest lightningcss-linux-arm64-musl@1.30.2
128 silly packumentCache full:https://registry.npmjs.org/lightningcss-linux-arm64-musl cache-miss
129 http fetch GET 200 https://registry.npmjs.org/lightningcss-darwin-x64 70ms (cache miss)
130 silly packumentCache full:https://registry.npmjs.org/lightningcss-darwin-x64 set size:undefined disposed:false
131 silly fetch manifest lightningcss-linux-x64-musl@1.30.2
132 silly packumentCache full:https://registry.npmjs.org/lightningcss-linux-x64-musl cache-miss
133 http fetch GET 200 https://registry.npmjs.org/lightningcss-win32-arm64-msvc 71ms (cache miss)
134 silly packumentCache full:https://registry.npmjs.org/lightningcss-win32-arm64-msvc set size:undefined disposed:false
135 silly fetch manifest lightningcss-freebsd-x64@1.30.2
136 silly packumentCache full:https://registry.npmjs.org/lightningcss-freebsd-x64 cache-miss
137 http fetch GET 200 https://registry.npmjs.org/lightningcss-linux-x64-gnu 72ms (cache miss)
138 silly packumentCache full:https://registry.npmjs.org/lightningcss-linux-x64-gnu set size:undefined disposed:false
139 silly fetch manifest lightningcss-android-arm64@1.30.2
140 silly packumentCache full:https://registry.npmjs.org/lightningcss-android-arm64 cache-miss
141 http fetch GET 200 https://registry.npmjs.org/lightningcss-darwin-arm64 75ms (cache miss)
142 silly packumentCache full:https://registry.npmjs.org/lightningcss-darwin-arm64 set size:undefined disposed:false
143 http fetch GET 200 https://registry.npmjs.org/tapable 86ms (cache miss)
144 silly packumentCache full:https://registry.npmjs.org/tapable set size:undefined disposed:false
145 http fetch GET 200 https://registry.npmjs.org/lightningcss-android-arm64 61ms (cache miss)
146 silly packumentCache full:https://registry.npmjs.org/lightningcss-android-arm64 set size:undefined disposed:false
147 http fetch GET 200 https://registry.npmjs.org/lightningcss-freebsd-x64 63ms (cache miss)
148 silly packumentCache full:https://registry.npmjs.org/lightningcss-freebsd-x64 set size:undefined disposed:false
149 http fetch GET 200 https://registry.npmjs.org/lightningcss-linux-arm64-musl 70ms (cache miss)
150 silly packumentCache full:https://registry.npmjs.org/lightningcss-linux-arm64-musl set size:undefined disposed:false
151 http fetch GET 200 https://registry.npmjs.org/lightningcss-linux-arm-gnueabihf 73ms (cache miss)
152 silly packumentCache full:https://registry.npmjs.org/lightningcss-linux-arm-gnueabihf set size:undefined disposed:false
153 http fetch GET 200 https://registry.npmjs.org/lightningcss-linux-x64-musl 72ms (cache miss)
154 silly packumentCache full:https://registry.npmjs.org/lightningcss-linux-x64-musl set size:undefined disposed:false
155 silly placeDep ROOT @tailwindcss/oxide-android-arm64@4.1.16 OK for: @tailwindcss/oxide@4.1.16 want: 4.1.16
156 silly placeDep ROOT @tailwindcss/oxide-darwin-arm64@4.1.16 OK for: @tailwindcss/oxide@4.1.16 want: 4.1.16
157 silly placeDep ROOT @tailwindcss/oxide-darwin-x64@4.1.16 OK for: @tailwindcss/oxide@4.1.16 want: 4.1.16
158 silly placeDep ROOT @tailwindcss/oxide-freebsd-x64@4.1.16 OK for: @tailwindcss/oxide@4.1.16 want: 4.1.16
159 silly placeDep ROOT @tailwindcss/oxide-linux-arm-gnueabihf@4.1.16 OK for: @tailwindcss/oxide@4.1.16 want: 4.1.16
160 silly placeDep ROOT @tailwindcss/oxide-linux-arm64-gnu@4.1.16 OK for: @tailwindcss/oxide@4.1.16 want: 4.1.16
161 silly placeDep ROOT @tailwindcss/oxide-linux-arm64-musl@4.1.16 OK for: @tailwindcss/oxide@4.1.16 want: 4.1.16
162 silly placeDep ROOT @tailwindcss/oxide-linux-x64-gnu@4.1.16 OK for: @tailwindcss/oxide@4.1.16 want: 4.1.16
163 silly placeDep ROOT @tailwindcss/oxide-linux-x64-musl@4.1.16 OK for: @tailwindcss/oxide@4.1.16 want: 4.1.16
164 silly placeDep ROOT @tailwindcss/oxide-wasm32-wasi@4.1.16 OK for: @tailwindcss/oxide@4.1.16 want: 4.1.16
165 silly placeDep ROOT @tailwindcss/oxide-win32-arm64-msvc@4.1.16 OK for: @tailwindcss/oxide@4.1.16 want: 4.1.16
166 silly placeDep ROOT @tailwindcss/oxide-win32-x64-msvc@4.1.16 OK for: @tailwindcss/oxide@4.1.16 want: 4.1.16
167 silly placeDep ROOT tapable@2.3.0 OK for: enhanced-resolve@5.18.3 want: ^2.2.0
168 silly placeDep ROOT lightningcss-android-arm64@1.30.2 OK for: lightningcss@1.30.2 want: 1.30.2
169 silly placeDep ROOT lightningcss-darwin-arm64@1.30.2 OK for: lightningcss@1.30.2 want: 1.30.2
170 silly placeDep ROOT lightningcss-darwin-x64@1.30.2 OK for: lightningcss@1.30.2 want: 1.30.2
171 silly placeDep ROOT lightningcss-freebsd-x64@1.30.2 OK for: lightningcss@1.30.2 want: 1.30.2
172 silly placeDep ROOT lightningcss-linux-arm-gnueabihf@1.30.2 OK for: lightningcss@1.30.2 want: 1.30.2
173 silly placeDep ROOT lightningcss-linux-arm64-gnu@1.30.2 OK for: lightningcss@1.30.2 want: 1.30.2
174 silly placeDep ROOT lightningcss-linux-arm64-musl@1.30.2 OK for: lightningcss@1.30.2 want: 1.30.2
175 silly placeDep ROOT lightningcss-linux-x64-gnu@1.30.2 OK for: lightningcss@1.30.2 want: 1.30.2
176 silly placeDep ROOT lightningcss-linux-x64-musl@1.30.2 OK for: lightningcss@1.30.2 want: 1.30.2
177 silly placeDep ROOT lightningcss-win32-arm64-msvc@1.30.2 OK for: lightningcss@1.30.2 want: 1.30.2
178 silly placeDep ROOT lightningcss-win32-x64-msvc@1.30.2 OK for: lightningcss@1.30.2 want: 1.30.2
179 silly reify moves {}
180 verbose reify failed optional dependency /Users/bao312/Desktop/test123/node_modules/@tailwindcss/oxide-wasm32-wasi
181 silly reify mark deleted [
181 silly reify   '/Users/bao312/Desktop/test123/node_modules/@tailwindcss/oxide-wasm32-wasi'
181 silly reify ]
182 silly audit bulk request {
182 silly audit   '@algolia/abtesting': [ '1.1.0' ],
182 silly audit   '@algolia/client-abtesting': [ '5.35.0' ],
182 silly audit   '@algolia/client-analytics': [ '5.35.0' ],
182 silly audit   '@algolia/client-common': [ '5.35.0' ],
182 silly audit   '@algolia/client-insights': [ '5.35.0' ],
182 silly audit   '@algolia/client-personalization': [ '5.35.0' ],
182 silly audit   '@algolia/client-query-suggestions': [ '5.35.0' ],
182 silly audit   '@algolia/client-search': [ '5.35.0' ],
182 silly audit   '@algolia/ingestion': [ '1.35.0' ],
182 silly audit   '@algolia/monitoring': [ '1.35.0' ],
182 silly audit   '@algolia/recommend': [ '5.35.0' ],
182 silly audit   '@algolia/requester-browser-xhr': [ '5.35.0' ],
182 silly audit   '@algolia/requester-fetch': [ '5.35.0' ],
182 silly audit   '@algolia/requester-node-http': [ '5.35.0' ],
182 silly audit   '@ampproject/remapping': [ '2.3.0' ],
182 silly audit   '@angular-devkit/architect': [ '0.2003.8' ],
182 silly audit   '@angular-devkit/core': [ '20.3.8' ],
182 silly audit   '@angular-devkit/schematics': [ '20.3.8' ],
182 silly audit   '@angular/build': [ '20.3.8' ],
182 silly audit   '@angular/cli': [ '20.3.8' ],
182 silly audit   '@angular/common': [ '20.3.9' ],
182 silly audit   '@angular/compiler': [ '20.3.9' ],
182 silly audit   '@angular/compiler-cli': [ '20.3.9' ],
182 silly audit   '@angular/core': [ '20.3.9' ],
182 silly audit   '@angular/forms': [ '20.3.9' ],
182 silly audit   '@angular/platform-browser': [ '20.3.9' ],
182 silly audit   '@angular/router': [ '20.3.9' ],
182 silly audit   '@babel/code-frame': [ '7.27.1' ],
182 silly audit   '@babel/compat-data': [ '7.28.5' ],
182 silly audit   '@babel/core': [ '7.28.3' ],
182 silly audit   'convert-source-map': [ '2.0.0', '1.9.0' ],
182 silly audit   semver: [ '6.3.1', '5.7.2', '7.7.2' ],
182 silly audit   '@babel/generator': [ '7.28.5' ],
182 silly audit   '@babel/helper-annotate-as-pure': [ '7.27.3' ],
182 silly audit   '@babel/helper-compilation-targets': [ '7.27.2' ],
182 silly audit   '@babel/helper-globals': [ '7.28.0' ],
182 silly audit   '@babel/helper-module-imports': [ '7.27.1' ],
182 silly audit   '@babel/helper-module-transforms': [ '7.28.3' ],
182 silly audit   '@babel/helper-split-export-declaration': [ '7.24.7' ],
182 silly audit   '@babel/helper-string-parser': [ '7.27.1' ],
182 silly audit   '@babel/helper-validator-identifier': [ '7.28.5' ],
182 silly audit   '@babel/helper-validator-option': [ '7.27.1' ],
182 silly audit   '@babel/helpers': [ '7.28.4' ],
182 silly audit   '@babel/parser': [ '7.28.5' ],
182 silly audit   '@babel/template': [ '7.27.2' ],
182 silly audit   '@babel/traverse': [ '7.28.5' ],
182 silly audit   '@babel/types': [ '7.28.5' ],
182 silly audit   '@colors/colors': [ '1.5.0' ],
182 silly audit   '@esbuild/aix-ppc64': [ '0.25.9' ],
182 silly audit   '@esbuild/android-arm': [ '0.25.9' ],
182 silly audit   '@esbuild/android-arm64': [ '0.25.9' ],
182 silly audit   '@esbuild/android-x64': [ '0.25.9' ],
182 silly audit   '@esbuild/darwin-arm64': [ '0.25.9' ],
182 silly audit   '@esbuild/darwin-x64': [ '0.25.9' ],
182 silly audit   '@esbuild/freebsd-arm64': [ '0.25.9' ],
182 silly audit   '@esbuild/freebsd-x64': [ '0.25.9' ],
182 silly audit   '@esbuild/linux-arm': [ '0.25.9' ],
182 silly audit   '@esbuild/linux-arm64': [ '0.25.9' ],
182 silly audit   '@esbuild/linux-ia32': [ '0.25.9' ],
182 silly audit   '@esbuild/linux-loong64': [ '0.25.9' ],
182 silly audit   '@esbuild/linux-mips64el': [ '0.25.9' ],
182 silly audit   '@esbuild/linux-ppc64': [ '0.25.9' ],
182 silly audit   '@esbuild/linux-riscv64': [ '0.25.9' ],
182 silly audit   '@esbuild/linux-s390x': [ '0.25.9' ],
182 silly audit   '@esbuild/linux-x64': [ '0.25.9' ],
182 silly audit   '@esbuild/netbsd-arm64': [ '0.25.9' ],
182 silly audit   '@esbuild/netbsd-x64': [ '0.25.9' ],
182 silly audit   '@esbuild/openbsd-arm64': [ '0.25.9' ],
182 silly audit   '@esbuild/openbsd-x64': [ '0.25.9' ],
182 silly audit   '@esbuild/openharmony-arm64': [ '0.25.9' ],
182 silly audit   '@esbuild/sunos-x64': [ '0.25.9' ],
182 silly audit   '@esbuild/win32-arm64': [ '0.25.9' ],
182 silly audit   '@esbuild/win32-ia32': [ '0.25.9' ],
182 silly audit   '@esbuild/win32-x64': [ '0.25.9' ],
182 silly audit   '@inquirer/ansi': [ '1.0.1' ],
182 silly audit   '@inquirer/checkbox': [ '4.3.0' ],
182 silly audit   '@inquirer/confirm': [ '5.1.14' ],
182 silly audit   '@inquirer/core': [ '10.3.0' ],
182 silly audit   '@inquirer/editor': [ '4.2.21' ],
182 silly audit   '@inquirer/expand': [ '4.0.21' ],
182 silly audit   '@inquirer/external-editor': [ '1.0.2' ],
182 silly audit   '@inquirer/figures': [ '1.0.14' ],
182 silly audit   '@inquirer/input': [ '4.2.5' ],
182 silly audit   '@inquirer/number': [ '3.0.21' ],
182 silly audit   '@inquirer/password': [ '4.0.21' ],
182 silly audit   '@inquirer/prompts': [ '7.8.2' ],
182 silly audit   '@inquirer/rawlist': [ '4.1.9' ],
182 silly audit   '@inquirer/search': [ '3.2.0' ],
182 silly audit   '@inquirer/select': [ '4.4.0' ],
182 silly audit   '@inquirer/type': [ '3.0.9' ],
182 silly audit   '@isaacs/balanced-match': [ '4.0.1' ],
182 silly audit   '@isaacs/brace-expansion': [ '5.0.0' ],
182 silly audit   '@isaacs/cliui': [ '8.0.2' ],
182 silly audit   'emoji-regex': [ '9.2.2', '10.6.0', '8.0.0' ],
182 silly audit   'string-width': [ '5.1.2', '4.2.3', '7.2.0' ],
182 silly audit   'wrap-ansi': [ '8.1.0', '9.0.2', '7.0.0', '6.2.0' ],
182 silly audit   '@isaacs/fs-minipass': [ '4.0.1' ],
182 silly audit   '@istanbuljs/schema': [ '0.1.3' ],
182 silly audit   '@jridgewell/gen-mapping': [ '0.3.13' ],
182 silly audit   '@jridgewell/resolve-uri': [ '3.1.2' ],
182 silly audit   '@jridgewell/sourcemap-codec': [ '1.5.5' ],
182 silly audit   '@jridgewell/trace-mapping': [ '0.3.31' ],
182 silly audit   '@listr2/prompt-adapter-inquirer': [ '3.0.1' ],
182 silly audit   '@lmdb/lmdb-darwin-arm64': [ '3.4.2' ],
182 silly audit   '@lmdb/lmdb-darwin-x64': [ '3.4.2' ],
182 silly audit   '@lmdb/lmdb-linux-arm': [ '3.4.2' ],
182 silly audit   '@lmdb/lmdb-linux-arm64': [ '3.4.2' ],
182 silly audit   '@lmdb/lmdb-linux-x64': [ '3.4.2' ],
182 silly audit   '@lmdb/lmdb-win32-arm64': [ '3.4.2' ],
182 silly audit   '@lmdb/lmdb-win32-x64': [ '3.4.2' ],
182 silly audit   '@modelcontextprotocol/sdk': [ '1.17.3' ],
182 silly audit   ajv: [ '6.12.6', '8.17.1' ],
182 silly audit   'json-schema-traverse': [ '0.4.1', '1.0.0' ],
182 silly audit   '@msgpackr-extract/msgpackr-extract-darwin-arm64': [ '3.0.3' ],
182 silly audit   '@msgpackr-extract/msgpackr-extract-darwin-x64': [ '3.0.3' ],
182 silly audit   '@msgpackr-extract/msgpackr-extract-linux-arm': [ '3.0.3' ],
182 silly audit   '@msgpackr-extract/msgpackr-extract-linux-arm64': [ '3.0.3' ],
182 silly audit   '@msgpackr-extract/msgpackr-extract-linux-x64': [ '3.0.3' ],
182 silly audit   '@msgpackr-extract/msgpackr-extract-win32-x64': [ '3.0.3' ],
182 silly audit   '@napi-rs/nice': [ '1.1.1' ],
182 silly audit   '@napi-rs/nice-android-arm-eabi': [ '1.1.1' ],
182 silly audit   '@napi-rs/nice-android-arm64': [ '1.1.1' ],
182 silly audit   '@napi-rs/nice-darwin-arm64': [ '1.1.1' ],
182 silly audit   '@napi-rs/nice-darwin-x64': [ '1.1.1' ],
182 silly audit   '@napi-rs/nice-freebsd-x64': [ '1.1.1' ],
182 silly audit   '@napi-rs/nice-linux-arm-gnueabihf': [ '1.1.1' ],
182 silly audit   '@napi-rs/nice-linux-arm64-gnu': [ '1.1.1' ],
182 silly audit   '@napi-rs/nice-linux-arm64-musl': [ '1.1.1' ],
182 silly audit   '@napi-rs/nice-linux-ppc64-gnu': [ '1.1.1' ],
182 silly audit   '@napi-rs/nice-linux-riscv64-gnu': [ '1.1.1' ],
182 silly audit   '@napi-rs/nice-linux-s390x-gnu': [ '1.1.1' ],
182 silly audit   '@napi-rs/nice-linux-x64-gnu': [ '1.1.1' ],
182 silly audit   '@napi-rs/nice-linux-x64-musl': [ '1.1.1' ],
182 silly audit   '@napi-rs/nice-openharmony-arm64': [ '1.1.1' ],
182 silly audit   '@napi-rs/nice-win32-arm64-msvc': [ '1.1.1' ],
182 silly audit   '@napi-rs/nice-win32-ia32-msvc': [ '1.1.1' ],
182 silly audit   '@napi-rs/nice-win32-x64-msvc': [ '1.1.1' ],
182 silly audit   '@npmcli/agent': [ '3.0.0' ],
182 silly audit   'lru-cache': [ '10.4.3', '11.2.2', '5.1.1' ],
182 silly audit   '@npmcli/fs': [ '4.0.0' ],
182 silly audit   '@npmcli/git': [ '6.0.3' ],
182 silly audit   isexe: [ '3.1.1', '2.0.0' ],
182 silly audit   which: [ '5.0.0', '1.3.1', '2.0.2' ],
182 silly audit   '@npmcli/installed-package-contents': [ '3.0.0' ],
182 silly audit   '@npmcli/node-gyp': [ '4.0.0' ],
182 silly audit   '@npmcli/package-json': [ '6.2.0' ],
182 silly audit   'brace-expansion': [ '2.0.2', '1.1.12' ],
182 silly audit   glob: [ '10.4.5', '7.2.3' ],
182 silly audit   'hosted-git-info': [ '8.1.0', '9.0.2' ],
182 silly audit   minimatch: [ '9.0.5', '10.1.1', '3.1.2' ],
182 silly audit   '@npmcli/promise-spawn': [ '8.0.3' ],
182 silly audit   '@npmcli/redact': [ '3.2.2' ],
182 silly audit   '@npmcli/run-script': [ '9.1.0' ],
182 silly audit   '@parcel/watcher': [ '2.5.1' ],
182 silly audit   '@parcel/watcher-android-arm64': [ '2.5.1' ],
182 silly audit   '@parcel/watcher-darwin-arm64': [ '2.5.1' ],
182 silly audit   '@parcel/watcher-darwin-x64': [ '2.5.1' ],
182 silly audit   '@parcel/watcher-freebsd-x64': [ '2.5.1' ],
182 silly audit   '@parcel/watcher-linux-arm-glibc': [ '2.5.1' ],
182 silly audit   '@parcel/watcher-linux-arm-musl': [ '2.5.1' ],
182 silly audit   '@parcel/watcher-linux-arm64-glibc': [ '2.5.1' ],
182 silly audit   '@parcel/watcher-linux-arm64-musl': [ '2.5.1' ],
182 silly audit   '@parcel/watcher-linux-x64-glibc': [ '2.5.1' ],
182 silly audit   '@parcel/watcher-linux-x64-musl': [ '2.5.1' ],
182 silly audit   '@parcel/watcher-win32-arm64': [ '2.5.1' ],
182 silly audit   '@parcel/watcher-win32-ia32': [ '2.5.1' ],
182 silly audit   '@parcel/watcher-win32-x64': [ '2.5.1' ],
182 silly audit   'detect-libc': [ '1.0.3', '2.1.2' ],
182 silly audit   'node-addon-api': [ '7.1.1', '6.1.0' ],
182 silly audit   '@pkgjs/parseargs': [ '0.11.0' ],
182 silly audit   '@rollup/plugin-json': [ '6.1.0' ],
182 silly audit   '@rollup/pluginutils': [ '5.3.0' ],
182 silly audit   '@rollup/rollup-android-arm-eabi': [ '4.52.3' ],
182 silly audit   '@rollup/rollup-android-arm64': [ '4.52.3' ],
182 silly audit   '@rollup/rollup-darwin-arm64': [ '4.52.3' ],
182 silly audit   '@rollup/rollup-darwin-x64': [ '4.52.3' ],
182 silly audit   '@rollup/rollup-freebsd-arm64': [ '4.52.3' ],
182 silly audit   '@rollup/rollup-freebsd-x64': [ '4.52.3' ],
182 silly audit   '@rollup/rollup-linux-arm-gnueabihf': [ '4.52.3' ],
182 silly audit   '@rollup/rollup-linux-arm-musleabihf': [ '4.52.3' ],
182 silly audit   '@rollup/rollup-linux-arm64-gnu': [ '4.52.3' ],
182 silly audit   '@rollup/rollup-linux-arm64-musl': [ '4.52.3' ],
182 silly audit   '@rollup/rollup-linux-loong64-gnu': [ '4.52.3' ],
182 silly audit   '@rollup/rollup-linux-ppc64-gnu': [ '4.52.3' ],
182 silly audit   '@rollup/rollup-linux-riscv64-gnu': [ '4.52.3' ],
182 silly audit   '@rollup/rollup-linux-riscv64-musl': [ '4.52.3' ],
182 silly audit   '@rollup/rollup-linux-s390x-gnu': [ '4.52.3' ],
182 silly audit   '@rollup/rollup-linux-x64-gnu': [ '4.52.3' ],
182 silly audit   '@rollup/rollup-linux-x64-musl': [ '4.52.3' ],
182 silly audit   '@rollup/rollup-openharmony-arm64': [ '4.52.3' ],
182 silly audit   '@rollup/rollup-win32-arm64-msvc': [ '4.52.3' ],
182 silly audit   '@rollup/rollup-win32-ia32-msvc': [ '4.52.3' ],
182 silly audit   '@rollup/rollup-win32-x64-gnu': [ '4.52.3' ],
182 silly audit   '@rollup/rollup-win32-x64-msvc': [ '4.52.3' ],
182 silly audit   '@rollup/wasm-node': [ '4.52.5' ],
182 silly audit   '@schematics/angular': [ '20.3.8' ],
182 silly audit   '@sigstore/bundle': [ '3.1.0' ],
182 silly audit   '@sigstore/core': [ '2.0.0' ],
182 silly audit   '@sigstore/protobuf-specs': [ '0.4.3' ],
182 silly audit   '@sigstore/sign': [ '3.1.0' ],
182 silly audit   '@sigstore/tuf': [ '3.1.1' ],
182 silly audit   '@sigstore/verify': [ '2.1.1' ],
182 silly audit   '@socket.io/component-emitter': [ '3.1.2' ],
182 silly audit   '@tufjs/canonical-json': [ '2.0.0' ],
182 silly audit   '@tufjs/models': [ '3.0.1' ],
182 silly audit   '@types/cors': [ '2.8.19' ],
182 silly audit   '@types/estree': [ '1.0.8' ],
182 silly audit   '@types/jasmine': [ '5.1.12' ],
182 silly audit   '@types/node': [ '24.10.0' ],
182 silly audit   '@vitejs/plugin-basic-ssl': [ '2.1.0' ],
182 silly audit   '@yarnpkg/lockfile': [ '1.1.0' ],
182 silly audit   abbrev: [ '3.0.1' ],
182 silly audit   accepts: [ '2.0.0', '1.3.8' ],
182 silly audit   'agent-base': [ '7.1.4' ],
182 silly audit   'ajv-formats': [ '3.0.1' ],
182 silly audit   algoliasearch: [ '5.35.0' ],
182 silly audit   'ansi-colors': [ '4.1.3' ],
182 silly audit   'ansi-escapes': [ '7.2.0' ],
182 silly audit   'ansi-regex': [ '6.2.2', '5.0.1' ],
182 silly audit   'ansi-styles': [ '6.2.3', '4.3.0' ],
182 silly audit   anymatch: [ '3.1.3' ],
182 silly audit   picomatch: [ '2.3.1', '4.0.3' ],
182 silly audit   autoprefixer: [ '10.4.21' ],
182 silly audit   'balanced-match': [ '1.0.2' ],
182 silly audit   base64id: [ '2.0.0' ],
182 silly audit   'baseline-browser-mapping': [ '2.8.24' ],
182 silly audit   beasties: [ '0.3.5' ],
182 silly audit   'binary-extensions': [ '2.3.0' ],
182 silly audit   'body-parser': [ '2.2.0', '1.20.3' ],
182 silly audit   'iconv-lite': [ '0.6.3', '0.7.0', '0.4.24' ],
182 silly audit   boolbase: [ '1.0.0' ],
182 silly audit   braces: [ '3.0.3' ],
182 silly audit   browserslist: [ '4.27.0' ],
182 silly audit   'buffer-from': [ '1.1.2' ],
182 silly audit   bytes: [ '3.1.2' ],
182 silly audit   cacache: [ '19.0.1' ],
182 silly audit   chownr: [ '3.0.0', '2.0.0' ],
182 silly audit   tar: [ '7.5.2', '6.2.1' ],
182 silly audit   yallist: [ '5.0.0', '4.0.0', '3.1.1' ],
182 silly audit   'call-bind-apply-helpers': [ '1.0.2' ],
182 silly audit   'call-bound': [ '1.0.4' ],
182 silly audit   'caniuse-lite': [ '1.0.30001753' ],
182 silly audit   chalk: [ '5.6.2' ],
182 silly audit   chardet: [ '2.1.1' ],
182 silly audit   chokidar: [ '4.0.3', '3.6.0' ],
182 silly audit   'cli-cursor': [ '5.0.0' ],
182 silly audit   'cli-spinners': [ '2.9.2' ],
182 silly audit   'cli-truncate': [ '4.0.0' ],
182 silly audit   'cli-width': [ '4.1.0' ],
182 silly audit   cliui: [ '9.0.1', '7.0.4' ],
182 silly audit   'color-convert': [ '2.0.1' ],
182 silly audit   'color-name': [ '1.1.4' ],
182 silly audit   colorette: [ '2.0.20' ],
182 silly audit   commander: [ '14.0.2' ],
182 silly audit   'common-path-prefix': [ '3.0.0' ],
182 silly audit   'concat-map': [ '0.0.1' ],
182 silly audit   connect: [ '3.7.0' ],
182 silly audit   debug: [ '2.6.9', '4.4.3', '4.3.7' ],
182 silly audit   encodeurl: [ '1.0.2', '2.0.0' ],
182 silly audit   finalhandler: [ '1.1.2', '2.1.0' ],
182 silly audit   ms: [ '2.0.0', '2.1.3' ],
182 silly audit   'on-finished': [ '2.3.0', '2.4.1' ],
182 silly audit   statuses: [ '1.5.0', '2.0.1', '2.0.2' ],
182 silly audit   'content-disposition': [ '1.0.0' ],
182 silly audit   'content-type': [ '1.0.5' ],
182 silly audit   cookie: [ '0.7.2' ],
182 silly audit   'cookie-signature': [ '1.2.2' ],
182 silly audit   'copy-anything': [ '2.0.6' ],
182 silly audit   cors: [ '2.8.5' ],
182 silly audit   'cross-spawn': [ '7.0.6' ],
182 silly audit   'css-select': [ '6.0.0' ],
182 silly audit   'css-what': [ '7.0.0' ],
182 silly audit   'custom-event': [ '1.0.1' ],
182 silly audit   'date-format': [ '4.0.14' ],
182 silly audit   depd: [ '2.0.0' ],
182 silly audit   'dependency-graph': [ '1.0.0' ],
182 silly audit   destroy: [ '1.2.0' ],
182 silly audit   di: [ '0.0.1' ],
182 silly audit   'dom-serialize': [ '2.2.1' ],
182 silly audit   'dom-serializer': [ '2.0.0' ],
182 silly audit   domelementtype: [ '2.3.0' ],
182 silly audit   domhandler: [ '5.0.3' ],
182 silly audit   domutils: [ '3.2.2' ],
182 silly audit   'dunder-proto': [ '1.0.1' ],
182 silly audit   eastasianwidth: [ '0.2.0' ],
182 silly audit   'ee-first': [ '1.1.1' ],
182 silly audit   'electron-to-chromium': [ '1.5.245' ],
182 silly audit   encoding: [ '0.1.13' ],
182 silly audit   'engine.io': [ '6.6.4' ],
182 silly audit   'engine.io-parser': [ '5.2.3' ],
182 silly audit   'mime-db': [ '1.52.0', '1.54.0' ],
182 silly audit   'mime-types': [ '2.1.35', '3.0.1' ],
182 silly audit   negotiator: [ '0.6.3', '1.0.0' ],
182 silly audit   ent: [ '2.2.2' ],
182 silly audit   entities: [ '4.5.0', '6.0.1' ],
182 silly audit   'env-paths': [ '2.2.1' ],
182 silly audit   environment: [ '1.1.0' ],
182 silly audit   'err-code': [ '2.0.3' ],
182 silly audit   errno: [ '0.1.8' ],
182 silly audit   'es-define-property': [ '1.0.1' ],
182 silly audit   'es-errors': [ '1.3.0' ],
182 silly audit   'es-object-atoms': [ '1.1.1' ],
182 silly audit   esbuild: [ '0.25.9' ],
182 silly audit   escalade: [ '3.2.0' ],
182 silly audit   'escape-html': [ '1.0.3' ],
182 silly audit   'estree-walker': [ '2.0.2' ],
182 silly audit   etag: [ '1.8.1' ],
182 silly audit   eventemitter3: [ '4.0.7', '5.0.1' ],
182 silly audit   eventsource: [ '3.0.7' ],
182 silly audit   'eventsource-parser': [ '3.0.6' ],
182 silly audit   'exponential-backoff': [ '3.1.3' ],
182 silly audit   express: [ '5.1.0' ],
182 silly audit   'express-rate-limit': [ '7.5.1' ],
182 silly audit   extend: [ '3.0.2' ],
182 silly audit   'fast-deep-equal': [ '3.1.3' ],
182 silly audit   'fast-json-stable-stringify': [ '2.1.0' ],
182 silly audit   'fast-uri': [ '3.1.0' ],
182 silly audit   fdir: [ '6.5.0' ],
182 silly audit   'fill-range': [ '7.1.1' ],
182 silly audit   'find-cache-directory': [ '6.0.0' ],
182 silly audit   'find-up-simple': [ '1.0.1' ],
182 silly audit   flatted: [ '3.3.3' ],
182 silly audit   'follow-redirects': [ '1.15.11' ],
182 silly audit   'foreground-child': [ '3.3.1' ],
182 silly audit   forwarded: [ '0.2.0' ],
182 silly audit   'fraction.js': [ '4.3.7' ],
182 silly audit   fresh: [ '2.0.0' ],
182 silly audit   'fs-extra': [ '8.1.0' ],
182 silly audit   'fs-minipass': [ '3.0.3', '2.1.0' ],
182 silly audit   'fs.realpath': [ '1.0.0' ],
182 silly audit   fsevents: [ '2.3.3' ],
182 silly audit   'function-bind': [ '1.1.2' ],
182 silly audit   gensync: [ '1.0.0-beta.2' ],
182 silly audit   'get-caller-file': [ '2.0.5' ],
182 silly audit   'get-east-asian-width': [ '1.4.0' ],
182 silly audit   'get-intrinsic': [ '1.3.0' ],
182 silly audit   'get-proto': [ '1.0.1' ],
182 silly audit   'glob-parent': [ '5.1.2' ],
182 silly audit   'glob-to-regexp': [ '0.4.1' ],
182 silly audit   gopd: [ '1.2.0' ],
182 silly audit   'graceful-fs': [ '4.2.11' ],
182 silly audit   'has-flag': [ '4.0.0' ],
182 silly audit   'has-symbols': [ '1.1.0' ],
182 silly audit   'has-tostringtag': [ '1.0.2' ],
182 silly audit   hasown: [ '2.0.2' ],
182 silly audit   'html-escaper': [ '2.0.2' ],
182 silly audit   htmlparser2: [ '10.0.0' ],
182 silly audit   'http-cache-semantics': [ '4.2.0' ],
182 silly audit   'http-errors': [ '2.0.0' ],
182 silly audit   'http-proxy': [ '1.18.1' ],
182 silly audit   'http-proxy-agent': [ '7.0.2' ],
182 silly audit   'https-proxy-agent': [ '7.0.6' ],
182 silly audit   'ignore-walk': [ '8.0.0' ],
182 silly audit   'image-size': [ '0.5.5' ],
182 silly audit   immutable: [ '5.1.4' ],
182 silly audit   imurmurhash: [ '0.1.4' ],
182 silly audit   inflight: [ '1.0.6' ],
182 silly audit   inherits: [ '2.0.4' ],
182 silly audit   ini: [ '5.0.0' ],
182 silly audit   'injection-js': [ '2.6.1' ],
182 silly audit   'ip-address': [ '10.0.1' ],
182 silly audit   'ipaddr.js': [ '1.9.1' ],
182 silly audit   'is-binary-path': [ '2.1.0' ],
182 silly audit   'is-core-module': [ '2.16.1' ],
182 silly audit   'is-extglob': [ '2.1.1' ],
182 silly audit   'is-fullwidth-code-point': [ '4.0.0', '3.0.0', '5.1.0' ],
182 silly audit   'is-glob': [ '4.0.3' ],
182 silly audit   'is-interactive': [ '2.0.0' ],
182 silly audit   'is-number': [ '7.0.0' ],
182 silly audit   'is-promise': [ '4.0.0' ],
182 silly audit   'is-regex': [ '1.2.1' ],
182 silly audit   'is-unicode-supported': [ '2.1.0', '1.3.0' ],
182 silly audit   'is-what': [ '3.14.1' ],
182 silly audit   isbinaryfile: [ '4.0.10' ],
182 silly audit   'istanbul-lib-coverage': [ '3.2.2' ],
182 silly audit   'istanbul-lib-instrument': [ '6.0.3', '5.2.1' ],
182 silly audit   'istanbul-lib-report': [ '3.0.1' ],
182 silly audit   'istanbul-lib-source-maps': [ '4.0.1' ],
182 silly audit   'source-map': [ '0.6.1', '0.7.6' ],
182 silly audit   'istanbul-reports': [ '3.2.0' ],
182 silly audit   jackspeak: [ '3.4.3' ],
182 silly audit   'jasmine-core': [ '5.9.0', '4.6.1' ],
182 silly audit   'js-tokens': [ '4.0.0' ],
182 silly audit   jsesc: [ '3.1.0' ],
182 silly audit   'json-parse-even-better-errors': [ '4.0.0' ],
182 silly audit   json5: [ '2.2.3' ],
182 silly audit   'jsonc-parser': [ '3.3.1' ],
182 silly audit   jsonfile: [ '4.0.0' ],
182 silly audit   jsonparse: [ '1.3.1' ],
182 silly audit   karma: [ '6.4.4' ],
182 silly audit   'karma-chrome-launcher': [ '3.2.0' ],
182 silly audit   'karma-coverage': [ '2.2.1' ],
182 silly audit   'karma-jasmine': [ '5.1.0' ],
182 silly audit   'karma-jasmine-html-reporter': [ '2.1.0' ],
182 silly audit   'media-typer': [ '0.3.0', '1.1.0' ],
182 silly audit   qs: [ '6.13.0', '6.14.0' ],
182 silly audit   'raw-body': [ '2.5.2', '3.0.1' ],
182 silly audit   readdirp: [ '3.6.0', '4.1.2' ],
182 silly audit   'strip-ansi': [ '6.0.1', '7.1.2' ],
182 silly audit   'type-is': [ '1.6.18', '2.0.1' ],
182 silly audit   yargs: [ '16.2.0', '18.0.0' ],
182 silly audit   'yargs-parser': [ '20.2.9', '22.0.0' ],
182 silly audit   less: [ '4.4.2' ],
182 silly audit   'make-dir': [ '2.1.0', '4.0.0' ],
182 silly audit   mime: [ '1.6.0', '2.6.0' ],
182 silly audit   listr2: [ '9.0.1' ],
182 silly audit   lmdb: [ '3.4.2' ],
182 silly audit   lodash: [ '4.17.21' ],
182 silly audit   'log-symbols': [ '6.0.0' ],
182 silly audit   'log-update': [ '6.1.0' ],
182 silly audit   'slice-ansi': [ '7.1.2', '5.0.0' ],
182 silly audit   log4js: [ '6.9.1' ],
182 silly audit   'magic-string': [ '0.30.17', '0.30.21' ],
182 silly audit   'make-fetch-happen': [ '14.0.3' ],
182 silly audit   'math-intrinsics': [ '1.1.0' ],
182 silly audit   'merge-descriptors': [ '2.0.0' ],
182 silly audit   micromatch: [ '4.0.8' ],
182 silly audit   'mimic-function': [ '5.0.1' ],
182 silly audit   minimist: [ '1.2.8' ],
182 silly audit   minipass: [ '7.1.2', '3.3.6', '5.0.0' ],
182 silly audit   'minipass-collect': [ '2.0.1' ],
182 silly audit   'minipass-fetch': [ '4.0.1' ],
182 silly audit   'minipass-flush': [ '1.0.5' ],
182 silly audit   'minipass-pipeline': [ '1.2.4' ],
182 silly audit   'minipass-sized': [ '1.0.3' ],
182 silly audit   minizlib: [ '3.1.0', '2.1.2' ],
182 silly audit   mkdirp: [ '0.5.6', '1.0.4' ],
182 silly audit   mrmime: [ '2.0.1' ],
182 silly audit   msgpackr: [ '1.11.5' ],
182 silly audit   'msgpackr-extract': [ '3.0.3' ],
182 silly audit   'mute-stream': [ '2.0.0' ],
182 silly audit   nanoid: [ '3.3.11' ],
182 silly audit   needle: [ '3.3.1' ],
182 silly audit   'ng-packagr': [ '20.3.0' ],
182 silly audit   'node-gyp': [ '11.5.0' ],
182 silly audit   'node-gyp-build-optional-packages': [ '5.2.2' ],
182 silly audit   'node-releases': [ '2.0.27' ],
182 silly audit   nopt: [ '8.1.0' ],
182 silly audit   'normalize-path': [ '3.0.0' ],
182 silly audit   'normalize-range': [ '0.1.2' ],
182 silly audit   'npm-bundled': [ '4.0.0' ],
182 silly audit   'npm-install-checks': [ '7.1.2' ],
182 silly audit   'npm-normalize-package-bin': [ '4.0.0' ],
182 silly audit   'npm-package-arg': [ '13.0.0', '12.0.2' ],
182 silly audit   'npm-packlist': [ '10.0.3' ],
182 silly audit   'proc-log': [ '6.0.0', '5.0.0' ],
182 silly audit   'npm-pick-manifest': [ '10.0.0' ],
182 silly audit   'npm-registry-fetch': [ '18.0.2' ],
182 silly audit   'nth-check': [ '2.1.1' ],
182 silly audit   'object-assign': [ '4.1.1' ],
182 silly audit   'object-inspect': [ '1.13.4' ],
182 silly audit   once: [ '1.4.0' ],
182 silly audit   onetime: [ '7.0.0' ],
182 silly audit   ora: [ '8.2.0' ],
182 silly audit   'ordered-binary': [ '1.6.0' ],
182 silly audit   'p-map': [ '7.0.3' ],
182 silly audit   'package-json-from-dist': [ '1.0.1' ],
182 silly audit   pacote: [ '21.0.0' ],
182 silly audit   'parse-node-version': [ '1.0.1' ],
182 silly audit   parse5: [ '8.0.0' ],
182 silly audit   'parse5-html-rewriting-stream': [ '8.0.0' ],
182 silly audit   'parse5-sax-parser': [ '8.0.0' ],
182 silly audit   parseurl: [ '1.3.3' ],
182 silly audit   'path-is-absolute': [ '1.0.1' ],
182 silly audit   'path-key': [ '3.1.1' ],
182 silly audit   'path-parse': [ '1.0.7' ],
182 silly audit   'path-scurry': [ '1.11.1' ],
182 silly audit   'path-to-regexp': [ '8.3.0' ],
182 silly audit   picocolors: [ '1.1.1' ],
182 silly audit   pify: [ '4.0.1' ],
182 silly audit   piscina: [ '5.1.3' ],
182 silly audit   'pkce-challenge': [ '5.0.0' ],
182 silly audit   'pkg-dir': [ '8.0.0' ],
182 silly audit   postcss: [ '8.5.6' ],
182 silly audit   'postcss-media-query-parser': [ '0.2.3' ],
182 silly audit   'postcss-value-parser': [ '4.2.0' ],
182 silly audit   'promise-retry': [ '2.0.1' ],
182 silly audit   'proxy-addr': [ '2.0.7' ],
182 silly audit   prr: [ '1.0.1' ],
182 silly audit   punycode: [ '1.4.1', '2.3.1' ],
182 silly audit   qjobs: [ '1.2.0' ],
182 silly audit   'range-parser': [ '1.2.1' ],
182 silly audit   'reflect-metadata': [ '0.2.2' ],
182 silly audit   'require-directory': [ '2.1.1' ],
182 silly audit   'require-from-string': [ '2.0.2' ],
182 silly audit   'requires-port': [ '1.0.0' ],
182 silly audit   resolve: [ '1.22.10' ],
182 silly audit   'restore-cursor': [ '5.1.0' ],
182 silly audit   retry: [ '0.12.0' ],
182 silly audit   rfdc: [ '1.4.1' ],
182 silly audit   rimraf: [ '3.0.2' ],
182 silly audit   rollup: [ '4.52.3' ],
182 silly audit   'rollup-plugin-dts': [ '6.2.3' ],
182 silly audit   router: [ '2.2.0' ],
182 silly audit   rxjs: [ '7.8.2' ],
182 silly audit   'safe-buffer': [ '5.2.1' ],
182 silly audit   'safe-regex-test': [ '1.1.0' ],
182 silly audit   'safer-buffer': [ '2.1.2' ],
182 silly audit   sass: [ '1.90.0' ],
182 silly audit   sax: [ '1.4.3' ],
182 silly audit   send: [ '1.2.0' ],
182 silly audit   'serve-static': [ '2.2.0' ],
182 silly audit   setprototypeof: [ '1.2.0' ],
182 silly audit   'shebang-command': [ '2.0.0' ],
182 silly audit   'shebang-regex': [ '3.0.0' ],
182 silly audit   'side-channel': [ '1.1.0' ],
182 silly audit   'side-channel-list': [ '1.0.0' ],
182 silly audit   'side-channel-map': [ '1.0.1' ],
182 silly audit   'side-channel-weakmap': [ '1.0.2' ],
182 silly audit   'signal-exit': [ '4.1.0' ],
182 silly audit   sigstore: [ '3.1.0' ],
182 silly audit   'smart-buffer': [ '4.2.0' ],
182 silly audit   'socket.io': [ '4.8.1' ],
182 silly audit   'socket.io-adapter': [ '2.5.5' ],
182 silly audit   'socket.io-parser': [ '4.2.4' ],
182 silly audit   socks: [ '2.8.7' ],
182 silly audit   'socks-proxy-agent': [ '8.0.5' ],
182 silly audit   'source-map-js': [ '1.2.1' ],
182 silly audit   'source-map-support': [ '0.5.21' ],
182 silly audit   'spdx-correct': [ '3.2.0' ],
182 silly audit   'spdx-exceptions': [ '2.5.0' ],
182 silly audit   'spdx-expression-parse': [ '3.0.1' ],
182 silly audit   'spdx-license-ids': [ '3.0.22' ],
182 silly audit   ssri: [ '12.0.0' ],
182 silly audit   'stdin-discarder': [ '0.2.2' ],
182 silly audit   streamroller: [ '3.1.5' ],
182 silly audit   'supports-color': [ '7.2.0' ],
182 silly audit   'supports-preserve-symlinks-flag': [ '1.0.0' ],
182 silly audit   tailwindcss: [ '4.1.16' ],
182 silly audit   tinyglobby: [ '0.2.14', '0.2.15' ],
182 silly audit   tmp: [ '0.2.5' ],
182 silly audit   'to-regex-range': [ '5.0.1' ],
182 silly audit   toidentifier: [ '1.0.1' ],
182 silly audit   tslib: [ '2.8.1' ],
182 silly audit   'tuf-js': [ '3.1.0' ],
182 silly audit   typescript: [ '5.9.3' ],
182 silly audit   'ua-parser-js': [ '0.7.41' ],
182 silly audit   'undici-types': [ '7.16.0' ],
182 silly audit   'unique-filename': [ '4.0.0' ],
182 silly audit   'unique-slug': [ '5.0.0' ],
182 silly audit   universalify: [ '0.1.2' ],
182 silly audit   unpipe: [ '1.0.0' ],
182 silly audit   'update-browserslist-db': [ '1.1.4' ],
182 silly audit   'uri-js': [ '4.4.1' ],
182 silly audit   'utils-merge': [ '1.0.1' ],
182 silly audit   'validate-npm-package-license': [ '3.0.4' ],
182 silly audit   'validate-npm-package-name': [ '6.0.2' ],
182 silly audit   vary: [ '1.1.2' ],
182 silly audit   vite: [ '7.1.11' ],
182 silly audit   'void-elements': [ '2.0.1' ],
182 silly audit   watchpack: [ '2.4.4' ],
182 silly audit   'weak-lru-cache': [ '1.2.2' ],
182 silly audit   wrappy: [ '1.0.2' ],
182 silly audit   ws: [ '8.17.1' ],
182 silly audit   y18n: [ '5.0.8' ],
182 silly audit   'yoctocolors-cjs': [ '2.1.3' ],
182 silly audit   zod: [ '3.25.76' ],
182 silly audit   'zod-to-json-schema': [ '3.24.6' ],
182 silly audit   'zone.js': [ '0.15.1' ],
182 silly audit   '@tailwindcss/postcss': [ '4.1.16' ],
182 silly audit   '@alloc/quick-lru': [ '5.2.0' ],
182 silly audit   '@tailwindcss/node': [ '4.1.16' ],
182 silly audit   '@tailwindcss/oxide': [ '4.1.16' ],
182 silly audit   '@jridgewell/remapping': [ '2.3.5' ],
182 silly audit   'enhanced-resolve': [ '5.18.3' ],
182 silly audit   jiti: [ '2.6.1' ],
182 silly audit   lightningcss: [ '1.30.2' ],
182 silly audit   '@tailwindcss/oxide-android-arm64': [ '4.1.16' ],
182 silly audit   '@tailwindcss/oxide-darwin-arm64': [ '4.1.16' ],
182 silly audit   '@tailwindcss/oxide-darwin-x64': [ '4.1.16' ],
182 silly audit   '@tailwindcss/oxide-freebsd-x64': [ '4.1.16' ],
182 silly audit   '@tailwindcss/oxide-linux-arm-gnueabihf': [ '4.1.16' ],
182 silly audit   '@tailwindcss/oxide-linux-arm64-gnu': [ '4.1.16' ],
182 silly audit   '@tailwindcss/oxide-linux-arm64-musl': [ '4.1.16' ],
182 silly audit   '@tailwindcss/oxide-linux-x64-gnu': [ '4.1.16' ],
182 silly audit   '@tailwindcss/oxide-linux-x64-musl': [ '4.1.16' ],
182 silly audit   '@tailwindcss/oxide-win32-arm64-msvc': [ '4.1.16' ],
182 silly audit   '@tailwindcss/oxide-win32-x64-msvc': [ '4.1.16' ],
182 silly audit   tapable: [ '2.3.0' ],
182 silly audit   'lightningcss-android-arm64': [ '1.30.2' ],
182 silly audit   'lightningcss-darwin-arm64': [ '1.30.2' ],
182 silly audit   'lightningcss-darwin-x64': [ '1.30.2' ],
182 silly audit   'lightningcss-freebsd-x64': [ '1.30.2' ],
182 silly audit   'lightningcss-linux-arm-gnueabihf': [ '1.30.2' ],
182 silly audit   'lightningcss-linux-arm64-gnu': [ '1.30.2' ],
182 silly audit   'lightningcss-linux-arm64-musl': [ '1.30.2' ],
182 silly audit   'lightningcss-linux-x64-gnu': [ '1.30.2' ],
182 silly audit   'lightningcss-linux-x64-musl': [ '1.30.2' ],
182 silly audit   'lightningcss-win32-arm64-msvc': [ '1.30.2' ],
182 silly audit   'lightningcss-win32-x64-msvc': [ '1.30.2' ],
182 silly audit   '@tailwindcss/oxide-wasm32-wasi': [ '4.1.16' ]
182 silly audit }
183 verbose reify failed optional dependency /Users/bao312/Desktop/test123/node_modules/lightningcss-win32-x64-msvc
184 silly reify mark deleted [
184 silly reify   '/Users/bao312/Desktop/test123/node_modules/lightningcss-win32-x64-msvc'
184 silly reify ]
185 verbose reify failed optional dependency /Users/bao312/Desktop/test123/node_modules/lightningcss-win32-arm64-msvc
186 silly reify mark deleted [
186 silly reify   '/Users/bao312/Desktop/test123/node_modules/lightningcss-win32-arm64-msvc'
186 silly reify ]
187 verbose reify failed optional dependency /Users/bao312/Desktop/test123/node_modules/lightningcss-linux-x64-musl
188 silly reify mark deleted [
188 silly reify   '/Users/bao312/Desktop/test123/node_modules/lightningcss-linux-x64-musl'
188 silly reify ]
189 verbose reify failed optional dependency /Users/bao312/Desktop/test123/node_modules/lightningcss-linux-x64-gnu
190 silly reify mark deleted [
190 silly reify   '/Users/bao312/Desktop/test123/node_modules/lightningcss-linux-x64-gnu'
190 silly reify ]
191 verbose reify failed optional dependency /Users/bao312/Desktop/test123/node_modules/lightningcss-linux-arm64-musl
192 silly reify mark deleted [
192 silly reify   '/Users/bao312/Desktop/test123/node_modules/lightningcss-linux-arm64-musl'
192 silly reify ]
193 verbose reify failed optional dependency /Users/bao312/Desktop/test123/node_modules/lightningcss-linux-arm64-gnu
194 silly reify mark deleted [
194 silly reify   '/Users/bao312/Desktop/test123/node_modules/lightningcss-linux-arm64-gnu'
194 silly reify ]
195 verbose reify failed optional dependency /Users/bao312/Desktop/test123/node_modules/lightningcss-linux-arm-gnueabihf
196 silly reify mark deleted [
196 silly reify   '/Users/bao312/Desktop/test123/node_modules/lightningcss-linux-arm-gnueabihf'
196 silly reify ]
197 verbose reify failed optional dependency /Users/bao312/Desktop/test123/node_modules/lightningcss-freebsd-x64
198 silly reify mark deleted [
198 silly reify   '/Users/bao312/Desktop/test123/node_modules/lightningcss-freebsd-x64'
198 silly reify ]
199 verbose reify failed optional dependency /Users/bao312/Desktop/test123/node_modules/lightningcss-darwin-x64
200 silly reify mark deleted [
200 silly reify   '/Users/bao312/Desktop/test123/node_modules/lightningcss-darwin-x64'
200 silly reify ]
201 verbose reify failed optional dependency /Users/bao312/Desktop/test123/node_modules/lightningcss-android-arm64
202 silly reify mark deleted [
202 silly reify   '/Users/bao312/Desktop/test123/node_modules/lightningcss-android-arm64'
202 silly reify ]
203 verbose reify failed optional dependency /Users/bao312/Desktop/test123/node_modules/@tailwindcss/oxide-win32-x64-msvc
204 silly reify mark deleted [
204 silly reify   '/Users/bao312/Desktop/test123/node_modules/@tailwindcss/oxide-win32-x64-msvc'
204 silly reify ]
205 verbose reify failed optional dependency /Users/bao312/Desktop/test123/node_modules/@tailwindcss/oxide-win32-arm64-msvc
206 silly reify mark deleted [
206 silly reify   '/Users/bao312/Desktop/test123/node_modules/@tailwindcss/oxide-win32-arm64-msvc'
206 silly reify ]
207 verbose reify failed optional dependency /Users/bao312/Desktop/test123/node_modules/@tailwindcss/oxide-linux-x64-musl
208 silly reify mark deleted [
208 silly reify   '/Users/bao312/Desktop/test123/node_modules/@tailwindcss/oxide-linux-x64-musl'
208 silly reify ]
209 verbose reify failed optional dependency /Users/bao312/Desktop/test123/node_modules/@tailwindcss/oxide-linux-x64-gnu
210 silly reify mark deleted [
210 silly reify   '/Users/bao312/Desktop/test123/node_modules/@tailwindcss/oxide-linux-x64-gnu'
210 silly reify ]
211 verbose reify failed optional dependency /Users/bao312/Desktop/test123/node_modules/@tailwindcss/oxide-linux-arm64-musl
212 silly reify mark deleted [
212 silly reify   '/Users/bao312/Desktop/test123/node_modules/@tailwindcss/oxide-linux-arm64-musl'
212 silly reify ]
213 verbose reify failed optional dependency /Users/bao312/Desktop/test123/node_modules/@tailwindcss/oxide-linux-arm64-gnu
214 silly reify mark deleted [
214 silly reify   '/Users/bao312/Desktop/test123/node_modules/@tailwindcss/oxide-linux-arm64-gnu'
214 silly reify ]
215 verbose reify failed optional dependency /Users/bao312/Desktop/test123/node_modules/@tailwindcss/oxide-linux-arm-gnueabihf
216 silly reify mark deleted [
216 silly reify   '/Users/bao312/Desktop/test123/node_modules/@tailwindcss/oxide-linux-arm-gnueabihf'
216 silly reify ]
217 verbose reify failed optional dependency /Users/bao312/Desktop/test123/node_modules/@tailwindcss/oxide-freebsd-x64
218 silly reify mark deleted [
218 silly reify   '/Users/bao312/Desktop/test123/node_modules/@tailwindcss/oxide-freebsd-x64'
218 silly reify ]
219 verbose reify failed optional dependency /Users/bao312/Desktop/test123/node_modules/@tailwindcss/oxide-darwin-x64
220 silly reify mark deleted [
220 silly reify   '/Users/bao312/Desktop/test123/node_modules/@tailwindcss/oxide-darwin-x64'
220 silly reify ]
221 verbose reify failed optional dependency /Users/bao312/Desktop/test123/node_modules/@tailwindcss/oxide-android-arm64
222 silly reify mark deleted [
222 silly reify   '/Users/bao312/Desktop/test123/node_modules/@tailwindcss/oxide-android-arm64'
222 silly reify ]
223 http cache lightningcss-darwin-arm64@https://registry.npmjs.org/lightningcss-darwin-arm64/-/lightningcss-darwin-arm64-1.30.2.tgz 0ms (cache hit)
224 http cache @tailwindcss/oxide-darwin-arm64@https://registry.npmjs.org/@tailwindcss/oxide-darwin-arm64/-/oxide-darwin-arm64-4.1.16.tgz 0ms (cache hit)
225 http cache lightningcss@https://registry.npmjs.org/lightningcss/-/lightningcss-1.30.2.tgz 0ms (cache hit)
226 http cache jiti@https://registry.npmjs.org/jiti/-/jiti-2.6.1.tgz 0ms (cache hit)
227 http cache @jridgewell/remapping@https://registry.npmjs.org/@jridgewell/remapping/-/remapping-2.3.5.tgz 0ms (cache hit)
228 http cache enhanced-resolve@https://registry.npmjs.org/enhanced-resolve/-/enhanced-resolve-5.18.3.tgz 0ms (cache hit)
229 http cache tapable@https://registry.npmjs.org/tapable/-/tapable-2.3.0.tgz 0ms (cache hit)
230 http cache @tailwindcss/oxide@https://registry.npmjs.org/@tailwindcss/oxide/-/oxide-4.1.16.tgz 0ms (cache hit)
231 http cache @tailwindcss/node@https://registry.npmjs.org/@tailwindcss/node/-/node-4.1.16.tgz 0ms (cache hit)
232 http cache magic-string@https://registry.npmjs.org/magic-string/-/magic-string-0.30.21.tgz 0ms (cache hit)
233 http cache @alloc/quick-lru@https://registry.npmjs.org/@alloc/quick-lru/-/quick-lru-5.2.0.tgz 0ms (cache hit)
234 silly tarball no local data for lightningcss-darwin-arm64@https://registry.npmjs.org/lightningcss-darwin-arm64/-/lightningcss-darwin-arm64-1.30.2.tgz. Extracting by manifest.
235 silly tarball no local data for @tailwindcss/oxide-darwin-arm64@https://registry.npmjs.org/@tailwindcss/oxide-darwin-arm64/-/oxide-darwin-arm64-4.1.16.tgz. Extracting by manifest.
236 silly tarball no local data for lightningcss@https://registry.npmjs.org/lightningcss/-/lightningcss-1.30.2.tgz. Extracting by manifest.
237 silly tarball no local data for jiti@https://registry.npmjs.org/jiti/-/jiti-2.6.1.tgz. Extracting by manifest.
238 silly tarball no local data for @jridgewell/remapping@https://registry.npmjs.org/@jridgewell/remapping/-/remapping-2.3.5.tgz. Extracting by manifest.
239 silly tarball no local data for enhanced-resolve@https://registry.npmjs.org/enhanced-resolve/-/enhanced-resolve-5.18.3.tgz. Extracting by manifest.
240 silly tarball no local data for tapable@https://registry.npmjs.org/tapable/-/tapable-2.3.0.tgz. Extracting by manifest.
241 silly tarball no local data for @tailwindcss/oxide@https://registry.npmjs.org/@tailwindcss/oxide/-/oxide-4.1.16.tgz. Extracting by manifest.
242 silly tarball no local data for @tailwindcss/node@https://registry.npmjs.org/@tailwindcss/node/-/node-4.1.16.tgz. Extracting by manifest.
243 http cache @tailwindcss/postcss@https://registry.npmjs.org/@tailwindcss/postcss/-/postcss-4.1.16.tgz 0ms (cache hit)
244 silly tarball no local data for magic-string@https://registry.npmjs.org/magic-string/-/magic-string-0.30.21.tgz. Extracting by manifest.
245 silly tarball no local data for @alloc/quick-lru@https://registry.npmjs.org/@alloc/quick-lru/-/quick-lru-5.2.0.tgz. Extracting by manifest.
246 silly tarball no local data for @tailwindcss/postcss@https://registry.npmjs.org/@tailwindcss/postcss/-/postcss-4.1.16.tgz. Extracting by manifest.
247 http fetch GET 200 https://registry.npmjs.org/lightningcss/-/lightningcss-1.30.2.tgz 99ms (cache miss)
248 http fetch GET 200 https://registry.npmjs.org/enhanced-resolve/-/enhanced-resolve-5.18.3.tgz 100ms (cache miss)
249 http fetch GET 200 https://registry.npmjs.org/@tailwindcss/postcss/-/postcss-4.1.16.tgz 248ms (cache miss)
250 http fetch GET 200 https://registry.npmjs.org/magic-string/-/magic-string-0.30.21.tgz 360ms (cache miss)
251 http fetch GET 200 https://registry.npmjs.org/@tailwindcss/oxide-darwin-arm64/-/oxide-darwin-arm64-4.1.16.tgz 406ms (cache miss)
252 http fetch GET 200 https://registry.npmjs.org/tapable/-/tapable-2.3.0.tgz 502ms (cache miss)
253 http fetch GET 200 https://registry.npmjs.org/@tailwindcss/oxide/-/oxide-4.1.16.tgz 554ms (cache miss)
254 http fetch GET 200 https://registry.npmjs.org/@alloc/quick-lru/-/quick-lru-5.2.0.tgz 566ms (cache miss)
255 http fetch GET 200 https://registry.npmjs.org/@tailwindcss/node/-/node-4.1.16.tgz 569ms (cache miss)
256 http fetch GET 200 https://registry.npmjs.org/jiti/-/jiti-2.6.1.tgz 577ms (cache miss)
257 http fetch GET 200 https://registry.npmjs.org/lightningcss-darwin-arm64/-/lightningcss-darwin-arm64-1.30.2.tgz 595ms (cache miss)
258 http fetch POST 200 https://registry.npmjs.org/-/npm/v1/security/advisories/bulk 631ms
259 silly audit report {}
260 http fetch GET 200 https://registry.npmjs.org/@jridgewell/remapping/-/remapping-2.3.5.tgz 834ms (cache miss)
261 silly ADD node_modules/lightningcss-win32-x64-msvc
262 silly ADD node_modules/lightningcss-win32-arm64-msvc
263 silly ADD node_modules/lightningcss-linux-x64-musl
264 silly ADD node_modules/lightningcss-linux-x64-gnu
265 silly ADD node_modules/lightningcss-linux-arm64-musl
266 silly ADD node_modules/lightningcss-linux-arm64-gnu
267 silly ADD node_modules/lightningcss-linux-arm-gnueabihf
268 silly ADD node_modules/lightningcss-freebsd-x64
269 silly ADD node_modules/lightningcss-darwin-x64
270 silly ADD node_modules/lightningcss-darwin-arm64
271 silly ADD node_modules/lightningcss-android-arm64
272 silly ADD node_modules/tapable
273 silly ADD node_modules/@tailwindcss/oxide-win32-x64-msvc
274 silly ADD node_modules/@tailwindcss/oxide-win32-arm64-msvc
275 silly ADD node_modules/@tailwindcss/oxide-wasm32-wasi
276 silly ADD node_modules/@tailwindcss/oxide-linux-x64-musl
277 silly ADD node_modules/@tailwindcss/oxide-linux-x64-gnu
278 silly ADD node_modules/@tailwindcss/oxide-linux-arm64-musl
279 silly ADD node_modules/@tailwindcss/oxide-linux-arm64-gnu
280 silly ADD node_modules/@tailwindcss/oxide-linux-arm-gnueabihf
281 silly ADD node_modules/@tailwindcss/oxide-freebsd-x64
282 silly ADD node_modules/@tailwindcss/oxide-darwin-x64
283 silly ADD node_modules/@tailwindcss/oxide-darwin-arm64
284 silly ADD node_modules/@tailwindcss/oxide-android-arm64
285 silly ADD node_modules/lightningcss
286 silly ADD node_modules/jiti
287 silly ADD node_modules/enhanced-resolve
288 silly ADD node_modules/@jridgewell/remapping
289 silly ADD node_modules/@tailwindcss/oxide
290 silly ADD node_modules/@tailwindcss/node
291 silly ADD node_modules/@tailwindcss/node/node_modules/magic-string
292 silly ADD node_modules/@alloc/quick-lru
293 silly ADD node_modules/@tailwindcss/postcss
294 verbose cwd /Users/bao312/Desktop/test123
295 verbose os Darwin 24.6.0
296 verbose node v24.10.0
297 verbose npm  v11.6.0
298 verbose exit 0
299 info ok
