0 verbose cli /opt/homebrew/Cellar/node/24.10.0_1/bin/node /opt/homebrew/bin/npm
1 info using npm@11.6.0
2 info using node@v24.10.0
3 silly config load:file:/opt/homebrew/lib/node_modules/npm/npmrc
4 silly config load:file:/Users/bao312/Desktop/test123/.npmrc
5 silly config load:file:/Users/bao312/.npmrc
6 silly config load:file:/opt/homebrew/etc/npmrc
7 verbose title npm install tailwindcss@3.4.13
8 verbose argv "install" "--save-dev" "tailwindcss@3.4.13"
9 verbose logfile logs-max:10 dir:/Users/bao312/Desktop/test123/.npm-cache/_logs/2025-11-05T07_22_52_437Z-
10 verbose logfile /Users/bao312/Desktop/test123/.npm-cache/_logs/2025-11-05T07_22_52_437Z-debug-0.log
11 silly logfile done cleaning log files
12 silly packumentCache heap:4496293888 maxSize:1124073472 maxEntrySize:562036736
13 silly idealTree buildDeps
14 silly fetch manifest tailwindcss@3.4.13
15 silly packumentCache full:https://registry.npmjs.org/tailwindcss cache-miss
16 http fetch GET 200 https://registry.npmjs.org/tailwindcss 286ms (cache revalidated)
17 silly packumentCache full:https://registry.npmjs.org/tailwindcss set size:9825584 disposed:false
18 silly placeDep ROOT tailwindcss@3.4.13 REPLACE for: test123@0.0.0 want: 3.4.13
19 silly fetch manifest arg@^5.0.2
20 silly packumentCache full:https://registry.npmjs.org/arg cache-miss
21 silly fetch manifest dlv@^1.1.3
22 silly packumentCache full:https://registry.npmjs.org/dlv cache-miss
23 silly fetch manifest jiti@^1.21.0
24 silly packumentCache full:https://registry.npmjs.org/jiti cache-miss
25 silly fetch manifest sucrase@^3.32.0
26 silly packumentCache full:https://registry.npmjs.org/sucrase cache-miss
27 silly fetch manifest chokidar@^3.5.3
28 silly packumentCache full:https://registry.npmjs.org/chokidar cache-miss
29 silly fetch manifest fast-glob@^3.3.0
30 silly packumentCache full:https://registry.npmjs.org/fast-glob cache-miss
31 silly fetch manifest lilconfig@^2.1.0
32 silly packumentCache full:https://registry.npmjs.org/lilconfig cache-miss
33 http fetch GET 200 https://registry.npmjs.org/arg 71ms (cache miss)
34 silly packumentCache full:https://registry.npmjs.org/arg set size:undefined disposed:false
35 silly fetch manifest didyoumean@^1.2.2
36 silly packumentCache full:https://registry.npmjs.org/didyoumean cache-miss
37 http fetch GET 200 https://registry.npmjs.org/didyoumean 78ms (cache miss)
38 silly packumentCache full:https://registry.npmjs.org/didyoumean set size:undefined disposed:false
39 silly fetch manifest postcss-js@^4.0.1
40 silly packumentCache full:https://registry.npmjs.org/postcss-js cache-miss
41 http fetch GET 200 https://registry.npmjs.org/dlv 173ms (cache miss)
42 silly packumentCache full:https://registry.npmjs.org/dlv set size:undefined disposed:false
43 silly fetch manifest glob-parent@^6.0.2
44 silly packumentCache full:https://registry.npmjs.org/glob-parent cache-miss
45 http fetch GET 200 https://registry.npmjs.org/lilconfig 174ms (cache miss)
46 silly packumentCache full:https://registry.npmjs.org/lilconfig set size:undefined disposed:false
47 silly fetch manifest object-hash@^3.0.0
48 silly packumentCache full:https://registry.npmjs.org/object-hash cache-miss
49 http fetch GET 200 https://registry.npmjs.org/jiti 191ms (cache revalidated)
50 silly packumentCache full:https://registry.npmjs.org/jiti set size:382310 disposed:false
51 silly fetch manifest postcss-import@^15.1.0
52 silly packumentCache full:https://registry.npmjs.org/postcss-import cache-miss
53 http fetch GET 200 https://registry.npmjs.org/sucrase 196ms (cache miss)
54 silly packumentCache full:https://registry.npmjs.org/sucrase set size:undefined disposed:false
55 silly fetch manifest postcss-nested@^6.0.1
56 silly packumentCache full:https://registry.npmjs.org/postcss-nested cache-miss
57 http fetch GET 200 https://registry.npmjs.org/chokidar 201ms (cache miss)
58 silly packumentCache full:https://registry.npmjs.org/chokidar set size:undefined disposed:false
59 silly fetch manifest @alloc/quick-lru@^5.2.0
60 silly packumentCache full:https://registry.npmjs.org/@alloc%2fquick-lru cache-miss
61 http fetch GET 200 https://registry.npmjs.org/postcss-js 67ms (cache miss)
62 silly packumentCache full:https://registry.npmjs.org/postcss-js set size:undefined disposed:false
63 silly fetch manifest postcss-load-config@^4.0.1
64 silly packumentCache full:https://registry.npmjs.org/postcss-load-config cache-miss
65 http fetch GET 200 https://registry.npmjs.org/fast-glob 226ms (cache miss)
66 silly packumentCache full:https://registry.npmjs.org/fast-glob set size:undefined disposed:false
67 silly fetch manifest postcss-selector-parser@^6.0.11
68 silly packumentCache full:https://registry.npmjs.org/postcss-selector-parser cache-miss
69 http fetch GET 200 https://registry.npmjs.org/glob-parent 55ms (cache miss)
70 silly packumentCache full:https://registry.npmjs.org/glob-parent set size:undefined disposed:false
71 http fetch GET 200 https://registry.npmjs.org/object-hash 55ms (cache miss)
72 silly packumentCache full:https://registry.npmjs.org/object-hash set size:undefined disposed:false
73 http fetch GET 200 https://registry.npmjs.org/postcss-import 60ms (cache miss)
74 silly packumentCache full:https://registry.npmjs.org/postcss-import set size:undefined disposed:false
75 http fetch GET 200 https://registry.npmjs.org/postcss-nested 61ms (cache miss)
76 silly packumentCache full:https://registry.npmjs.org/postcss-nested set size:undefined disposed:false
77 http fetch GET 200 https://registry.npmjs.org/@alloc%2fquick-lru 79ms (cache revalidated)
78 silly packumentCache full:https://registry.npmjs.org/@alloc%2fquick-lru set size:7269 disposed:false
79 http fetch GET 200 https://registry.npmjs.org/postcss-load-config 75ms (cache miss)
80 silly packumentCache full:https://registry.npmjs.org/postcss-load-config set size:undefined disposed:false
81 http fetch GET 200 https://registry.npmjs.org/postcss-selector-parser 74ms (cache miss)
82 silly packumentCache full:https://registry.npmjs.org/postcss-selector-parser set size:undefined disposed:false
83 silly fetch manifest postcss@^8.4.23
84 silly packumentCache full:https://registry.npmjs.org/postcss cache-miss
85 http fetch GET 200 https://registry.npmjs.org/postcss 66ms (cache revalidated)
86 silly packumentCache full:https://registry.npmjs.org/postcss set size:696248 disposed:false
87 silly fetch manifest ts-node@>=9.0.0
88 silly packumentCache full:https://registry.npmjs.org/ts-node cache-miss
89 http fetch GET 200 https://registry.npmjs.org/ts-node 62ms (cache miss)
90 silly packumentCache full:https://registry.npmjs.org/ts-node set size:undefined disposed:false
91 silly fetch manifest @swc/core@>=1.2.50
92 silly packumentCache full:https://registry.npmjs.org/@swc%2fcore cache-miss
93 http fetch GET 200 https://registry.npmjs.org/@swc%2fcore 163ms (cache miss)
94 silly packumentCache full:https://registry.npmjs.org/@swc%2fcore set size:undefined disposed:false
95 silly fetch manifest @swc/helpers@>=0.5.17
96 silly packumentCache full:https://registry.npmjs.org/@swc%2fhelpers cache-miss
97 http fetch GET 200 https://registry.npmjs.org/@swc%2fhelpers 93ms (cache miss)
98 silly packumentCache full:https://registry.npmjs.org/@swc%2fhelpers set size:undefined disposed:false
99 silly fetch manifest @swc/wasm@>=1.2.50
100 silly packumentCache full:https://registry.npmjs.org/@swc%2fwasm cache-miss
101 http fetch GET 200 https://registry.npmjs.org/@swc%2fwasm 179ms (cache miss)
102 silly packumentCache full:https://registry.npmjs.org/@swc%2fwasm set size:undefined disposed:false
103 silly fetch manifest @types/node@*
104 silly packumentCache full:https://registry.npmjs.org/@types%2fnode cache-miss
105 http fetch GET 200 https://registry.npmjs.org/@types%2fnode 430ms (cache miss)
106 silly packumentCache full:https://registry.npmjs.org/@types%2fnode set size:undefined disposed:false
107 silly fetch manifest typescript@>=2.7
108 silly packumentCache full:https://registry.npmjs.org/typescript cache-miss
109 http fetch GET 200 https://registry.npmjs.org/typescript 615ms (cache updated)
110 silly packumentCache full:https://registry.npmjs.org/typescript set size:undefined disposed:false
111 silly placeDep ROOT @alloc/quick-lru@5.2.0 OK for: tailwindcss@3.4.13 want: ^5.2.0
112 silly placeDep ROOT arg@5.0.2 OK for: tailwindcss@3.4.13 want: ^5.0.2
113 silly placeDep node_modules/tailwindcss chokidar@3.6.0 OK for: tailwindcss@3.4.13 want: ^3.5.3
114 silly placeDep ROOT didyoumean@1.2.2 OK for: tailwindcss@3.4.13 want: ^1.2.2
115 silly placeDep ROOT dlv@1.1.3 OK for: tailwindcss@3.4.13 want: ^1.1.3
116 silly placeDep ROOT fast-glob@3.3.3 OK for: tailwindcss@3.4.13 want: ^3.3.0
117 silly placeDep node_modules/tailwindcss glob-parent@6.0.2 OK for: tailwindcss@3.4.13 want: ^6.0.2
118 silly placeDep ROOT jiti@1.21.7 OK for: tailwindcss@3.4.13 want: ^1.21.0
119 silly placeDep ROOT lilconfig@2.1.0 OK for: tailwindcss@3.4.13 want: ^2.1.0
120 silly placeDep ROOT object-hash@3.0.0 OK for: tailwindcss@3.4.13 want: ^3.0.0
121 silly placeDep ROOT postcss-import@15.1.0 OK for: tailwindcss@3.4.13 want: ^15.1.0
122 silly placeDep ROOT postcss-js@4.1.0 OK for: tailwindcss@3.4.13 want: ^4.0.1
123 silly placeDep ROOT postcss-load-config@4.0.2 OK for: tailwindcss@3.4.13 want: ^4.0.1
124 silly placeDep ROOT postcss-nested@6.2.0 OK for: tailwindcss@3.4.13 want: ^6.0.1
125 silly placeDep ROOT postcss-selector-parser@6.1.2 OK for: tailwindcss@3.4.13 want: ^6.0.11
126 silly placeDep ROOT sucrase@3.35.0 OK for: tailwindcss@3.4.13 want: ^3.32.0
127 silly fetch manifest readdirp@~3.6.0
128 silly packumentCache full:https://registry.npmjs.org/readdirp cache-miss
129 silly fetch manifest @nodelib/fs.stat@^2.0.2
130 silly packumentCache full:https://registry.npmjs.org/@nodelib%2ffs.stat cache-miss
131 silly fetch manifest @nodelib/fs.walk@^1.2.3
132 silly packumentCache full:https://registry.npmjs.org/@nodelib%2ffs.walk cache-miss
133 silly fetch manifest merge2@^1.3.0
134 silly packumentCache full:https://registry.npmjs.org/merge2 cache-miss
135 silly fetch manifest read-cache@^1.0.0
136 silly packumentCache full:https://registry.npmjs.org/read-cache cache-miss
137 silly fetch manifest camelcase-css@^2.0.1
138 silly packumentCache full:https://registry.npmjs.org/camelcase-css cache-miss
139 silly fetch manifest yaml@^2.3.4
140 silly packumentCache full:https://registry.npmjs.org/yaml cache-miss
141 http fetch GET 200 https://registry.npmjs.org/readdirp 54ms (cache miss)
142 silly packumentCache full:https://registry.npmjs.org/readdirp set size:undefined disposed:false
143 silly fetch manifest lilconfig@^3.0.0
144 silly packumentCache full:https://registry.npmjs.org/lilconfig cache-miss
145 http cache https://registry.npmjs.org/lilconfig 1ms (cache hit)
146 silly packumentCache full:https://registry.npmjs.org/lilconfig set size:45636 disposed:false
147 silly fetch manifest postcss-selector-parser@^6.1.1
148 silly packumentCache full:https://registry.npmjs.org/postcss-selector-parser cache-miss
149 http cache https://registry.npmjs.org/postcss-selector-parser 2ms (cache hit)
150 silly packumentCache full:https://registry.npmjs.org/postcss-selector-parser set size:174136 disposed:false
151 silly fetch manifest cssesc@^3.0.0
152 silly packumentCache full:https://registry.npmjs.org/cssesc cache-miss
153 http fetch GET 200 https://registry.npmjs.org/camelcase-css 73ms (cache miss)
154 silly packumentCache full:https://registry.npmjs.org/camelcase-css set size:undefined disposed:false
155 silly fetch manifest util-deprecate@^1.0.2
156 silly packumentCache full:https://registry.npmjs.org/util-deprecate cache-miss
157 http fetch GET 200 https://registry.npmjs.org/merge2 74ms (cache miss)
158 silly packumentCache full:https://registry.npmjs.org/merge2 set size:undefined disposed:false
159 silly fetch manifest commander@^4.0.0
160 silly packumentCache full:https://registry.npmjs.org/commander cache-miss
161 http fetch GET 200 https://registry.npmjs.org/@nodelib%2ffs.walk 75ms (cache miss)
162 silly packumentCache full:https://registry.npmjs.org/@nodelib%2ffs.walk set size:undefined disposed:false
163 silly fetch manifest glob@^10.3.10
164 silly packumentCache full:https://registry.npmjs.org/glob cache-miss
165 http fetch GET 200 https://registry.npmjs.org/read-cache 83ms (cache miss)
166 silly packumentCache full:https://registry.npmjs.org/read-cache set size:undefined disposed:false
167 silly fetch manifest lines-and-columns@^1.1.6
168 silly packumentCache full:https://registry.npmjs.org/lines-and-columns cache-miss
169 http fetch GET 200 https://registry.npmjs.org/@nodelib%2ffs.stat 96ms (cache miss)
170 silly packumentCache full:https://registry.npmjs.org/@nodelib%2ffs.stat set size:undefined disposed:false
171 silly fetch manifest mz@^2.7.0
172 silly packumentCache full:https://registry.npmjs.org/mz cache-miss
173 http fetch GET 200 https://registry.npmjs.org/yaml 109ms (cache miss)
174 silly packumentCache full:https://registry.npmjs.org/yaml set size:undefined disposed:false
175 silly fetch manifest pirates@^4.0.1
176 silly packumentCache full:https://registry.npmjs.org/pirates cache-miss
177 http fetch GET 200 https://registry.npmjs.org/cssesc 61ms (cache miss)
178 silly packumentCache full:https://registry.npmjs.org/cssesc set size:undefined disposed:false
179 silly fetch manifest ts-interface-checker@^0.1.9
180 silly packumentCache full:https://registry.npmjs.org/ts-interface-checker cache-miss
181 http fetch GET 200 https://registry.npmjs.org/commander 61ms (cache revalidated)
182 silly packumentCache full:https://registry.npmjs.org/commander set size:345532 disposed:false
183 http fetch GET 200 https://registry.npmjs.org/mz 52ms (cache miss)
184 silly packumentCache full:https://registry.npmjs.org/mz set size:undefined disposed:false
185 http fetch GET 200 https://registry.npmjs.org/glob 82ms (cache miss)
186 silly packumentCache full:https://registry.npmjs.org/glob set size:undefined disposed:false
187 http fetch GET 200 https://registry.npmjs.org/util-deprecate 90ms (cache miss)
188 silly packumentCache full:https://registry.npmjs.org/util-deprecate set size:undefined disposed:false
189 http fetch GET 200 https://registry.npmjs.org/lines-and-columns 88ms (cache miss)
190 silly packumentCache full:https://registry.npmjs.org/lines-and-columns set size:undefined disposed:false
191 http fetch GET 200 https://registry.npmjs.org/ts-interface-checker 58ms (cache miss)
192 silly packumentCache full:https://registry.npmjs.org/ts-interface-checker set size:undefined disposed:false
193 http fetch GET 200 https://registry.npmjs.org/pirates 71ms (cache miss)
194 silly packumentCache full:https://registry.npmjs.org/pirates set size:undefined disposed:false
195 silly placeDep ROOT @nodelib/fs.stat@2.0.5 OK for: fast-glob@3.3.3 want: ^2.0.2
196 silly placeDep ROOT @nodelib/fs.walk@1.2.8 OK for: fast-glob@3.3.3 want: ^1.2.3
197 silly placeDep ROOT merge2@1.4.1 OK for: fast-glob@3.3.3 want: ^1.3.0
198 silly fetch manifest fastq@^1.6.0
199 silly packumentCache full:https://registry.npmjs.org/fastq cache-miss
200 silly fetch manifest @nodelib/fs.scandir@2.1.5
201 silly packumentCache full:https://registry.npmjs.org/@nodelib%2ffs.scandir cache-miss
202 http fetch GET 200 https://registry.npmjs.org/fastq 60ms (cache miss)
203 silly packumentCache full:https://registry.npmjs.org/fastq set size:undefined disposed:false
204 http fetch GET 200 https://registry.npmjs.org/@nodelib%2ffs.scandir 72ms (cache miss)
205 silly packumentCache full:https://registry.npmjs.org/@nodelib%2ffs.scandir set size:undefined disposed:false
206 silly placeDep ROOT @nodelib/fs.scandir@2.1.5 OK for: @nodelib/fs.walk@1.2.8 want: 2.1.5
207 silly placeDep ROOT fastq@1.19.1 OK for: @nodelib/fs.walk@1.2.8 want: ^1.6.0
208 silly fetch manifest run-parallel@^1.1.9
209 silly packumentCache full:https://registry.npmjs.org/run-parallel cache-miss
210 silly fetch manifest reusify@^1.0.4
211 silly packumentCache full:https://registry.npmjs.org/reusify cache-miss
212 http fetch GET 200 https://registry.npmjs.org/run-parallel 67ms (cache miss)
213 silly packumentCache full:https://registry.npmjs.org/run-parallel set size:undefined disposed:false
214 http fetch GET 200 https://registry.npmjs.org/reusify 68ms (cache miss)
215 silly packumentCache full:https://registry.npmjs.org/reusify set size:undefined disposed:false
216 silly placeDep ROOT run-parallel@1.2.0 OK for: @nodelib/fs.scandir@2.1.5 want: ^1.1.9
217 silly fetch manifest queue-microtask@^1.2.2
218 silly packumentCache full:https://registry.npmjs.org/queue-microtask cache-miss
219 http fetch GET 200 https://registry.npmjs.org/queue-microtask 75ms (cache miss)
220 silly packumentCache full:https://registry.npmjs.org/queue-microtask set size:undefined disposed:false
221 silly placeDep ROOT reusify@1.1.0 OK for: fastq@1.19.1 want: ^1.0.4
222 silly placeDep ROOT read-cache@1.0.0 OK for: postcss-import@15.1.0 want: ^1.0.0
223 silly fetch manifest pify@^2.3.0
224 silly packumentCache full:https://registry.npmjs.org/pify cache-miss
225 http fetch GET 200 https://registry.npmjs.org/pify 68ms (cache revalidated)
226 silly packumentCache full:https://registry.npmjs.org/pify set size:33583 disposed:false
227 silly placeDep ROOT camelcase-css@2.0.1 OK for: postcss-js@4.1.0 want: ^2.0.1
228 silly placeDep node_modules/postcss-load-config lilconfig@3.1.3 OK for: postcss-load-config@4.0.2 want: ^3.0.0
229 silly placeDep ROOT yaml@2.8.1 OK for: postcss-load-config@4.0.2 want: ^2.3.4
230 silly placeDep ROOT cssesc@3.0.0 OK for: postcss-selector-parser@6.1.2 want: ^3.0.0
231 silly placeDep ROOT util-deprecate@1.0.2 OK for: postcss-selector-parser@6.1.2 want: ^1.0.2
232 silly placeDep node_modules/read-cache pify@2.3.0 OK for: read-cache@1.0.0 want: ^2.3.0
233 silly placeDep ROOT queue-microtask@1.2.3 OK for: run-parallel@1.2.0 want: ^1.2.2
234 silly placeDep node_modules/sucrase commander@4.1.1 OK for: sucrase@3.35.0 want: ^4.0.0
235 silly placeDep node_modules/sucrase glob@10.4.5 OK for: sucrase@3.35.0 want: ^10.3.10
236 silly placeDep ROOT lines-and-columns@1.2.4 OK for: sucrase@3.35.0 want: ^1.1.6
237 silly placeDep ROOT mz@2.7.0 OK for: sucrase@3.35.0 want: ^2.7.0
238 silly placeDep ROOT pirates@4.0.7 OK for: sucrase@3.35.0 want: ^4.0.1
239 silly placeDep ROOT ts-interface-checker@0.1.13 OK for: sucrase@3.35.0 want: ^0.1.9
240 silly fetch manifest minimatch@^9.0.4
241 silly packumentCache full:https://registry.npmjs.org/minimatch cache-miss
242 silly fetch manifest any-promise@^1.0.0
243 silly packumentCache full:https://registry.npmjs.org/any-promise cache-miss
244 silly fetch manifest thenify-all@^1.0.0
245 silly packumentCache full:https://registry.npmjs.org/thenify-all cache-miss
246 http fetch GET 200 https://registry.npmjs.org/any-promise 59ms (cache miss)
247 silly packumentCache full:https://registry.npmjs.org/any-promise set size:undefined disposed:false
248 http fetch GET 200 https://registry.npmjs.org/minimatch 74ms (cache miss)
249 silly packumentCache full:https://registry.npmjs.org/minimatch set size:undefined disposed:false
250 http fetch GET 200 https://registry.npmjs.org/thenify-all 78ms (cache miss)
251 silly packumentCache full:https://registry.npmjs.org/thenify-all set size:undefined disposed:false
252 silly placeDep ROOT any-promise@1.3.0 OK for: mz@2.7.0 want: ^1.0.0
253 silly placeDep ROOT thenify-all@1.6.0 OK for: mz@2.7.0 want: ^1.0.0
254 silly fetch manifest thenify@>= 3.1.0 < 4
255 silly packumentCache full:https://registry.npmjs.org/thenify cache-miss
256 http fetch GET 200 https://registry.npmjs.org/thenify 59ms (cache miss)
257 silly packumentCache full:https://registry.npmjs.org/thenify set size:undefined disposed:false
258 silly placeDep ROOT thenify@3.3.1 OK for: thenify-all@1.6.0 want: >= 3.1.0 < 4
259 silly placeDep node_modules/sucrase minimatch@9.0.5 OK for: glob@10.4.5 want: ^9.0.4
260 silly fetch manifest brace-expansion@^2.0.1
261 silly packumentCache full:https://registry.npmjs.org/brace-expansion cache-miss
262 http fetch GET 200 https://registry.npmjs.org/brace-expansion 66ms (cache miss)
263 silly packumentCache full:https://registry.npmjs.org/brace-expansion set size:undefined disposed:false
264 silly placeDep node_modules/sucrase brace-expansion@2.0.2 OK for: minimatch@9.0.5 want: ^2.0.1
265 silly fetch manifest glob-parent@~5.1.2
266 silly packumentCache full:https://registry.npmjs.org/glob-parent cache-miss
267 http cache https://registry.npmjs.org/glob-parent 2ms (cache hit)
268 silly packumentCache full:https://registry.npmjs.org/glob-parent set size:42445 disposed:false
269 silly placeDep node_modules/tailwindcss/node_modules/chokidar glob-parent@5.1.2 OK for: chokidar@3.6.0 want: ~5.1.2
270 silly placeDep node_modules/tailwindcss readdirp@3.6.0 OK for: chokidar@3.6.0 want: ~3.6.0
271 silly fetch manifest picomatch@^2.2.1
272 silly packumentCache full:https://registry.npmjs.org/picomatch cache-miss
273 http fetch GET 200 https://registry.npmjs.org/picomatch 77ms (cache miss)
274 silly packumentCache full:https://registry.npmjs.org/picomatch set size:undefined disposed:false
275 silly placeDep node_modules/tailwindcss picomatch@2.3.1 OK for: readdirp@3.6.0 want: ^2.2.1
276 silly reify mark retired [ '/Users/bao312/Desktop/test123/node_modules/tailwindcss' ]
277 silly reify moves {
277 silly reify   '/Users/bao312/Desktop/test123/node_modules/tailwindcss': '/Users/bao312/Desktop/test123/node_modules/.tailwindcss-Dct4Ti77'
277 silly reify }
278 silly audit bulk request {
278 silly audit   '@algolia/abtesting': [ '1.1.0' ],
278 silly audit   '@algolia/client-abtesting': [ '5.35.0' ],
278 silly audit   '@algolia/client-analytics': [ '5.35.0' ],
278 silly audit   '@algolia/client-common': [ '5.35.0' ],
278 silly audit   '@algolia/client-insights': [ '5.35.0' ],
278 silly audit   '@algolia/client-personalization': [ '5.35.0' ],
278 silly audit   '@algolia/client-query-suggestions': [ '5.35.0' ],
278 silly audit   '@algolia/client-search': [ '5.35.0' ],
278 silly audit   '@algolia/ingestion': [ '1.35.0' ],
278 silly audit   '@algolia/monitoring': [ '1.35.0' ],
278 silly audit   '@algolia/recommend': [ '5.35.0' ],
278 silly audit   '@algolia/requester-browser-xhr': [ '5.35.0' ],
278 silly audit   '@algolia/requester-fetch': [ '5.35.0' ],
278 silly audit   '@algolia/requester-node-http': [ '5.35.0' ],
278 silly audit   '@ampproject/remapping': [ '2.3.0' ],
278 silly audit   '@angular-devkit/architect': [ '0.2003.8' ],
278 silly audit   '@angular-devkit/core': [ '20.3.8' ],
278 silly audit   '@angular-devkit/schematics': [ '20.3.8' ],
278 silly audit   '@angular/build': [ '20.3.8' ],
278 silly audit   '@angular/cli': [ '20.3.8' ],
278 silly audit   '@angular/common': [ '20.3.9' ],
278 silly audit   '@angular/compiler': [ '20.3.9' ],
278 silly audit   '@angular/compiler-cli': [ '20.3.9' ],
278 silly audit   '@angular/core': [ '20.3.9' ],
278 silly audit   '@angular/elements': [ '20.3.9' ],
278 silly audit   '@angular/forms': [ '20.3.9' ],
278 silly audit   '@angular/platform-browser': [ '20.3.9' ],
278 silly audit   '@angular/router': [ '20.3.9' ],
278 silly audit   '@babel/code-frame': [ '7.27.1' ],
278 silly audit   '@babel/compat-data': [ '7.28.5' ],
278 silly audit   '@babel/core': [ '7.28.3' ],
278 silly audit   'convert-source-map': [ '2.0.0', '1.9.0' ],
278 silly audit   semver: [ '6.3.1', '5.7.2', '7.7.2' ],
278 silly audit   '@babel/generator': [ '7.28.5' ],
278 silly audit   '@babel/helper-annotate-as-pure': [ '7.27.3' ],
278 silly audit   '@babel/helper-compilation-targets': [ '7.27.2' ],
278 silly audit   '@babel/helper-globals': [ '7.28.0' ],
278 silly audit   '@babel/helper-module-imports': [ '7.27.1' ],
278 silly audit   '@babel/helper-module-transforms': [ '7.28.3' ],
278 silly audit   '@babel/helper-split-export-declaration': [ '7.24.7' ],
278 silly audit   '@babel/helper-string-parser': [ '7.27.1' ],
278 silly audit   '@babel/helper-validator-identifier': [ '7.28.5' ],
278 silly audit   '@babel/helper-validator-option': [ '7.27.1' ],
278 silly audit   '@babel/helpers': [ '7.28.4' ],
278 silly audit   '@babel/parser': [ '7.28.5' ],
278 silly audit   '@babel/template': [ '7.27.2' ],
278 silly audit   '@babel/traverse': [ '7.28.5' ],
278 silly audit   '@babel/types': [ '7.28.5' ],
278 silly audit   '@colors/colors': [ '1.5.0' ],
278 silly audit   '@esbuild/aix-ppc64': [ '0.25.9' ],
278 silly audit   '@esbuild/android-arm': [ '0.25.9' ],
278 silly audit   '@esbuild/android-arm64': [ '0.25.9' ],
278 silly audit   '@esbuild/android-x64': [ '0.25.9' ],
278 silly audit   '@esbuild/darwin-arm64': [ '0.25.9' ],
278 silly audit   '@esbuild/darwin-x64': [ '0.25.9' ],
278 silly audit   '@esbuild/freebsd-arm64': [ '0.25.9' ],
278 silly audit   '@esbuild/freebsd-x64': [ '0.25.9' ],
278 silly audit   '@esbuild/linux-arm': [ '0.25.9' ],
278 silly audit   '@esbuild/linux-arm64': [ '0.25.9' ],
278 silly audit   '@esbuild/linux-ia32': [ '0.25.9' ],
278 silly audit   '@esbuild/linux-loong64': [ '0.25.9' ],
278 silly audit   '@esbuild/linux-mips64el': [ '0.25.9' ],
278 silly audit   '@esbuild/linux-ppc64': [ '0.25.9' ],
278 silly audit   '@esbuild/linux-riscv64': [ '0.25.9' ],
278 silly audit   '@esbuild/linux-s390x': [ '0.25.9' ],
278 silly audit   '@esbuild/linux-x64': [ '0.25.9' ],
278 silly audit   '@esbuild/netbsd-arm64': [ '0.25.9' ],
278 silly audit   '@esbuild/netbsd-x64': [ '0.25.9' ],
278 silly audit   '@esbuild/openbsd-arm64': [ '0.25.9' ],
278 silly audit   '@esbuild/openbsd-x64': [ '0.25.9' ],
278 silly audit   '@esbuild/openharmony-arm64': [ '0.25.9' ],
278 silly audit   '@esbuild/sunos-x64': [ '0.25.9' ],
278 silly audit   '@esbuild/win32-arm64': [ '0.25.9' ],
278 silly audit   '@esbuild/win32-ia32': [ '0.25.9' ],
278 silly audit   '@esbuild/win32-x64': [ '0.25.9' ],
278 silly audit   '@inquirer/ansi': [ '1.0.1' ],
278 silly audit   '@inquirer/checkbox': [ '4.3.0' ],
278 silly audit   '@inquirer/confirm': [ '5.1.14' ],
278 silly audit   '@inquirer/core': [ '10.3.0' ],
278 silly audit   '@inquirer/editor': [ '4.2.21' ],
278 silly audit   '@inquirer/expand': [ '4.0.21' ],
278 silly audit   '@inquirer/external-editor': [ '1.0.2' ],
278 silly audit   '@inquirer/figures': [ '1.0.14' ],
278 silly audit   '@inquirer/input': [ '4.2.5' ],
278 silly audit   '@inquirer/number': [ '3.0.21' ],
278 silly audit   '@inquirer/password': [ '4.0.21' ],
278 silly audit   '@inquirer/prompts': [ '7.8.2' ],
278 silly audit   '@inquirer/rawlist': [ '4.1.9' ],
278 silly audit   '@inquirer/search': [ '3.2.0' ],
278 silly audit   '@inquirer/select': [ '4.4.0' ],
278 silly audit   '@inquirer/type': [ '3.0.9' ],
278 silly audit   '@isaacs/balanced-match': [ '4.0.1' ],
278 silly audit   '@isaacs/brace-expansion': [ '5.0.0' ],
278 silly audit   '@isaacs/cliui': [ '8.0.2' ],
278 silly audit   'emoji-regex': [ '9.2.2', '10.6.0', '8.0.0' ],
278 silly audit   'string-width': [ '5.1.2', '4.2.3', '7.2.0' ],
278 silly audit   'wrap-ansi': [ '8.1.0', '9.0.2', '7.0.0', '6.2.0' ],
278 silly audit   '@isaacs/fs-minipass': [ '4.0.1' ],
278 silly audit   '@istanbuljs/schema': [ '0.1.3' ],
278 silly audit   '@jridgewell/gen-mapping': [ '0.3.13' ],
278 silly audit   '@jridgewell/resolve-uri': [ '3.1.2' ],
278 silly audit   '@jridgewell/sourcemap-codec': [ '1.5.5' ],
278 silly audit   '@jridgewell/trace-mapping': [ '0.3.31' ],
278 silly audit   '@listr2/prompt-adapter-inquirer': [ '3.0.1' ],
278 silly audit   '@lmdb/lmdb-darwin-arm64': [ '3.4.2' ],
278 silly audit   '@lmdb/lmdb-darwin-x64': [ '3.4.2' ],
278 silly audit   '@lmdb/lmdb-linux-arm': [ '3.4.2' ],
278 silly audit   '@lmdb/lmdb-linux-arm64': [ '3.4.2' ],
278 silly audit   '@lmdb/lmdb-linux-x64': [ '3.4.2' ],
278 silly audit   '@lmdb/lmdb-win32-arm64': [ '3.4.2' ],
278 silly audit   '@lmdb/lmdb-win32-x64': [ '3.4.2' ],
278 silly audit   '@modelcontextprotocol/sdk': [ '1.17.3' ],
278 silly audit   ajv: [ '6.12.6', '8.17.1' ],
278 silly audit   'json-schema-traverse': [ '0.4.1', '1.0.0' ],
278 silly audit   '@msgpackr-extract/msgpackr-extract-darwin-arm64': [ '3.0.3' ],
278 silly audit   '@msgpackr-extract/msgpackr-extract-darwin-x64': [ '3.0.3' ],
278 silly audit   '@msgpackr-extract/msgpackr-extract-linux-arm': [ '3.0.3' ],
278 silly audit   '@msgpackr-extract/msgpackr-extract-linux-arm64': [ '3.0.3' ],
278 silly audit   '@msgpackr-extract/msgpackr-extract-linux-x64': [ '3.0.3' ],
278 silly audit   '@msgpackr-extract/msgpackr-extract-win32-x64': [ '3.0.3' ],
278 silly audit   '@napi-rs/nice': [ '1.1.1' ],
278 silly audit   '@napi-rs/nice-android-arm-eabi': [ '1.1.1' ],
278 silly audit   '@napi-rs/nice-android-arm64': [ '1.1.1' ],
278 silly audit   '@napi-rs/nice-darwin-arm64': [ '1.1.1' ],
278 silly audit   '@napi-rs/nice-darwin-x64': [ '1.1.1' ],
278 silly audit   '@napi-rs/nice-freebsd-x64': [ '1.1.1' ],
278 silly audit   '@napi-rs/nice-linux-arm-gnueabihf': [ '1.1.1' ],
278 silly audit   '@napi-rs/nice-linux-arm64-gnu': [ '1.1.1' ],
278 silly audit   '@napi-rs/nice-linux-arm64-musl': [ '1.1.1' ],
278 silly audit   '@napi-rs/nice-linux-ppc64-gnu': [ '1.1.1' ],
278 silly audit   '@napi-rs/nice-linux-riscv64-gnu': [ '1.1.1' ],
278 silly audit   '@napi-rs/nice-linux-s390x-gnu': [ '1.1.1' ],
278 silly audit   '@napi-rs/nice-linux-x64-gnu': [ '1.1.1' ],
278 silly audit   '@napi-rs/nice-linux-x64-musl': [ '1.1.1' ],
278 silly audit   '@napi-rs/nice-openharmony-arm64': [ '1.1.1' ],
278 silly audit   '@napi-rs/nice-win32-arm64-msvc': [ '1.1.1' ],
278 silly audit   '@napi-rs/nice-win32-ia32-msvc': [ '1.1.1' ],
278 silly audit   '@napi-rs/nice-win32-x64-msvc': [ '1.1.1' ],
278 silly audit   '@npmcli/agent': [ '3.0.0' ],
278 silly audit   'lru-cache': [ '10.4.3', '11.2.2', '5.1.1' ],
278 silly audit   '@npmcli/fs': [ '4.0.0' ],
278 silly audit   '@npmcli/git': [ '6.0.3' ],
278 silly audit   isexe: [ '3.1.1', '2.0.0' ],
278 silly audit   which: [ '5.0.0', '1.3.1', '2.0.2' ],
278 silly audit   '@npmcli/installed-package-contents': [ '3.0.0' ],
278 silly audit   '@npmcli/node-gyp': [ '4.0.0' ],
278 silly audit   '@npmcli/package-json': [ '6.2.0' ],
278 silly audit   'brace-expansion': [ '2.0.2', '1.1.12' ],
278 silly audit   glob: [ '10.4.5', '7.2.3' ],
278 silly audit   'hosted-git-info': [ '8.1.0', '9.0.2' ],
278 silly audit   minimatch: [ '9.0.5', '10.1.1', '3.1.2' ],
278 silly audit   '@npmcli/promise-spawn': [ '8.0.3' ],
278 silly audit   '@npmcli/redact': [ '3.2.2' ],
278 silly audit   '@npmcli/run-script': [ '9.1.0' ],
278 silly audit   '@parcel/watcher': [ '2.5.1' ],
278 silly audit   '@parcel/watcher-android-arm64': [ '2.5.1' ],
278 silly audit   '@parcel/watcher-darwin-arm64': [ '2.5.1' ],
278 silly audit   '@parcel/watcher-darwin-x64': [ '2.5.1' ],
278 silly audit   '@parcel/watcher-freebsd-x64': [ '2.5.1' ],
278 silly audit   '@parcel/watcher-linux-arm-glibc': [ '2.5.1' ],
278 silly audit   '@parcel/watcher-linux-arm-musl': [ '2.5.1' ],
278 silly audit   '@parcel/watcher-linux-arm64-glibc': [ '2.5.1' ],
278 silly audit   '@parcel/watcher-linux-arm64-musl': [ '2.5.1' ],
278 silly audit   '@parcel/watcher-linux-x64-glibc': [ '2.5.1' ],
278 silly audit   '@parcel/watcher-linux-x64-musl': [ '2.5.1' ],
278 silly audit   '@parcel/watcher-win32-arm64': [ '2.5.1' ],
278 silly audit   '@parcel/watcher-win32-ia32': [ '2.5.1' ],
278 silly audit   '@parcel/watcher-win32-x64': [ '2.5.1' ],
278 silly audit   'detect-libc': [ '1.0.3', '2.1.2' ],
278 silly audit   'node-addon-api': [ '7.1.1', '6.1.0' ],
278 silly audit   '@pkgjs/parseargs': [ '0.11.0' ],
278 silly audit   '@rollup/plugin-json': [ '6.1.0' ],
278 silly audit   '@rollup/pluginutils': [ '5.3.0' ],
278 silly audit   '@rollup/rollup-android-arm-eabi': [ '4.52.3' ],
278 silly audit   '@rollup/rollup-android-arm64': [ '4.52.3' ],
278 silly audit   '@rollup/rollup-darwin-arm64': [ '4.52.3' ],
278 silly audit   '@rollup/rollup-darwin-x64': [ '4.52.3' ],
278 silly audit   '@rollup/rollup-freebsd-arm64': [ '4.52.3' ],
278 silly audit   '@rollup/rollup-freebsd-x64': [ '4.52.3' ],
278 silly audit   '@rollup/rollup-linux-arm-gnueabihf': [ '4.52.3' ],
278 silly audit   '@rollup/rollup-linux-arm-musleabihf': [ '4.52.3' ],
278 silly audit   '@rollup/rollup-linux-arm64-gnu': [ '4.52.3' ],
278 silly audit   '@rollup/rollup-linux-arm64-musl': [ '4.52.3' ],
278 silly audit   '@rollup/rollup-linux-loong64-gnu': [ '4.52.3' ],
278 silly audit   '@rollup/rollup-linux-ppc64-gnu': [ '4.52.3' ],
278 silly audit   '@rollup/rollup-linux-riscv64-gnu': [ '4.52.3' ],
278 silly audit   '@rollup/rollup-linux-riscv64-musl': [ '4.52.3' ],
278 silly audit   '@rollup/rollup-linux-s390x-gnu': [ '4.52.3' ],
278 silly audit   '@rollup/rollup-linux-x64-gnu': [ '4.52.3' ],
278 silly audit   '@rollup/rollup-linux-x64-musl': [ '4.52.3' ],
278 silly audit   '@rollup/rollup-openharmony-arm64': [ '4.52.3' ],
278 silly audit   '@rollup/rollup-win32-arm64-msvc': [ '4.52.3' ],
278 silly audit   '@rollup/rollup-win32-ia32-msvc': [ '4.52.3' ],
278 silly audit   '@rollup/rollup-win32-x64-gnu': [ '4.52.3' ],
278 silly audit   '@rollup/rollup-win32-x64-msvc': [ '4.52.3' ],
278 silly audit   '@rollup/wasm-node': [ '4.52.5' ],
278 silly audit   '@schematics/angular': [ '20.3.8' ],
278 silly audit   '@sigstore/bundle': [ '3.1.0' ],
278 silly audit   '@sigstore/core': [ '2.0.0' ],
278 silly audit   '@sigstore/protobuf-specs': [ '0.4.3' ],
278 silly audit   '@sigstore/sign': [ '3.1.0' ],
278 silly audit   '@sigstore/tuf': [ '3.1.1' ],
278 silly audit   '@sigstore/verify': [ '2.1.1' ],
278 silly audit   '@socket.io/component-emitter': [ '3.1.2' ],
278 silly audit   '@tufjs/canonical-json': [ '2.0.0' ],
278 silly audit   '@tufjs/models': [ '3.0.1' ],
278 silly audit   '@types/cors': [ '2.8.19' ],
278 silly audit   '@types/estree': [ '1.0.8' ],
278 silly audit   '@types/jasmine': [ '5.1.12' ],
278 silly audit   '@types/node': [ '24.10.0' ],
278 silly audit   '@vitejs/plugin-basic-ssl': [ '2.1.0' ],
278 silly audit   '@yarnpkg/lockfile': [ '1.1.0' ],
278 silly audit   abbrev: [ '3.0.1' ],
278 silly audit   accepts: [ '2.0.0', '1.3.8' ],
278 silly audit   'agent-base': [ '7.1.4' ],
278 silly audit   'ajv-formats': [ '3.0.1' ],
278 silly audit   algoliasearch: [ '5.35.0' ],
278 silly audit   'ansi-colors': [ '4.1.3' ],
278 silly audit   'ansi-escapes': [ '7.2.0' ],
278 silly audit   'ansi-regex': [ '6.2.2', '5.0.1' ],
278 silly audit   'ansi-styles': [ '6.2.3', '4.3.0' ],
278 silly audit   anymatch: [ '3.1.3' ],
278 silly audit   picomatch: [ '2.3.1', '4.0.3' ],
278 silly audit   autoprefixer: [ '10.4.21' ],
278 silly audit   'balanced-match': [ '1.0.2' ],
278 silly audit   base64id: [ '2.0.0' ],
278 silly audit   'baseline-browser-mapping': [ '2.8.24' ],
278 silly audit   beasties: [ '0.3.5' ],
278 silly audit   'binary-extensions': [ '2.3.0' ],
278 silly audit   'body-parser': [ '2.2.0', '1.20.3' ],
278 silly audit   'iconv-lite': [ '0.6.3', '0.7.0', '0.4.24' ],
278 silly audit   boolbase: [ '1.0.0' ],
278 silly audit   braces: [ '3.0.3' ],
278 silly audit   browserslist: [ '4.27.0' ],
278 silly audit   'buffer-from': [ '1.1.2' ],
278 silly audit   bytes: [ '3.1.2' ],
278 silly audit   cacache: [ '19.0.1' ],
278 silly audit   chownr: [ '3.0.0', '2.0.0' ],
278 silly audit   tar: [ '7.5.2', '6.2.1' ],
278 silly audit   yallist: [ '5.0.0', '4.0.0', '3.1.1' ],
278 silly audit   'call-bind-apply-helpers': [ '1.0.2' ],
278 silly audit   'call-bound': [ '1.0.4' ],
278 silly audit   'caniuse-lite': [ '1.0.30001753' ],
278 silly audit   chalk: [ '5.6.2' ],
278 silly audit   chardet: [ '2.1.1' ],
278 silly audit   chokidar: [ '4.0.3', '3.6.0' ],
278 silly audit   'cli-cursor': [ '5.0.0' ],
278 silly audit   'cli-spinners': [ '2.9.2' ],
278 silly audit   'cli-truncate': [ '4.0.0' ],
278 silly audit   'cli-width': [ '4.1.0' ],
278 silly audit   cliui: [ '9.0.1', '7.0.4' ],
278 silly audit   'color-convert': [ '2.0.1' ],
278 silly audit   'color-name': [ '1.1.4' ],
278 silly audit   colorette: [ '2.0.20' ],
278 silly audit   commander: [ '14.0.2', '4.1.1' ],
278 silly audit   'common-path-prefix': [ '3.0.0' ],
278 silly audit   'concat-map': [ '0.0.1' ],
278 silly audit   connect: [ '3.7.0' ],
278 silly audit   debug: [ '2.6.9', '4.4.3', '4.3.7' ],
278 silly audit   encodeurl: [ '1.0.2', '2.0.0' ],
278 silly audit   finalhandler: [ '1.1.2', '2.1.0' ],
278 silly audit   ms: [ '2.0.0', '2.1.3' ],
278 silly audit   'on-finished': [ '2.3.0', '2.4.1' ],
278 silly audit   statuses: [ '1.5.0', '2.0.1', '2.0.2' ],
278 silly audit   'content-disposition': [ '1.0.0' ],
278 silly audit   'content-type': [ '1.0.5' ],
278 silly audit   cookie: [ '0.7.2' ],
278 silly audit   'cookie-signature': [ '1.2.2' ],
278 silly audit   'copy-anything': [ '2.0.6' ],
278 silly audit   cors: [ '2.8.5' ],
278 silly audit   'cross-spawn': [ '7.0.6' ],
278 silly audit   'css-select': [ '6.0.0' ],
278 silly audit   'css-what': [ '7.0.0' ],
278 silly audit   'custom-event': [ '1.0.1' ],
278 silly audit   'date-format': [ '4.0.14' ],
278 silly audit   depd: [ '2.0.0' ],
278 silly audit   'dependency-graph': [ '1.0.0' ],
278 silly audit   destroy: [ '1.2.0' ],
278 silly audit   di: [ '0.0.1' ],
278 silly audit   'dom-serialize': [ '2.2.1' ],
278 silly audit   'dom-serializer': [ '2.0.0' ],
278 silly audit   domelementtype: [ '2.3.0' ],
278 silly audit   domhandler: [ '5.0.3' ],
278 silly audit   domutils: [ '3.2.2' ],
278 silly audit   'dunder-proto': [ '1.0.1' ],
278 silly audit   eastasianwidth: [ '0.2.0' ],
278 silly audit   'ee-first': [ '1.1.1' ],
278 silly audit   'electron-to-chromium': [ '1.5.245' ],
278 silly audit   encoding: [ '0.1.13' ],
278 silly audit   'engine.io': [ '6.6.4' ],
278 silly audit   'engine.io-parser': [ '5.2.3' ],
278 silly audit   'mime-db': [ '1.52.0', '1.54.0' ],
278 silly audit   'mime-types': [ '2.1.35', '3.0.1' ],
278 silly audit   negotiator: [ '0.6.3', '1.0.0' ],
278 silly audit   ent: [ '2.2.2' ],
278 silly audit   entities: [ '4.5.0', '6.0.1' ],
278 silly audit   'env-paths': [ '2.2.1' ],
278 silly audit   environment: [ '1.1.0' ],
278 silly audit   'err-code': [ '2.0.3' ],
278 silly audit   errno: [ '0.1.8' ],
278 silly audit   'es-define-property': [ '1.0.1' ],
278 silly audit   'es-errors': [ '1.3.0' ],
278 silly audit   'es-object-atoms': [ '1.1.1' ],
278 silly audit   esbuild: [ '0.25.9' ],
278 silly audit   escalade: [ '3.2.0' ],
278 silly audit   'escape-html': [ '1.0.3' ],
278 silly audit   'estree-walker': [ '2.0.2' ],
278 silly audit   etag: [ '1.8.1' ],
278 silly audit   eventemitter3: [ '4.0.7', '5.0.1' ],
278 silly audit   eventsource: [ '3.0.7' ],
278 silly audit   'eventsource-parser': [ '3.0.6' ],
278 silly audit   'exponential-backoff': [ '3.1.3' ],
278 silly audit   express: [ '5.1.0' ],
278 silly audit   'express-rate-limit': [ '7.5.1' ],
278 silly audit   extend: [ '3.0.2' ],
278 silly audit   'fast-deep-equal': [ '3.1.3' ],
278 silly audit   'fast-json-stable-stringify': [ '2.1.0' ],
278 silly audit   'fast-uri': [ '3.1.0' ],
278 silly audit   fdir: [ '6.5.0' ],
278 silly audit   'fill-range': [ '7.1.1' ],
278 silly audit   'find-cache-directory': [ '6.0.0' ],
278 silly audit   'find-up-simple': [ '1.0.1' ],
278 silly audit   flatted: [ '3.3.3' ],
278 silly audit   'follow-redirects': [ '1.15.11' ],
278 silly audit   'foreground-child': [ '3.3.1' ],
278 silly audit   forwarded: [ '0.2.0' ],
278 silly audit   'fraction.js': [ '4.3.7' ],
278 silly audit   fresh: [ '2.0.0' ],
278 silly audit   'fs-extra': [ '8.1.0' ],
278 silly audit   'fs-minipass': [ '3.0.3', '2.1.0' ],
278 silly audit   'fs.realpath': [ '1.0.0' ],
278 silly audit   fsevents: [ '2.3.3' ],
278 silly audit   'function-bind': [ '1.1.2' ],
278 silly audit   gensync: [ '1.0.0-beta.2' ],
278 silly audit   'get-caller-file': [ '2.0.5' ],
278 silly audit   'get-east-asian-width': [ '1.4.0' ],
278 silly audit   'get-intrinsic': [ '1.3.0' ],
278 silly audit   'get-proto': [ '1.0.1' ],
278 silly audit   'glob-parent': [ '5.1.2', '6.0.2' ],
278 silly audit   'glob-to-regexp': [ '0.4.1' ],
278 silly audit   gopd: [ '1.2.0' ],
278 silly audit   'graceful-fs': [ '4.2.11' ],
278 silly audit   'has-flag': [ '4.0.0' ],
278 silly audit   'has-symbols': [ '1.1.0' ],
278 silly audit   'has-tostringtag': [ '1.0.2' ],
278 silly audit   hasown: [ '2.0.2' ],
278 silly audit   'html-escaper': [ '2.0.2' ],
278 silly audit   htmlparser2: [ '10.0.0' ],
278 silly audit   'http-cache-semantics': [ '4.2.0' ],
278 silly audit   'http-errors': [ '2.0.0' ],
278 silly audit   'http-proxy': [ '1.18.1' ],
278 silly audit   'http-proxy-agent': [ '7.0.2' ],
278 silly audit   'https-proxy-agent': [ '7.0.6' ],
278 silly audit   'ignore-walk': [ '8.0.0' ],
278 silly audit   'image-size': [ '0.5.5' ],
278 silly audit   immutable: [ '5.1.4' ],
278 silly audit   imurmurhash: [ '0.1.4' ],
278 silly audit   inflight: [ '1.0.6' ],
278 silly audit   inherits: [ '2.0.4' ],
278 silly audit   ini: [ '5.0.0' ],
278 silly audit   'injection-js': [ '2.6.1' ],
278 silly audit   'ip-address': [ '10.0.1' ],
278 silly audit   'ipaddr.js': [ '1.9.1' ],
278 silly audit   'is-binary-path': [ '2.1.0' ],
278 silly audit   'is-core-module': [ '2.16.1' ],
278 silly audit   'is-extglob': [ '2.1.1' ],
278 silly audit   'is-fullwidth-code-point': [ '4.0.0', '3.0.0', '5.1.0' ],
278 silly audit   'is-glob': [ '4.0.3' ],
278 silly audit   'is-interactive': [ '2.0.0' ],
278 silly audit   'is-number': [ '7.0.0' ],
278 silly audit   'is-promise': [ '4.0.0' ],
278 silly audit   'is-regex': [ '1.2.1' ],
278 silly audit   'is-unicode-supported': [ '2.1.0', '1.3.0' ],
278 silly audit   'is-what': [ '3.14.1' ],
278 silly audit   isbinaryfile: [ '4.0.10' ],
278 silly audit   'istanbul-lib-coverage': [ '3.2.2' ],
278 silly audit   'istanbul-lib-instrument': [ '6.0.3', '5.2.1' ],
278 silly audit   'istanbul-lib-report': [ '3.0.1' ],
278 silly audit   'istanbul-lib-source-maps': [ '4.0.1' ],
278 silly audit   'source-map': [ '0.6.1', '0.7.6' ],
278 silly audit   'istanbul-reports': [ '3.2.0' ],
278 silly audit   jackspeak: [ '3.4.3' ],
278 silly audit   'jasmine-core': [ '5.9.0', '4.6.1' ],
278 silly audit   'js-tokens': [ '4.0.0' ],
278 silly audit   jsesc: [ '3.1.0' ],
278 silly audit   'json-parse-even-better-errors': [ '4.0.0' ],
278 silly audit   json5: [ '2.2.3' ],
278 silly audit   'jsonc-parser': [ '3.3.1' ],
278 silly audit   jsonfile: [ '4.0.0' ],
278 silly audit   jsonparse: [ '1.3.1' ],
278 silly audit   karma: [ '6.4.4' ],
278 silly audit   'karma-chrome-launcher': [ '3.2.0' ],
278 silly audit   'karma-coverage': [ '2.2.1' ],
278 silly audit   'karma-jasmine': [ '5.1.0' ],
278 silly audit   'karma-jasmine-html-reporter': [ '2.1.0' ],
278 silly audit   'media-typer': [ '0.3.0', '1.1.0' ],
278 silly audit   qs: [ '6.13.0', '6.14.0' ],
278 silly audit   'raw-body': [ '2.5.2', '3.0.1' ],
278 silly audit   readdirp: [ '3.6.0', '4.1.2' ],
278 silly audit   'strip-ansi': [ '6.0.1', '7.1.2' ],
278 silly audit   'type-is': [ '1.6.18', '2.0.1' ],
278 silly audit   yargs: [ '16.2.0', '18.0.0' ],
278 silly audit   'yargs-parser': [ '20.2.9', '22.0.0' ],
278 silly audit   less: [ '4.4.2' ],
278 silly audit   'make-dir': [ '2.1.0', '4.0.0' ],
278 silly audit   mime: [ '1.6.0', '2.6.0' ],
278 silly audit   listr2: [ '9.0.1' ],
278 silly audit   lmdb: [ '3.4.2' ],
278 silly audit   lodash: [ '4.17.21' ],
278 silly audit   'log-symbols': [ '6.0.0' ],
278 silly audit   'log-update': [ '6.1.0' ],
278 silly audit   'slice-ansi': [ '7.1.2', '5.0.0' ],
278 silly audit   log4js: [ '6.9.1' ],
278 silly audit   'magic-string': [ '0.30.17' ],
278 silly audit   'make-fetch-happen': [ '14.0.3' ],
278 silly audit   'math-intrinsics': [ '1.1.0' ],
278 silly audit   'merge-descriptors': [ '2.0.0' ],
278 silly audit   micromatch: [ '4.0.8' ],
278 silly audit   'mimic-function': [ '5.0.1' ],
278 silly audit   minimist: [ '1.2.8' ],
278 silly audit   minipass: [ '7.1.2', '3.3.6', '5.0.0' ],
278 silly audit   'minipass-collect': [ '2.0.1' ],
278 silly audit   'minipass-fetch': [ '4.0.1' ],
278 silly audit   'minipass-flush': [ '1.0.5' ],
278 silly audit   'minipass-pipeline': [ '1.2.4' ],
278 silly audit   'minipass-sized': [ '1.0.3' ],
278 silly audit   minizlib: [ '3.1.0', '2.1.2' ],
278 silly audit   mkdirp: [ '0.5.6', '1.0.4' ],
278 silly audit   mrmime: [ '2.0.1' ],
278 silly audit   msgpackr: [ '1.11.5' ],
278 silly audit   'msgpackr-extract': [ '3.0.3' ],
278 silly audit   'mute-stream': [ '2.0.0' ],
278 silly audit   nanoid: [ '3.3.11' ],
278 silly audit   needle: [ '3.3.1' ],
278 silly audit   'ng-packagr': [ '20.3.0' ],
278 silly audit   'node-gyp': [ '11.5.0' ],
278 silly audit   'node-gyp-build-optional-packages': [ '5.2.2' ],
278 silly audit   'node-releases': [ '2.0.27' ],
278 silly audit   nopt: [ '8.1.0' ],
278 silly audit   'normalize-path': [ '3.0.0' ],
278 silly audit   'normalize-range': [ '0.1.2' ],
278 silly audit   'npm-bundled': [ '4.0.0' ],
278 silly audit   'npm-install-checks': [ '7.1.2' ],
278 silly audit   'npm-normalize-package-bin': [ '4.0.0' ],
278 silly audit   'npm-package-arg': [ '13.0.0', '12.0.2' ],
278 silly audit   'npm-packlist': [ '10.0.3' ],
278 silly audit   'proc-log': [ '6.0.0', '5.0.0' ],
278 silly audit   'npm-pick-manifest': [ '10.0.0' ],
278 silly audit   'npm-registry-fetch': [ '18.0.2' ],
278 silly audit   'nth-check': [ '2.1.1' ],
278 silly audit   'object-assign': [ '4.1.1' ],
278 silly audit   'object-inspect': [ '1.13.4' ],
278 silly audit   once: [ '1.4.0' ],
278 silly audit   onetime: [ '7.0.0' ],
278 silly audit   ora: [ '8.2.0' ],
278 silly audit   'ordered-binary': [ '1.6.0' ],
278 silly audit   'p-map': [ '7.0.3' ],
278 silly audit   'package-json-from-dist': [ '1.0.1' ],
278 silly audit   pacote: [ '21.0.0' ],
278 silly audit   'parse-node-version': [ '1.0.1' ],
278 silly audit   parse5: [ '8.0.0' ],
278 silly audit   'parse5-html-rewriting-stream': [ '8.0.0' ],
278 silly audit   'parse5-sax-parser': [ '8.0.0' ],
278 silly audit   parseurl: [ '1.3.3' ],
278 silly audit   'path-is-absolute': [ '1.0.1' ],
278 silly audit   'path-key': [ '3.1.1' ],
278 silly audit   'path-parse': [ '1.0.7' ],
278 silly audit   'path-scurry': [ '1.11.1' ],
278 silly audit   'path-to-regexp': [ '8.3.0' ],
278 silly audit   picocolors: [ '1.1.1' ],
278 silly audit   pify: [ '4.0.1', '2.3.0' ],
278 silly audit   piscina: [ '5.1.3' ],
278 silly audit   'pkce-challenge': [ '5.0.0' ],
278 silly audit   'pkg-dir': [ '8.0.0' ],
278 silly audit   postcss: [ '8.5.6' ],
278 silly audit   'postcss-media-query-parser': [ '0.2.3' ],
278 silly audit   'postcss-value-parser': [ '4.2.0' ],
278 silly audit   'promise-retry': [ '2.0.1' ],
278 silly audit   'proxy-addr': [ '2.0.7' ],
278 silly audit   prr: [ '1.0.1' ],
278 silly audit   punycode: [ '1.4.1', '2.3.1' ],
278 silly audit   qjobs: [ '1.2.0' ],
278 silly audit   'range-parser': [ '1.2.1' ],
278 silly audit   'reflect-metadata': [ '0.2.2' ],
278 silly audit   'require-directory': [ '2.1.1' ],
278 silly audit   'require-from-string': [ '2.0.2' ],
278 silly audit   'requires-port': [ '1.0.0' ],
278 silly audit   resolve: [ '1.22.10' ],
278 silly audit   'restore-cursor': [ '5.1.0' ],
278 silly audit   retry: [ '0.12.0' ],
278 silly audit   rfdc: [ '1.4.1' ],
278 silly audit   rimraf: [ '3.0.2' ],
278 silly audit   rollup: [ '4.52.3' ],
278 silly audit   'rollup-plugin-dts': [ '6.2.3' ],
278 silly audit   router: [ '2.2.0' ],
278 silly audit   rxjs: [ '7.8.2' ],
278 silly audit   'safe-buffer': [ '5.2.1' ],
278 silly audit   'safe-regex-test': [ '1.1.0' ],
278 silly audit   'safer-buffer': [ '2.1.2' ],
278 silly audit   sass: [ '1.90.0' ],
278 silly audit   sax: [ '1.4.3' ],
278 silly audit   send: [ '1.2.0' ],
278 silly audit   'serve-static': [ '2.2.0' ],
278 silly audit   setprototypeof: [ '1.2.0' ],
278 silly audit   'shebang-command': [ '2.0.0' ],
278 silly audit   'shebang-regex': [ '3.0.0' ],
278 silly audit   'side-channel': [ '1.1.0' ],
278 silly audit   'side-channel-list': [ '1.0.0' ],
278 silly audit   'side-channel-map': [ '1.0.1' ],
278 silly audit   'side-channel-weakmap': [ '1.0.2' ],
278 silly audit   'signal-exit': [ '4.1.0' ],
278 silly audit   sigstore: [ '3.1.0' ],
278 silly audit   'smart-buffer': [ '4.2.0' ],
278 silly audit   'socket.io': [ '4.8.1' ],
278 silly audit   'socket.io-adapter': [ '2.5.5' ],
278 silly audit   'socket.io-parser': [ '4.2.4' ],
278 silly audit   socks: [ '2.8.7' ],
278 silly audit   'socks-proxy-agent': [ '8.0.5' ],
278 silly audit   'source-map-js': [ '1.2.1' ],
278 silly audit   'source-map-support': [ '0.5.21' ],
278 silly audit   'spdx-correct': [ '3.2.0' ],
278 silly audit   'spdx-exceptions': [ '2.5.0' ],
278 silly audit   'spdx-expression-parse': [ '3.0.1' ],
278 silly audit   'spdx-license-ids': [ '3.0.22' ],
278 silly audit   ssri: [ '12.0.0' ],
278 silly audit   'stdin-discarder': [ '0.2.2' ],
278 silly audit   streamroller: [ '3.1.5' ],
278 silly audit   'supports-color': [ '7.2.0' ],
278 silly audit   'supports-preserve-symlinks-flag': [ '1.0.0' ],
278 silly audit   tinyglobby: [ '0.2.14', '0.2.15' ],
278 silly audit   tmp: [ '0.2.5' ],
278 silly audit   'to-regex-range': [ '5.0.1' ],
278 silly audit   toidentifier: [ '1.0.1' ],
278 silly audit   tslib: [ '2.8.1' ],
278 silly audit   'tuf-js': [ '3.1.0' ],
278 silly audit   typescript: [ '5.9.3' ],
278 silly audit   'ua-parser-js': [ '0.7.41' ],
278 silly audit   'undici-types': [ '7.16.0' ],
278 silly audit   'unique-filename': [ '4.0.0' ],
278 silly audit   'unique-slug': [ '5.0.0' ],
278 silly audit   universalify: [ '0.1.2' ],
278 silly audit   unpipe: [ '1.0.0' ],
278 silly audit   'update-browserslist-db': [ '1.1.4' ],
278 silly audit   'uri-js': [ '4.4.1' ],
278 silly audit   'utils-merge': [ '1.0.1' ],
278 silly audit   'validate-npm-package-license': [ '3.0.4' ],
278 silly audit   'validate-npm-package-name': [ '6.0.2' ],
278 silly audit   vary: [ '1.1.2' ],
278 silly audit   vite: [ '7.1.11' ],
278 silly audit   'void-elements': [ '2.0.1' ],
278 silly audit   watchpack: [ '2.4.4' ],
278 silly audit   'weak-lru-cache': [ '1.2.2' ],
278 silly audit   wrappy: [ '1.0.2' ],
278 silly audit   ws: [ '8.17.1' ],
278 silly audit   y18n: [ '5.0.8' ],
278 silly audit   'yoctocolors-cjs': [ '2.1.3' ],
278 silly audit   zod: [ '3.25.76' ],
278 silly audit   'zod-to-json-schema': [ '3.24.6' ],
278 silly audit   'zone.js': [ '0.15.1' ],
278 silly audit   tailwindcss: [ '3.4.13' ],
278 silly audit   '@alloc/quick-lru': [ '5.2.0' ],
278 silly audit   arg: [ '5.0.2' ],
278 silly audit   didyoumean: [ '1.2.2' ],
278 silly audit   dlv: [ '1.1.3' ],
278 silly audit   'fast-glob': [ '3.3.3' ],
278 silly audit   jiti: [ '1.21.7' ],
278 silly audit   lilconfig: [ '2.1.0', '3.1.3' ],
278 silly audit   'object-hash': [ '3.0.0' ],
278 silly audit   'postcss-import': [ '15.1.0' ],
278 silly audit   'postcss-js': [ '4.1.0' ],
278 silly audit   'postcss-load-config': [ '4.0.2' ],
278 silly audit   'postcss-nested': [ '6.2.0' ],
278 silly audit   'postcss-selector-parser': [ '6.1.2' ],
278 silly audit   sucrase: [ '3.35.0' ],
278 silly audit   '@nodelib/fs.stat': [ '2.0.5' ],
278 silly audit   '@nodelib/fs.walk': [ '1.2.8' ],
278 silly audit   merge2: [ '1.4.1' ],
278 silly audit   '@nodelib/fs.scandir': [ '2.1.5' ],
278 silly audit   fastq: [ '1.19.1' ],
278 silly audit   'run-parallel': [ '1.2.0' ],
278 silly audit   reusify: [ '1.1.0' ],
278 silly audit   'read-cache': [ '1.0.0' ],
278 silly audit   'camelcase-css': [ '2.0.1' ],
278 silly audit   yaml: [ '2.8.1' ],
278 silly audit   cssesc: [ '3.0.0' ],
278 silly audit   'util-deprecate': [ '1.0.2' ],
278 silly audit   'queue-microtask': [ '1.2.3' ],
278 silly audit   'lines-and-columns': [ '1.2.4' ],
278 silly audit   mz: [ '2.7.0' ],
278 silly audit   pirates: [ '4.0.7' ],
278 silly audit   'ts-interface-checker': [ '0.1.13' ],
278 silly audit   'any-promise': [ '1.3.0' ],
278 silly audit   'thenify-all': [ '1.6.0' ],
278 silly audit   thenify: [ '3.3.1' ]
278 silly audit }
279 http cache thenify@https://registry.npmjs.org/thenify/-/thenify-3.3.1.tgz 0ms (cache hit)
280 http cache thenify-all@https://registry.npmjs.org/thenify-all/-/thenify-all-1.6.0.tgz 0ms (cache hit)
281 http cache any-promise@https://registry.npmjs.org/any-promise/-/any-promise-1.3.0.tgz 0ms (cache hit)
282 http cache ts-interface-checker@https://registry.npmjs.org/ts-interface-checker/-/ts-interface-checker-0.1.13.tgz 0ms (cache hit)
283 http cache pirates@https://registry.npmjs.org/pirates/-/pirates-4.0.7.tgz 0ms (cache hit)
284 http cache mz@https://registry.npmjs.org/mz/-/mz-2.7.0.tgz 0ms (cache hit)
285 http cache lines-and-columns@https://registry.npmjs.org/lines-and-columns/-/lines-and-columns-1.2.4.tgz 0ms (cache hit)
286 http cache cssesc@https://registry.npmjs.org/cssesc/-/cssesc-3.0.0.tgz 0ms (cache hit)
287 http cache util-deprecate@https://registry.npmjs.org/util-deprecate/-/util-deprecate-1.0.2.tgz 0ms (cache hit)
288 http cache yaml@https://registry.npmjs.org/yaml/-/yaml-2.8.1.tgz 0ms (cache hit)
289 http cache camelcase-css@https://registry.npmjs.org/camelcase-css/-/camelcase-css-2.0.1.tgz 0ms (cache hit)
290 http cache read-cache@https://registry.npmjs.org/read-cache/-/read-cache-1.0.0.tgz 0ms (cache hit)
291 http cache reusify@https://registry.npmjs.org/reusify/-/reusify-1.1.0.tgz 0ms (cache hit)
292 http cache run-parallel@https://registry.npmjs.org/run-parallel/-/run-parallel-1.2.0.tgz 0ms (cache hit)
293 http cache fastq@https://registry.npmjs.org/fastq/-/fastq-1.19.1.tgz 0ms (cache hit)
294 http cache @nodelib/fs.scandir@https://registry.npmjs.org/@nodelib/fs.scandir/-/fs.scandir-2.1.5.tgz 0ms (cache hit)
295 http cache merge2@https://registry.npmjs.org/merge2/-/merge2-1.4.1.tgz 0ms (cache hit)
296 http cache @nodelib/fs.walk@https://registry.npmjs.org/@nodelib/fs.walk/-/fs.walk-1.2.8.tgz 0ms (cache hit)
297 http cache @nodelib/fs.stat@https://registry.npmjs.org/@nodelib/fs.stat/-/fs.stat-2.0.5.tgz 0ms (cache hit)
298 http cache sucrase@https://registry.npmjs.org/sucrase/-/sucrase-3.35.0.tgz 0ms (cache hit)
299 http cache postcss-selector-parser@https://registry.npmjs.org/postcss-selector-parser/-/postcss-selector-parser-6.1.2.tgz 0ms (cache hit)
300 http cache postcss-nested@https://registry.npmjs.org/postcss-nested/-/postcss-nested-6.2.0.tgz 0ms (cache hit)
301 http cache postcss-load-config@https://registry.npmjs.org/postcss-load-config/-/postcss-load-config-4.0.2.tgz 0ms (cache hit)
302 http cache postcss-js@https://registry.npmjs.org/postcss-js/-/postcss-js-4.1.0.tgz 0ms (cache hit)
303 http cache postcss-import@https://registry.npmjs.org/postcss-import/-/postcss-import-15.1.0.tgz 0ms (cache hit)
304 http cache object-hash@https://registry.npmjs.org/object-hash/-/object-hash-3.0.0.tgz 0ms (cache hit)
305 http cache lilconfig@https://registry.npmjs.org/lilconfig/-/lilconfig-2.1.0.tgz 0ms (cache hit)
306 http cache jiti@https://registry.npmjs.org/jiti/-/jiti-1.21.7.tgz 0ms (cache hit)
307 http cache fast-glob@https://registry.npmjs.org/fast-glob/-/fast-glob-3.3.3.tgz 0ms (cache hit)
308 http cache didyoumean@https://registry.npmjs.org/didyoumean/-/didyoumean-1.2.2.tgz 0ms (cache hit)
309 http cache dlv@https://registry.npmjs.org/dlv/-/dlv-1.1.3.tgz 0ms (cache hit)
310 http cache arg@https://registry.npmjs.org/arg/-/arg-5.0.2.tgz 0ms (cache hit)
311 http cache @alloc/quick-lru@https://registry.npmjs.org/@alloc/quick-lru/-/quick-lru-5.2.0.tgz 0ms (cache hit)
312 http cache tailwindcss@https://registry.npmjs.org/tailwindcss/-/tailwindcss-3.4.13.tgz 0ms (cache hit)
313 http cache pify@https://registry.npmjs.org/pify/-/pify-2.3.0.tgz 0ms (cache hit)
314 http cache glob@https://registry.npmjs.org/glob/-/glob-10.4.5.tgz 0ms (cache hit)
315 http cache commander@https://registry.npmjs.org/commander/-/commander-4.1.1.tgz 0ms (cache hit)
316 http cache lilconfig@https://registry.npmjs.org/lilconfig/-/lilconfig-3.1.3.tgz 0ms (cache hit)
317 http cache minimatch@https://registry.npmjs.org/minimatch/-/minimatch-9.0.5.tgz 0ms (cache hit)
318 http cache brace-expansion@https://registry.npmjs.org/brace-expansion/-/brace-expansion-2.0.2.tgz 0ms (cache hit)
319 http cache glob-parent@https://registry.npmjs.org/glob-parent/-/glob-parent-6.0.2.tgz 0ms (cache hit)
320 http cache readdirp@https://registry.npmjs.org/readdirp/-/readdirp-3.6.0.tgz 0ms (cache hit)
321 http cache queue-microtask@https://registry.npmjs.org/queue-microtask/-/queue-microtask-1.2.3.tgz 0ms (cache hit)
322 http cache chokidar@https://registry.npmjs.org/chokidar/-/chokidar-3.6.0.tgz 0ms (cache hit)
323 http cache glob-parent@https://registry.npmjs.org/glob-parent/-/glob-parent-5.1.2.tgz 0ms (cache hit)
324 http cache picomatch@https://registry.npmjs.org/picomatch/-/picomatch-2.3.1.tgz 0ms (cache hit)
325 silly tarball no local data for thenify@https://registry.npmjs.org/thenify/-/thenify-3.3.1.tgz. Extracting by manifest.
326 silly tarball no local data for thenify-all@https://registry.npmjs.org/thenify-all/-/thenify-all-1.6.0.tgz. Extracting by manifest.
327 silly tarball no local data for any-promise@https://registry.npmjs.org/any-promise/-/any-promise-1.3.0.tgz. Extracting by manifest.
328 silly tarball no local data for ts-interface-checker@https://registry.npmjs.org/ts-interface-checker/-/ts-interface-checker-0.1.13.tgz. Extracting by manifest.
329 silly tarball no local data for pirates@https://registry.npmjs.org/pirates/-/pirates-4.0.7.tgz. Extracting by manifest.
330 silly tarball no local data for mz@https://registry.npmjs.org/mz/-/mz-2.7.0.tgz. Extracting by manifest.
331 silly tarball no local data for lines-and-columns@https://registry.npmjs.org/lines-and-columns/-/lines-and-columns-1.2.4.tgz. Extracting by manifest.
332 silly tarball no local data for cssesc@https://registry.npmjs.org/cssesc/-/cssesc-3.0.0.tgz. Extracting by manifest.
333 silly tarball no local data for util-deprecate@https://registry.npmjs.org/util-deprecate/-/util-deprecate-1.0.2.tgz. Extracting by manifest.
334 silly tarball no local data for yaml@https://registry.npmjs.org/yaml/-/yaml-2.8.1.tgz. Extracting by manifest.
335 silly tarball no local data for camelcase-css@https://registry.npmjs.org/camelcase-css/-/camelcase-css-2.0.1.tgz. Extracting by manifest.
336 silly tarball no local data for read-cache@https://registry.npmjs.org/read-cache/-/read-cache-1.0.0.tgz. Extracting by manifest.
337 silly tarball no local data for reusify@https://registry.npmjs.org/reusify/-/reusify-1.1.0.tgz. Extracting by manifest.
338 silly tarball no local data for run-parallel@https://registry.npmjs.org/run-parallel/-/run-parallel-1.2.0.tgz. Extracting by manifest.
339 silly tarball no local data for fastq@https://registry.npmjs.org/fastq/-/fastq-1.19.1.tgz. Extracting by manifest.
340 silly tarball no local data for @nodelib/fs.scandir@https://registry.npmjs.org/@nodelib/fs.scandir/-/fs.scandir-2.1.5.tgz. Extracting by manifest.
341 silly tarball no local data for merge2@https://registry.npmjs.org/merge2/-/merge2-1.4.1.tgz. Extracting by manifest.
342 silly tarball no local data for @nodelib/fs.walk@https://registry.npmjs.org/@nodelib/fs.walk/-/fs.walk-1.2.8.tgz. Extracting by manifest.
343 silly tarball no local data for @nodelib/fs.stat@https://registry.npmjs.org/@nodelib/fs.stat/-/fs.stat-2.0.5.tgz. Extracting by manifest.
344 silly tarball no local data for sucrase@https://registry.npmjs.org/sucrase/-/sucrase-3.35.0.tgz. Extracting by manifest.
345 silly tarball no local data for postcss-selector-parser@https://registry.npmjs.org/postcss-selector-parser/-/postcss-selector-parser-6.1.2.tgz. Extracting by manifest.
346 silly tarball no local data for postcss-nested@https://registry.npmjs.org/postcss-nested/-/postcss-nested-6.2.0.tgz. Extracting by manifest.
347 silly tarball no local data for postcss-load-config@https://registry.npmjs.org/postcss-load-config/-/postcss-load-config-4.0.2.tgz. Extracting by manifest.
348 silly tarball no local data for postcss-js@https://registry.npmjs.org/postcss-js/-/postcss-js-4.1.0.tgz. Extracting by manifest.
349 silly tarball no local data for postcss-import@https://registry.npmjs.org/postcss-import/-/postcss-import-15.1.0.tgz. Extracting by manifest.
350 silly tarball no local data for object-hash@https://registry.npmjs.org/object-hash/-/object-hash-3.0.0.tgz. Extracting by manifest.
351 silly tarball no local data for lilconfig@https://registry.npmjs.org/lilconfig/-/lilconfig-2.1.0.tgz. Extracting by manifest.
352 silly tarball no local data for jiti@https://registry.npmjs.org/jiti/-/jiti-1.21.7.tgz. Extracting by manifest.
353 silly tarball no local data for fast-glob@https://registry.npmjs.org/fast-glob/-/fast-glob-3.3.3.tgz. Extracting by manifest.
354 silly tarball no local data for didyoumean@https://registry.npmjs.org/didyoumean/-/didyoumean-1.2.2.tgz. Extracting by manifest.
355 silly tarball no local data for dlv@https://registry.npmjs.org/dlv/-/dlv-1.1.3.tgz. Extracting by manifest.
356 silly tarball no local data for arg@https://registry.npmjs.org/arg/-/arg-5.0.2.tgz. Extracting by manifest.
357 silly tarball no local data for tailwindcss@https://registry.npmjs.org/tailwindcss/-/tailwindcss-3.4.13.tgz. Extracting by manifest.
358 silly tarball no local data for pify@https://registry.npmjs.org/pify/-/pify-2.3.0.tgz. Extracting by manifest.
359 silly tarball no local data for glob@https://registry.npmjs.org/glob/-/glob-10.4.5.tgz. Extracting by manifest.
360 silly tarball no local data for commander@https://registry.npmjs.org/commander/-/commander-4.1.1.tgz. Extracting by manifest.
361 silly tarball no local data for lilconfig@https://registry.npmjs.org/lilconfig/-/lilconfig-3.1.3.tgz. Extracting by manifest.
362 silly tarball no local data for minimatch@https://registry.npmjs.org/minimatch/-/minimatch-9.0.5.tgz. Extracting by manifest.
363 silly tarball no local data for brace-expansion@https://registry.npmjs.org/brace-expansion/-/brace-expansion-2.0.2.tgz. Extracting by manifest.
364 silly tarball no local data for glob-parent@https://registry.npmjs.org/glob-parent/-/glob-parent-6.0.2.tgz. Extracting by manifest.
365 silly tarball no local data for readdirp@https://registry.npmjs.org/readdirp/-/readdirp-3.6.0.tgz. Extracting by manifest.
366 silly tarball no local data for queue-microtask@https://registry.npmjs.org/queue-microtask/-/queue-microtask-1.2.3.tgz. Extracting by manifest.
367 silly tarball no local data for chokidar@https://registry.npmjs.org/chokidar/-/chokidar-3.6.0.tgz. Extracting by manifest.
368 silly tarball no local data for glob-parent@https://registry.npmjs.org/glob-parent/-/glob-parent-5.1.2.tgz. Extracting by manifest.
369 silly tarball no local data for picomatch@https://registry.npmjs.org/picomatch/-/picomatch-2.3.1.tgz. Extracting by manifest.
370 http fetch GET 200 https://registry.npmjs.org/thenify/-/thenify-3.3.1.tgz 60ms (cache miss)
371 http fetch GET 200 https://registry.npmjs.org/thenify-all/-/thenify-all-1.6.0.tgz 68ms (cache miss)
372 http fetch GET 200 https://registry.npmjs.org/mz/-/mz-2.7.0.tgz 75ms (cache miss)
373 http fetch GET 200 https://registry.npmjs.org/any-promise/-/any-promise-1.3.0.tgz 77ms (cache miss)
374 http fetch GET 200 https://registry.npmjs.org/pirates/-/pirates-4.0.7.tgz 77ms (cache miss)
375 http fetch GET 200 https://registry.npmjs.org/ts-interface-checker/-/ts-interface-checker-0.1.13.tgz 80ms (cache miss)
376 http fetch GET 200 https://registry.npmjs.org/fastq/-/fastq-1.19.1.tgz 113ms (cache miss)
377 http fetch GET 200 https://registry.npmjs.org/merge2/-/merge2-1.4.1.tgz 123ms (cache miss)
378 http fetch GET 200 https://registry.npmjs.org/@nodelib/fs.scandir/-/fs.scandir-2.1.5.tgz 157ms (cache miss)
379 http fetch GET 200 https://registry.npmjs.org/@nodelib/fs.stat/-/fs.stat-2.0.5.tgz 158ms (cache miss)
380 http fetch GET 200 https://registry.npmjs.org/@nodelib/fs.walk/-/fs.walk-1.2.8.tgz 159ms (cache miss)
381 http fetch GET 200 https://registry.npmjs.org/postcss-selector-parser/-/postcss-selector-parser-6.1.2.tgz 169ms (cache miss)
382 http fetch GET 200 https://registry.npmjs.org/run-parallel/-/run-parallel-1.2.0.tgz 175ms (cache miss)
383 http fetch GET 200 https://registry.npmjs.org/cssesc/-/cssesc-3.0.0.tgz 187ms (cache miss)
384 http fetch GET 200 https://registry.npmjs.org/postcss-nested/-/postcss-nested-6.2.0.tgz 189ms (cache miss)
385 http fetch GET 200 https://registry.npmjs.org/util-deprecate/-/util-deprecate-1.0.2.tgz 192ms (cache miss)
386 http fetch GET 200 https://registry.npmjs.org/lines-and-columns/-/lines-and-columns-1.2.4.tgz 193ms (cache miss)
387 http fetch GET 200 https://registry.npmjs.org/reusify/-/reusify-1.1.0.tgz 215ms (cache miss)
388 http fetch GET 200 https://registry.npmjs.org/read-cache/-/read-cache-1.0.0.tgz 217ms (cache miss)
389 http fetch GET 200 https://registry.npmjs.org/postcss-load-config/-/postcss-load-config-4.0.2.tgz 216ms (cache miss)
390 http fetch GET 200 https://registry.npmjs.org/camelcase-css/-/camelcase-css-2.0.1.tgz 219ms (cache miss)
391 http fetch GET 200 https://registry.npmjs.org/postcss-import/-/postcss-import-15.1.0.tgz 220ms (cache miss)
392 http fetch GET 200 https://registry.npmjs.org/postcss-js/-/postcss-js-4.1.0.tgz 222ms (cache miss)
393 http fetch GET 200 https://registry.npmjs.org/object-hash/-/object-hash-3.0.0.tgz 240ms (cache miss)
394 http fetch GET 200 https://registry.npmjs.org/lilconfig/-/lilconfig-2.1.0.tgz 242ms (cache miss)
395 http fetch GET 200 https://registry.npmjs.org/sucrase/-/sucrase-3.35.0.tgz 248ms (cache miss)
396 http fetch GET 200 https://registry.npmjs.org/dlv/-/dlv-1.1.3.tgz 249ms (cache miss)
397 http fetch GET 200 https://registry.npmjs.org/fast-glob/-/fast-glob-3.3.3.tgz 273ms (cache miss)
398 http fetch GET 200 https://registry.npmjs.org/arg/-/arg-5.0.2.tgz 276ms (cache miss)
399 http fetch GET 200 https://registry.npmjs.org/pify/-/pify-2.3.0.tgz 276ms (cache miss)
400 http fetch GET 200 https://registry.npmjs.org/lilconfig/-/lilconfig-3.1.3.tgz 276ms (cache miss)
401 http fetch GET 200 https://registry.npmjs.org/commander/-/commander-4.1.1.tgz 279ms (cache miss)
402 http fetch GET 200 https://registry.npmjs.org/glob-parent/-/glob-parent-6.0.2.tgz 291ms (cache miss)
403 http fetch GET 200 https://registry.npmjs.org/yaml/-/yaml-2.8.1.tgz 297ms (cache miss)
404 http fetch GET 200 https://registry.npmjs.org/brace-expansion/-/brace-expansion-2.0.2.tgz 303ms (cache miss)
405 http fetch GET 200 https://registry.npmjs.org/readdirp/-/readdirp-3.6.0.tgz 304ms (cache miss)
406 http fetch GET 200 https://registry.npmjs.org/minimatch/-/minimatch-9.0.5.tgz 305ms (cache miss)
407 http fetch GET 200 https://registry.npmjs.org/chokidar/-/chokidar-3.6.0.tgz 310ms (cache miss)
408 http fetch GET 200 https://registry.npmjs.org/queue-microtask/-/queue-microtask-1.2.3.tgz 314ms (cache miss)
409 http fetch GET 200 https://registry.npmjs.org/glob-parent/-/glob-parent-5.1.2.tgz 323ms (cache miss)
410 http fetch GET 200 https://registry.npmjs.org/picomatch/-/picomatch-2.3.1.tgz 332ms (cache miss)
411 http fetch GET 200 https://registry.npmjs.org/glob/-/glob-10.4.5.tgz 347ms (cache miss)
412 http fetch GET 200 https://registry.npmjs.org/didyoumean/-/didyoumean-1.2.2.tgz 394ms (cache miss)
413 http fetch GET 200 https://registry.npmjs.org/tailwindcss/-/tailwindcss-3.4.13.tgz 445ms (cache miss)
414 http fetch GET 200 https://registry.npmjs.org/jiti/-/jiti-1.21.7.tgz 465ms (cache miss)
415 http fetch POST 200 https://registry.npmjs.org/-/npm/v1/security/advisories/bulk 633ms
416 silly audit report {}
417 silly ADD node_modules/thenify
418 silly ADD node_modules/thenify-all
419 silly ADD node_modules/any-promise
420 silly ADD node_modules/ts-interface-checker
421 silly ADD node_modules/pirates
422 silly ADD node_modules/mz
423 silly ADD node_modules/lines-and-columns
424 silly ADD node_modules/queue-microtask
425 silly ADD node_modules/util-deprecate
426 silly ADD node_modules/cssesc
427 silly ADD node_modules/yaml
428 silly ADD node_modules/camelcase-css
429 silly ADD node_modules/read-cache
430 silly ADD node_modules/read-cache/node_modules/pify
431 silly ADD node_modules/reusify
432 silly ADD node_modules/run-parallel
433 silly ADD node_modules/fastq
434 silly ADD node_modules/@nodelib/fs.scandir
435 silly ADD node_modules/merge2
436 silly ADD node_modules/@nodelib/fs.walk
437 silly ADD node_modules/@nodelib/fs.stat
438 silly ADD node_modules/sucrase
439 silly ADD node_modules/sucrase/node_modules/brace-expansion
440 silly ADD node_modules/sucrase/node_modules/minimatch
441 silly ADD node_modules/sucrase/node_modules/glob
442 silly ADD node_modules/sucrase/node_modules/commander
443 silly ADD node_modules/postcss-selector-parser
444 silly ADD node_modules/postcss-nested
445 silly ADD node_modules/postcss-load-config
446 silly ADD node_modules/postcss-load-config/node_modules/lilconfig
447 silly ADD node_modules/postcss-js
448 silly ADD node_modules/postcss-import
449 silly ADD node_modules/object-hash
450 silly ADD node_modules/lilconfig
451 silly ADD node_modules/jiti
452 silly ADD node_modules/fast-glob
453 silly ADD node_modules/dlv
454 silly ADD node_modules/didyoumean
455 silly ADD node_modules/arg
456 silly ADD node_modules/@alloc/quick-lru
457 silly CHANGE node_modules/tailwindcss
458 silly ADD node_modules/tailwindcss/node_modules/picomatch
459 silly ADD node_modules/tailwindcss/node_modules/readdirp
460 silly ADD node_modules/tailwindcss/node_modules/glob-parent
461 silly ADD node_modules/tailwindcss/node_modules/chokidar
462 silly ADD node_modules/tailwindcss/node_modules/chokidar/node_modules/glob-parent
463 verbose cwd /Users/bao312/Desktop/test123
464 verbose os Darwin 24.6.0
465 verbose node v24.10.0
466 verbose npm  v11.6.0
467 verbose exit 0
468 info ok
