0 verbose cli /opt/homebrew/Cellar/node/24.10.0_1/bin/node /opt/homebrew/bin/npm
1 info using npm@11.6.0
2 info using node@v24.10.0
3 silly config load:file:/opt/homebrew/lib/node_modules/npm/npmrc
4 silly config load:file:/Users/bao312/Desktop/test123/.npmrc
5 silly config load:file:/Users/bao312/.npmrc
6 silly config load:file:/opt/homebrew/etc/npmrc
7 verbose title npm remove @tailwindcss/postcss
8 verbose argv "remove" "@tailwindcss/postcss"
9 verbose logfile logs-max:10 dir:/Users/bao312/Desktop/test123/.npm-cache/_logs/2025-11-05T07_22_50_868Z-
10 verbose logfile /Users/bao312/Desktop/test123/.npm-cache/_logs/2025-11-05T07_22_50_868Z-debug-0.log
11 silly logfile done cleaning log files
12 silly packumentCache heap:4496293888 maxSize:1124073472 maxEntrySize:562036736
13 silly idealTree buildDeps
14 silly reify mark retired [ '/Users/bao312/Desktop/test123/node_modules/@alloc/quick-lru' ]
15 silly reify mark retired [ '/Users/bao312/Desktop/test123/node_modules/@jridgewell/remapping' ]
16 silly reify mark retired [ '/Users/bao312/Desktop/test123/node_modules/@tailwindcss/node' ]
17 silly reify mark retired [ '/Users/bao312/Desktop/test123/node_modules/@tailwindcss/oxide' ]
18 silly reify mark retired [
18 silly reify   '/Users/bao312/Desktop/test123/node_modules/@tailwindcss/oxide-android-arm64'
18 silly reify ]
19 silly reify mark retired [
19 silly reify   '/Users/bao312/Desktop/test123/node_modules/@tailwindcss/oxide-darwin-arm64'
19 silly reify ]
20 silly reify mark retired [
20 silly reify   '/Users/bao312/Desktop/test123/node_modules/@tailwindcss/oxide-darwin-x64'
20 silly reify ]
21 silly reify mark retired [
21 silly reify   '/Users/bao312/Desktop/test123/node_modules/@tailwindcss/oxide-freebsd-x64'
21 silly reify ]
22 silly reify mark retired [
22 silly reify   '/Users/bao312/Desktop/test123/node_modules/@tailwindcss/oxide-linux-arm-gnueabihf'
22 silly reify ]
23 silly reify mark retired [
23 silly reify   '/Users/bao312/Desktop/test123/node_modules/@tailwindcss/oxide-linux-arm64-gnu'
23 silly reify ]
24 silly reify mark retired [
24 silly reify   '/Users/bao312/Desktop/test123/node_modules/@tailwindcss/oxide-linux-arm64-musl'
24 silly reify ]
25 silly reify mark retired [
25 silly reify   '/Users/bao312/Desktop/test123/node_modules/@tailwindcss/oxide-linux-x64-gnu'
25 silly reify ]
26 silly reify mark retired [
26 silly reify   '/Users/bao312/Desktop/test123/node_modules/@tailwindcss/oxide-linux-x64-musl'
26 silly reify ]
27 silly reify mark retired [
27 silly reify   '/Users/bao312/Desktop/test123/node_modules/@tailwindcss/oxide-wasm32-wasi'
27 silly reify ]
28 silly reify mark retired [
28 silly reify   '/Users/bao312/Desktop/test123/node_modules/@tailwindcss/oxide-win32-arm64-msvc'
28 silly reify ]
29 silly reify mark retired [
29 silly reify   '/Users/bao312/Desktop/test123/node_modules/@tailwindcss/oxide-win32-x64-msvc'
29 silly reify ]
30 silly reify mark retired [ '/Users/bao312/Desktop/test123/node_modules/@tailwindcss/postcss' ]
31 silly reify mark retired [ '/Users/bao312/Desktop/test123/node_modules/enhanced-resolve' ]
32 silly reify mark retired [
32 silly reify   '/Users/bao312/Desktop/test123/node_modules/jiti',
32 silly reify   '/Users/bao312/Desktop/test123/node_modules/.bin/jiti'
32 silly reify ]
33 silly reify mark retired [ '/Users/bao312/Desktop/test123/node_modules/lightningcss' ]
34 silly reify mark retired [
34 silly reify   '/Users/bao312/Desktop/test123/node_modules/lightningcss-android-arm64'
34 silly reify ]
35 silly reify mark retired [
35 silly reify   '/Users/bao312/Desktop/test123/node_modules/lightningcss-darwin-arm64'
35 silly reify ]
36 silly reify mark retired [
36 silly reify   '/Users/bao312/Desktop/test123/node_modules/lightningcss-darwin-x64'
36 silly reify ]
37 silly reify mark retired [
37 silly reify   '/Users/bao312/Desktop/test123/node_modules/lightningcss-freebsd-x64'
37 silly reify ]
38 silly reify mark retired [
38 silly reify   '/Users/bao312/Desktop/test123/node_modules/lightningcss-linux-arm-gnueabihf'
38 silly reify ]
39 silly reify mark retired [
39 silly reify   '/Users/bao312/Desktop/test123/node_modules/lightningcss-linux-arm64-gnu'
39 silly reify ]
40 silly reify mark retired [
40 silly reify   '/Users/bao312/Desktop/test123/node_modules/lightningcss-linux-arm64-musl'
40 silly reify ]
41 silly reify mark retired [
41 silly reify   '/Users/bao312/Desktop/test123/node_modules/lightningcss-linux-x64-gnu'
41 silly reify ]
42 silly reify mark retired [
42 silly reify   '/Users/bao312/Desktop/test123/node_modules/lightningcss-linux-x64-musl'
42 silly reify ]
43 silly reify mark retired [
43 silly reify   '/Users/bao312/Desktop/test123/node_modules/lightningcss-win32-arm64-msvc'
43 silly reify ]
44 silly reify mark retired [
44 silly reify   '/Users/bao312/Desktop/test123/node_modules/lightningcss-win32-x64-msvc'
44 silly reify ]
45 silly reify mark retired [ '/Users/bao312/Desktop/test123/node_modules/tapable' ]
46 silly reify moves {
46 silly reify   '/Users/bao312/Desktop/test123/node_modules/@alloc/quick-lru': '/Users/bao312/Desktop/test123/node_modules/@alloc/.quick-lru-SIfPhgLz',
46 silly reify   '/Users/bao312/Desktop/test123/node_modules/@jridgewell/remapping': '/Users/bao312/Desktop/test123/node_modules/@jridgewell/.remapping-98d5Z1Ta',
46 silly reify   '/Users/bao312/Desktop/test123/node_modules/@tailwindcss/node': '/Users/bao312/Desktop/test123/node_modules/@tailwindcss/.node-2MLuMtzo',
46 silly reify   '/Users/bao312/Desktop/test123/node_modules/@tailwindcss/oxide': '/Users/bao312/Desktop/test123/node_modules/@tailwindcss/.oxide-HfWW1ONG',
46 silly reify   '/Users/bao312/Desktop/test123/node_modules/@tailwindcss/oxide-android-arm64': '/Users/bao312/Desktop/test123/node_modules/@tailwindcss/.oxide-android-arm64-fj240rkz',
46 silly reify   '/Users/bao312/Desktop/test123/node_modules/@tailwindcss/oxide-darwin-arm64': '/Users/bao312/Desktop/test123/node_modules/@tailwindcss/.oxide-darwin-arm64-CTOOQcP3',
46 silly reify   '/Users/bao312/Desktop/test123/node_modules/@tailwindcss/oxide-darwin-x64': '/Users/bao312/Desktop/test123/node_modules/@tailwindcss/.oxide-darwin-x64-zjgQ8VUt',
46 silly reify   '/Users/bao312/Desktop/test123/node_modules/@tailwindcss/oxide-freebsd-x64': '/Users/bao312/Desktop/test123/node_modules/@tailwindcss/.oxide-freebsd-x64-euvSI0CK',
46 silly reify   '/Users/bao312/Desktop/test123/node_modules/@tailwindcss/oxide-linux-arm-gnueabihf': '/Users/bao312/Desktop/test123/node_modules/@tailwindcss/.oxide-linux-arm-gnueabihf-WYk9xHpD',
46 silly reify   '/Users/bao312/Desktop/test123/node_modules/@tailwindcss/oxide-linux-arm64-gnu': '/Users/bao312/Desktop/test123/node_modules/@tailwindcss/.oxide-linux-arm64-gnu-nSs1x4VD',
46 silly reify   '/Users/bao312/Desktop/test123/node_modules/@tailwindcss/oxide-linux-arm64-musl': '/Users/bao312/Desktop/test123/node_modules/@tailwindcss/.oxide-linux-arm64-musl-qN1iaNr6',
46 silly reify   '/Users/bao312/Desktop/test123/node_modules/@tailwindcss/oxide-linux-x64-gnu': '/Users/bao312/Desktop/test123/node_modules/@tailwindcss/.oxide-linux-x64-gnu-w54FSKN9',
46 silly reify   '/Users/bao312/Desktop/test123/node_modules/@tailwindcss/oxide-linux-x64-musl': '/Users/bao312/Desktop/test123/node_modules/@tailwindcss/.oxide-linux-x64-musl-EIGzJJ8I',
46 silly reify   '/Users/bao312/Desktop/test123/node_modules/@tailwindcss/oxide-wasm32-wasi': '/Users/bao312/Desktop/test123/node_modules/@tailwindcss/.oxide-wasm32-wasi-r3h2WSnT',
46 silly reify   '/Users/bao312/Desktop/test123/node_modules/@tailwindcss/oxide-win32-arm64-msvc': '/Users/bao312/Desktop/test123/node_modules/@tailwindcss/.oxide-win32-arm64-msvc-ysJYOWlU',
46 silly reify   '/Users/bao312/Desktop/test123/node_modules/@tailwindcss/oxide-win32-x64-msvc': '/Users/bao312/Desktop/test123/node_modules/@tailwindcss/.oxide-win32-x64-msvc-PjzhpTD6',
46 silly reify   '/Users/bao312/Desktop/test123/node_modules/@tailwindcss/postcss': '/Users/bao312/Desktop/test123/node_modules/@tailwindcss/.postcss-J7Wyiusl',
46 silly reify   '/Users/bao312/Desktop/test123/node_modules/enhanced-resolve': '/Users/bao312/Desktop/test123/node_modules/.enhanced-resolve-UidNBdwT',
46 silly reify   '/Users/bao312/Desktop/test123/node_modules/jiti': '/Users/bao312/Desktop/test123/node_modules/.jiti-oYJcNYth',
46 silly reify   '/Users/bao312/Desktop/test123/node_modules/.bin/jiti': '/Users/bao312/Desktop/test123/node_modules/.bin/.jiti-fXiJKvW7',
46 silly reify   '/Users/bao312/Desktop/test123/node_modules/lightningcss': '/Users/bao312/Desktop/test123/node_modules/.lightningcss-TtUQqPSW',
46 silly reify   '/Users/bao312/Desktop/test123/node_modules/lightningcss-android-arm64': '/Users/bao312/Desktop/test123/node_modules/.lightningcss-android-arm64-QCS1IQdk',
46 silly reify   '/Users/bao312/Desktop/test123/node_modules/lightningcss-darwin-arm64': '/Users/bao312/Desktop/test123/node_modules/.lightningcss-darwin-arm64-bA6rwdpf',
46 silly reify   '/Users/bao312/Desktop/test123/node_modules/lightningcss-darwin-x64': '/Users/bao312/Desktop/test123/node_modules/.lightningcss-darwin-x64-s2WRqvj6',
46 silly reify   '/Users/bao312/Desktop/test123/node_modules/lightningcss-freebsd-x64': '/Users/bao312/Desktop/test123/node_modules/.lightningcss-freebsd-x64-Z6TgJc3v',
46 silly reify   '/Users/bao312/Desktop/test123/node_modules/lightningcss-linux-arm-gnueabihf': '/Users/bao312/Desktop/test123/node_modules/.lightningcss-linux-arm-gnueabihf-6yKBKU1w',
46 silly reify   '/Users/bao312/Desktop/test123/node_modules/lightningcss-linux-arm64-gnu': '/Users/bao312/Desktop/test123/node_modules/.lightningcss-linux-arm64-gnu-hlI1Hzjr',
46 silly reify   '/Users/bao312/Desktop/test123/node_modules/lightningcss-linux-arm64-musl': '/Users/bao312/Desktop/test123/node_modules/.lightningcss-linux-arm64-musl-UoxbYEgf',
46 silly reify   '/Users/bao312/Desktop/test123/node_modules/lightningcss-linux-x64-gnu': '/Users/bao312/Desktop/test123/node_modules/.lightningcss-linux-x64-gnu-SJat6AEA',
46 silly reify   '/Users/bao312/Desktop/test123/node_modules/lightningcss-linux-x64-musl': '/Users/bao312/Desktop/test123/node_modules/.lightningcss-linux-x64-musl-aINHLcTT',
46 silly reify   '/Users/bao312/Desktop/test123/node_modules/lightningcss-win32-arm64-msvc': '/Users/bao312/Desktop/test123/node_modules/.lightningcss-win32-arm64-msvc-5AoOxrq3',
46 silly reify   '/Users/bao312/Desktop/test123/node_modules/lightningcss-win32-x64-msvc': '/Users/bao312/Desktop/test123/node_modules/.lightningcss-win32-x64-msvc-WL3HmEum',
46 silly reify   '/Users/bao312/Desktop/test123/node_modules/tapable': '/Users/bao312/Desktop/test123/node_modules/.tapable-RuHkk3fW'
46 silly reify }
47 silly audit bulk request {
47 silly audit   '@algolia/abtesting': [ '1.1.0' ],
47 silly audit   '@algolia/client-abtesting': [ '5.35.0' ],
47 silly audit   '@algolia/client-analytics': [ '5.35.0' ],
47 silly audit   '@algolia/client-common': [ '5.35.0' ],
47 silly audit   '@algolia/client-insights': [ '5.35.0' ],
47 silly audit   '@algolia/client-personalization': [ '5.35.0' ],
47 silly audit   '@algolia/client-query-suggestions': [ '5.35.0' ],
47 silly audit   '@algolia/client-search': [ '5.35.0' ],
47 silly audit   '@algolia/ingestion': [ '1.35.0' ],
47 silly audit   '@algolia/monitoring': [ '1.35.0' ],
47 silly audit   '@algolia/recommend': [ '5.35.0' ],
47 silly audit   '@algolia/requester-browser-xhr': [ '5.35.0' ],
47 silly audit   '@algolia/requester-fetch': [ '5.35.0' ],
47 silly audit   '@algolia/requester-node-http': [ '5.35.0' ],
47 silly audit   '@ampproject/remapping': [ '2.3.0' ],
47 silly audit   '@angular-devkit/architect': [ '0.2003.8' ],
47 silly audit   '@angular-devkit/core': [ '20.3.8' ],
47 silly audit   '@angular-devkit/schematics': [ '20.3.8' ],
47 silly audit   '@angular/build': [ '20.3.8' ],
47 silly audit   '@angular/cli': [ '20.3.8' ],
47 silly audit   '@angular/common': [ '20.3.9' ],
47 silly audit   '@angular/compiler': [ '20.3.9' ],
47 silly audit   '@angular/compiler-cli': [ '20.3.9' ],
47 silly audit   '@angular/core': [ '20.3.9' ],
47 silly audit   '@angular/elements': [ '20.3.9' ],
47 silly audit   '@angular/forms': [ '20.3.9' ],
47 silly audit   '@angular/platform-browser': [ '20.3.9' ],
47 silly audit   '@angular/router': [ '20.3.9' ],
47 silly audit   '@babel/code-frame': [ '7.27.1' ],
47 silly audit   '@babel/compat-data': [ '7.28.5' ],
47 silly audit   '@babel/core': [ '7.28.3' ],
47 silly audit   'convert-source-map': [ '2.0.0', '1.9.0' ],
47 silly audit   semver: [ '6.3.1', '5.7.2', '7.7.2' ],
47 silly audit   '@babel/generator': [ '7.28.5' ],
47 silly audit   '@babel/helper-annotate-as-pure': [ '7.27.3' ],
47 silly audit   '@babel/helper-compilation-targets': [ '7.27.2' ],
47 silly audit   '@babel/helper-globals': [ '7.28.0' ],
47 silly audit   '@babel/helper-module-imports': [ '7.27.1' ],
47 silly audit   '@babel/helper-module-transforms': [ '7.28.3' ],
47 silly audit   '@babel/helper-split-export-declaration': [ '7.24.7' ],
47 silly audit   '@babel/helper-string-parser': [ '7.27.1' ],
47 silly audit   '@babel/helper-validator-identifier': [ '7.28.5' ],
47 silly audit   '@babel/helper-validator-option': [ '7.27.1' ],
47 silly audit   '@babel/helpers': [ '7.28.4' ],
47 silly audit   '@babel/parser': [ '7.28.5' ],
47 silly audit   '@babel/template': [ '7.27.2' ],
47 silly audit   '@babel/traverse': [ '7.28.5' ],
47 silly audit   '@babel/types': [ '7.28.5' ],
47 silly audit   '@colors/colors': [ '1.5.0' ],
47 silly audit   '@esbuild/aix-ppc64': [ '0.25.9' ],
47 silly audit   '@esbuild/android-arm': [ '0.25.9' ],
47 silly audit   '@esbuild/android-arm64': [ '0.25.9' ],
47 silly audit   '@esbuild/android-x64': [ '0.25.9' ],
47 silly audit   '@esbuild/darwin-arm64': [ '0.25.9' ],
47 silly audit   '@esbuild/darwin-x64': [ '0.25.9' ],
47 silly audit   '@esbuild/freebsd-arm64': [ '0.25.9' ],
47 silly audit   '@esbuild/freebsd-x64': [ '0.25.9' ],
47 silly audit   '@esbuild/linux-arm': [ '0.25.9' ],
47 silly audit   '@esbuild/linux-arm64': [ '0.25.9' ],
47 silly audit   '@esbuild/linux-ia32': [ '0.25.9' ],
47 silly audit   '@esbuild/linux-loong64': [ '0.25.9' ],
47 silly audit   '@esbuild/linux-mips64el': [ '0.25.9' ],
47 silly audit   '@esbuild/linux-ppc64': [ '0.25.9' ],
47 silly audit   '@esbuild/linux-riscv64': [ '0.25.9' ],
47 silly audit   '@esbuild/linux-s390x': [ '0.25.9' ],
47 silly audit   '@esbuild/linux-x64': [ '0.25.9' ],
47 silly audit   '@esbuild/netbsd-arm64': [ '0.25.9' ],
47 silly audit   '@esbuild/netbsd-x64': [ '0.25.9' ],
47 silly audit   '@esbuild/openbsd-arm64': [ '0.25.9' ],
47 silly audit   '@esbuild/openbsd-x64': [ '0.25.9' ],
47 silly audit   '@esbuild/openharmony-arm64': [ '0.25.9' ],
47 silly audit   '@esbuild/sunos-x64': [ '0.25.9' ],
47 silly audit   '@esbuild/win32-arm64': [ '0.25.9' ],
47 silly audit   '@esbuild/win32-ia32': [ '0.25.9' ],
47 silly audit   '@esbuild/win32-x64': [ '0.25.9' ],
47 silly audit   '@inquirer/ansi': [ '1.0.1' ],
47 silly audit   '@inquirer/checkbox': [ '4.3.0' ],
47 silly audit   '@inquirer/confirm': [ '5.1.14' ],
47 silly audit   '@inquirer/core': [ '10.3.0' ],
47 silly audit   '@inquirer/editor': [ '4.2.21' ],
47 silly audit   '@inquirer/expand': [ '4.0.21' ],
47 silly audit   '@inquirer/external-editor': [ '1.0.2' ],
47 silly audit   '@inquirer/figures': [ '1.0.14' ],
47 silly audit   '@inquirer/input': [ '4.2.5' ],
47 silly audit   '@inquirer/number': [ '3.0.21' ],
47 silly audit   '@inquirer/password': [ '4.0.21' ],
47 silly audit   '@inquirer/prompts': [ '7.8.2' ],
47 silly audit   '@inquirer/rawlist': [ '4.1.9' ],
47 silly audit   '@inquirer/search': [ '3.2.0' ],
47 silly audit   '@inquirer/select': [ '4.4.0' ],
47 silly audit   '@inquirer/type': [ '3.0.9' ],
47 silly audit   '@isaacs/balanced-match': [ '4.0.1' ],
47 silly audit   '@isaacs/brace-expansion': [ '5.0.0' ],
47 silly audit   '@isaacs/cliui': [ '8.0.2' ],
47 silly audit   'emoji-regex': [ '9.2.2', '10.6.0', '8.0.0' ],
47 silly audit   'string-width': [ '5.1.2', '4.2.3', '7.2.0' ],
47 silly audit   'wrap-ansi': [ '8.1.0', '9.0.2', '7.0.0', '6.2.0' ],
47 silly audit   '@isaacs/fs-minipass': [ '4.0.1' ],
47 silly audit   '@istanbuljs/schema': [ '0.1.3' ],
47 silly audit   '@jridgewell/gen-mapping': [ '0.3.13' ],
47 silly audit   '@jridgewell/resolve-uri': [ '3.1.2' ],
47 silly audit   '@jridgewell/sourcemap-codec': [ '1.5.5' ],
47 silly audit   '@jridgewell/trace-mapping': [ '0.3.31' ],
47 silly audit   '@listr2/prompt-adapter-inquirer': [ '3.0.1' ],
47 silly audit   '@lmdb/lmdb-darwin-arm64': [ '3.4.2' ],
47 silly audit   '@lmdb/lmdb-darwin-x64': [ '3.4.2' ],
47 silly audit   '@lmdb/lmdb-linux-arm': [ '3.4.2' ],
47 silly audit   '@lmdb/lmdb-linux-arm64': [ '3.4.2' ],
47 silly audit   '@lmdb/lmdb-linux-x64': [ '3.4.2' ],
47 silly audit   '@lmdb/lmdb-win32-arm64': [ '3.4.2' ],
47 silly audit   '@lmdb/lmdb-win32-x64': [ '3.4.2' ],
47 silly audit   '@modelcontextprotocol/sdk': [ '1.17.3' ],
47 silly audit   ajv: [ '6.12.6', '8.17.1' ],
47 silly audit   'json-schema-traverse': [ '0.4.1', '1.0.0' ],
47 silly audit   '@msgpackr-extract/msgpackr-extract-darwin-arm64': [ '3.0.3' ],
47 silly audit   '@msgpackr-extract/msgpackr-extract-darwin-x64': [ '3.0.3' ],
47 silly audit   '@msgpackr-extract/msgpackr-extract-linux-arm': [ '3.0.3' ],
47 silly audit   '@msgpackr-extract/msgpackr-extract-linux-arm64': [ '3.0.3' ],
47 silly audit   '@msgpackr-extract/msgpackr-extract-linux-x64': [ '3.0.3' ],
47 silly audit   '@msgpackr-extract/msgpackr-extract-win32-x64': [ '3.0.3' ],
47 silly audit   '@napi-rs/nice': [ '1.1.1' ],
47 silly audit   '@napi-rs/nice-android-arm-eabi': [ '1.1.1' ],
47 silly audit   '@napi-rs/nice-android-arm64': [ '1.1.1' ],
47 silly audit   '@napi-rs/nice-darwin-arm64': [ '1.1.1' ],
47 silly audit   '@napi-rs/nice-darwin-x64': [ '1.1.1' ],
47 silly audit   '@napi-rs/nice-freebsd-x64': [ '1.1.1' ],
47 silly audit   '@napi-rs/nice-linux-arm-gnueabihf': [ '1.1.1' ],
47 silly audit   '@napi-rs/nice-linux-arm64-gnu': [ '1.1.1' ],
47 silly audit   '@napi-rs/nice-linux-arm64-musl': [ '1.1.1' ],
47 silly audit   '@napi-rs/nice-linux-ppc64-gnu': [ '1.1.1' ],
47 silly audit   '@napi-rs/nice-linux-riscv64-gnu': [ '1.1.1' ],
47 silly audit   '@napi-rs/nice-linux-s390x-gnu': [ '1.1.1' ],
47 silly audit   '@napi-rs/nice-linux-x64-gnu': [ '1.1.1' ],
47 silly audit   '@napi-rs/nice-linux-x64-musl': [ '1.1.1' ],
47 silly audit   '@napi-rs/nice-openharmony-arm64': [ '1.1.1' ],
47 silly audit   '@napi-rs/nice-win32-arm64-msvc': [ '1.1.1' ],
47 silly audit   '@napi-rs/nice-win32-ia32-msvc': [ '1.1.1' ],
47 silly audit   '@napi-rs/nice-win32-x64-msvc': [ '1.1.1' ],
47 silly audit   '@npmcli/agent': [ '3.0.0' ],
47 silly audit   'lru-cache': [ '10.4.3', '11.2.2', '5.1.1' ],
47 silly audit   '@npmcli/fs': [ '4.0.0' ],
47 silly audit   '@npmcli/git': [ '6.0.3' ],
47 silly audit   isexe: [ '3.1.1', '2.0.0' ],
47 silly audit   which: [ '5.0.0', '1.3.1', '2.0.2' ],
47 silly audit   '@npmcli/installed-package-contents': [ '3.0.0' ],
47 silly audit   '@npmcli/node-gyp': [ '4.0.0' ],
47 silly audit   '@npmcli/package-json': [ '6.2.0' ],
47 silly audit   'brace-expansion': [ '2.0.2', '1.1.12' ],
47 silly audit   glob: [ '10.4.5', '7.2.3' ],
47 silly audit   'hosted-git-info': [ '8.1.0', '9.0.2' ],
47 silly audit   minimatch: [ '9.0.5', '10.1.1', '3.1.2' ],
47 silly audit   '@npmcli/promise-spawn': [ '8.0.3' ],
47 silly audit   '@npmcli/redact': [ '3.2.2' ],
47 silly audit   '@npmcli/run-script': [ '9.1.0' ],
47 silly audit   '@parcel/watcher': [ '2.5.1' ],
47 silly audit   '@parcel/watcher-android-arm64': [ '2.5.1' ],
47 silly audit   '@parcel/watcher-darwin-arm64': [ '2.5.1' ],
47 silly audit   '@parcel/watcher-darwin-x64': [ '2.5.1' ],
47 silly audit   '@parcel/watcher-freebsd-x64': [ '2.5.1' ],
47 silly audit   '@parcel/watcher-linux-arm-glibc': [ '2.5.1' ],
47 silly audit   '@parcel/watcher-linux-arm-musl': [ '2.5.1' ],
47 silly audit   '@parcel/watcher-linux-arm64-glibc': [ '2.5.1' ],
47 silly audit   '@parcel/watcher-linux-arm64-musl': [ '2.5.1' ],
47 silly audit   '@parcel/watcher-linux-x64-glibc': [ '2.5.1' ],
47 silly audit   '@parcel/watcher-linux-x64-musl': [ '2.5.1' ],
47 silly audit   '@parcel/watcher-win32-arm64': [ '2.5.1' ],
47 silly audit   '@parcel/watcher-win32-ia32': [ '2.5.1' ],
47 silly audit   '@parcel/watcher-win32-x64': [ '2.5.1' ],
47 silly audit   'detect-libc': [ '1.0.3', '2.1.2' ],
47 silly audit   'node-addon-api': [ '7.1.1', '6.1.0' ],
47 silly audit   '@pkgjs/parseargs': [ '0.11.0' ],
47 silly audit   '@rollup/plugin-json': [ '6.1.0' ],
47 silly audit   '@rollup/pluginutils': [ '5.3.0' ],
47 silly audit   '@rollup/rollup-android-arm-eabi': [ '4.52.3' ],
47 silly audit   '@rollup/rollup-android-arm64': [ '4.52.3' ],
47 silly audit   '@rollup/rollup-darwin-arm64': [ '4.52.3' ],
47 silly audit   '@rollup/rollup-darwin-x64': [ '4.52.3' ],
47 silly audit   '@rollup/rollup-freebsd-arm64': [ '4.52.3' ],
47 silly audit   '@rollup/rollup-freebsd-x64': [ '4.52.3' ],
47 silly audit   '@rollup/rollup-linux-arm-gnueabihf': [ '4.52.3' ],
47 silly audit   '@rollup/rollup-linux-arm-musleabihf': [ '4.52.3' ],
47 silly audit   '@rollup/rollup-linux-arm64-gnu': [ '4.52.3' ],
47 silly audit   '@rollup/rollup-linux-arm64-musl': [ '4.52.3' ],
47 silly audit   '@rollup/rollup-linux-loong64-gnu': [ '4.52.3' ],
47 silly audit   '@rollup/rollup-linux-ppc64-gnu': [ '4.52.3' ],
47 silly audit   '@rollup/rollup-linux-riscv64-gnu': [ '4.52.3' ],
47 silly audit   '@rollup/rollup-linux-riscv64-musl': [ '4.52.3' ],
47 silly audit   '@rollup/rollup-linux-s390x-gnu': [ '4.52.3' ],
47 silly audit   '@rollup/rollup-linux-x64-gnu': [ '4.52.3' ],
47 silly audit   '@rollup/rollup-linux-x64-musl': [ '4.52.3' ],
47 silly audit   '@rollup/rollup-openharmony-arm64': [ '4.52.3' ],
47 silly audit   '@rollup/rollup-win32-arm64-msvc': [ '4.52.3' ],
47 silly audit   '@rollup/rollup-win32-ia32-msvc': [ '4.52.3' ],
47 silly audit   '@rollup/rollup-win32-x64-gnu': [ '4.52.3' ],
47 silly audit   '@rollup/rollup-win32-x64-msvc': [ '4.52.3' ],
47 silly audit   '@rollup/wasm-node': [ '4.52.5' ],
47 silly audit   '@schematics/angular': [ '20.3.8' ],
47 silly audit   '@sigstore/bundle': [ '3.1.0' ],
47 silly audit   '@sigstore/core': [ '2.0.0' ],
47 silly audit   '@sigstore/protobuf-specs': [ '0.4.3' ],
47 silly audit   '@sigstore/sign': [ '3.1.0' ],
47 silly audit   '@sigstore/tuf': [ '3.1.1' ],
47 silly audit   '@sigstore/verify': [ '2.1.1' ],
47 silly audit   '@socket.io/component-emitter': [ '3.1.2' ],
47 silly audit   'magic-string': [ '0.30.17' ],
47 silly audit   '@tufjs/canonical-json': [ '2.0.0' ],
47 silly audit   '@tufjs/models': [ '3.0.1' ],
47 silly audit   '@types/cors': [ '2.8.19' ],
47 silly audit   '@types/estree': [ '1.0.8' ],
47 silly audit   '@types/jasmine': [ '5.1.12' ],
47 silly audit   '@types/node': [ '24.10.0' ],
47 silly audit   '@vitejs/plugin-basic-ssl': [ '2.1.0' ],
47 silly audit   '@yarnpkg/lockfile': [ '1.1.0' ],
47 silly audit   abbrev: [ '3.0.1' ],
47 silly audit   accepts: [ '2.0.0', '1.3.8' ],
47 silly audit   'agent-base': [ '7.1.4' ],
47 silly audit   'ajv-formats': [ '3.0.1' ],
47 silly audit   algoliasearch: [ '5.35.0' ],
47 silly audit   'ansi-colors': [ '4.1.3' ],
47 silly audit   'ansi-escapes': [ '7.2.0' ],
47 silly audit   'ansi-regex': [ '6.2.2', '5.0.1' ],
47 silly audit   'ansi-styles': [ '6.2.3', '4.3.0' ],
47 silly audit   anymatch: [ '3.1.3' ],
47 silly audit   picomatch: [ '2.3.1', '4.0.3' ],
47 silly audit   autoprefixer: [ '10.4.21' ],
47 silly audit   'balanced-match': [ '1.0.2' ],
47 silly audit   base64id: [ '2.0.0' ],
47 silly audit   'baseline-browser-mapping': [ '2.8.24' ],
47 silly audit   beasties: [ '0.3.5' ],
47 silly audit   'binary-extensions': [ '2.3.0' ],
47 silly audit   'body-parser': [ '2.2.0', '1.20.3' ],
47 silly audit   'iconv-lite': [ '0.6.3', '0.7.0', '0.4.24' ],
47 silly audit   boolbase: [ '1.0.0' ],
47 silly audit   braces: [ '3.0.3' ],
47 silly audit   browserslist: [ '4.27.0' ],
47 silly audit   'buffer-from': [ '1.1.2' ],
47 silly audit   bytes: [ '3.1.2' ],
47 silly audit   cacache: [ '19.0.1' ],
47 silly audit   chownr: [ '3.0.0', '2.0.0' ],
47 silly audit   tar: [ '7.5.2', '6.2.1' ],
47 silly audit   yallist: [ '5.0.0', '4.0.0', '3.1.1' ],
47 silly audit   'call-bind-apply-helpers': [ '1.0.2' ],
47 silly audit   'call-bound': [ '1.0.4' ],
47 silly audit   'caniuse-lite': [ '1.0.30001753' ],
47 silly audit   chalk: [ '5.6.2' ],
47 silly audit   chardet: [ '2.1.1' ],
47 silly audit   chokidar: [ '4.0.3', '3.6.0' ],
47 silly audit   'cli-cursor': [ '5.0.0' ],
47 silly audit   'cli-spinners': [ '2.9.2' ],
47 silly audit   'cli-truncate': [ '4.0.0' ],
47 silly audit   'cli-width': [ '4.1.0' ],
47 silly audit   cliui: [ '9.0.1', '7.0.4' ],
47 silly audit   'color-convert': [ '2.0.1' ],
47 silly audit   'color-name': [ '1.1.4' ],
47 silly audit   colorette: [ '2.0.20' ],
47 silly audit   commander: [ '14.0.2' ],
47 silly audit   'common-path-prefix': [ '3.0.0' ],
47 silly audit   'concat-map': [ '0.0.1' ],
47 silly audit   connect: [ '3.7.0' ],
47 silly audit   debug: [ '2.6.9', '4.4.3', '4.3.7' ],
47 silly audit   encodeurl: [ '1.0.2', '2.0.0' ],
47 silly audit   finalhandler: [ '1.1.2', '2.1.0' ],
47 silly audit   ms: [ '2.0.0', '2.1.3' ],
47 silly audit   'on-finished': [ '2.3.0', '2.4.1' ],
47 silly audit   statuses: [ '1.5.0', '2.0.1', '2.0.2' ],
47 silly audit   'content-disposition': [ '1.0.0' ],
47 silly audit   'content-type': [ '1.0.5' ],
47 silly audit   cookie: [ '0.7.2' ],
47 silly audit   'cookie-signature': [ '1.2.2' ],
47 silly audit   'copy-anything': [ '2.0.6' ],
47 silly audit   cors: [ '2.8.5' ],
47 silly audit   'cross-spawn': [ '7.0.6' ],
47 silly audit   'css-select': [ '6.0.0' ],
47 silly audit   'css-what': [ '7.0.0' ],
47 silly audit   'custom-event': [ '1.0.1' ],
47 silly audit   'date-format': [ '4.0.14' ],
47 silly audit   depd: [ '2.0.0' ],
47 silly audit   'dependency-graph': [ '1.0.0' ],
47 silly audit   destroy: [ '1.2.0' ],
47 silly audit   di: [ '0.0.1' ],
47 silly audit   'dom-serialize': [ '2.2.1' ],
47 silly audit   'dom-serializer': [ '2.0.0' ],
47 silly audit   domelementtype: [ '2.3.0' ],
47 silly audit   domhandler: [ '5.0.3' ],
47 silly audit   domutils: [ '3.2.2' ],
47 silly audit   'dunder-proto': [ '1.0.1' ],
47 silly audit   eastasianwidth: [ '0.2.0' ],
47 silly audit   'ee-first': [ '1.1.1' ],
47 silly audit   'electron-to-chromium': [ '1.5.245' ],
47 silly audit   encoding: [ '0.1.13' ],
47 silly audit   'engine.io': [ '6.6.4' ],
47 silly audit   'engine.io-parser': [ '5.2.3' ],
47 silly audit   'mime-db': [ '1.52.0', '1.54.0' ],
47 silly audit   'mime-types': [ '2.1.35', '3.0.1' ],
47 silly audit   negotiator: [ '0.6.3', '1.0.0' ],
47 silly audit   ent: [ '2.2.2' ],
47 silly audit   entities: [ '4.5.0', '6.0.1' ],
47 silly audit   'env-paths': [ '2.2.1' ],
47 silly audit   environment: [ '1.1.0' ],
47 silly audit   'err-code': [ '2.0.3' ],
47 silly audit   errno: [ '0.1.8' ],
47 silly audit   'es-define-property': [ '1.0.1' ],
47 silly audit   'es-errors': [ '1.3.0' ],
47 silly audit   'es-object-atoms': [ '1.1.1' ],
47 silly audit   esbuild: [ '0.25.9' ],
47 silly audit   escalade: [ '3.2.0' ],
47 silly audit   'escape-html': [ '1.0.3' ],
47 silly audit   'estree-walker': [ '2.0.2' ],
47 silly audit   etag: [ '1.8.1' ],
47 silly audit   eventemitter3: [ '4.0.7', '5.0.1' ],
47 silly audit   eventsource: [ '3.0.7' ],
47 silly audit   'eventsource-parser': [ '3.0.6' ],
47 silly audit   'exponential-backoff': [ '3.1.3' ],
47 silly audit   express: [ '5.1.0' ],
47 silly audit   'express-rate-limit': [ '7.5.1' ],
47 silly audit   extend: [ '3.0.2' ],
47 silly audit   'fast-deep-equal': [ '3.1.3' ],
47 silly audit   'fast-json-stable-stringify': [ '2.1.0' ],
47 silly audit   'fast-uri': [ '3.1.0' ],
47 silly audit   fdir: [ '6.5.0' ],
47 silly audit   'fill-range': [ '7.1.1' ],
47 silly audit   'find-cache-directory': [ '6.0.0' ],
47 silly audit   'find-up-simple': [ '1.0.1' ],
47 silly audit   flatted: [ '3.3.3' ],
47 silly audit   'follow-redirects': [ '1.15.11' ],
47 silly audit   'foreground-child': [ '3.3.1' ],
47 silly audit   forwarded: [ '0.2.0' ],
47 silly audit   'fraction.js': [ '4.3.7' ],
47 silly audit   fresh: [ '2.0.0' ],
47 silly audit   'fs-extra': [ '8.1.0' ],
47 silly audit   'fs-minipass': [ '3.0.3', '2.1.0' ],
47 silly audit   'fs.realpath': [ '1.0.0' ],
47 silly audit   fsevents: [ '2.3.3' ],
47 silly audit   'function-bind': [ '1.1.2' ],
47 silly audit   gensync: [ '1.0.0-beta.2' ],
47 silly audit   'get-caller-file': [ '2.0.5' ],
47 silly audit   'get-east-asian-width': [ '1.4.0' ],
47 silly audit   'get-intrinsic': [ '1.3.0' ],
47 silly audit   'get-proto': [ '1.0.1' ],
47 silly audit   'glob-parent': [ '5.1.2' ],
47 silly audit   'glob-to-regexp': [ '0.4.1' ],
47 silly audit   gopd: [ '1.2.0' ],
47 silly audit   'graceful-fs': [ '4.2.11' ],
47 silly audit   'has-flag': [ '4.0.0' ],
47 silly audit   'has-symbols': [ '1.1.0' ],
47 silly audit   'has-tostringtag': [ '1.0.2' ],
47 silly audit   hasown: [ '2.0.2' ],
47 silly audit   'html-escaper': [ '2.0.2' ],
47 silly audit   htmlparser2: [ '10.0.0' ],
47 silly audit   'http-cache-semantics': [ '4.2.0' ],
47 silly audit   'http-errors': [ '2.0.0' ],
47 silly audit   'http-proxy': [ '1.18.1' ],
47 silly audit   'http-proxy-agent': [ '7.0.2' ],
47 silly audit   'https-proxy-agent': [ '7.0.6' ],
47 silly audit   'ignore-walk': [ '8.0.0' ],
47 silly audit   'image-size': [ '0.5.5' ],
47 silly audit   immutable: [ '5.1.4' ],
47 silly audit   imurmurhash: [ '0.1.4' ],
47 silly audit   inflight: [ '1.0.6' ],
47 silly audit   inherits: [ '2.0.4' ],
47 silly audit   ini: [ '5.0.0' ],
47 silly audit   'injection-js': [ '2.6.1' ],
47 silly audit   'ip-address': [ '10.0.1' ],
47 silly audit   'ipaddr.js': [ '1.9.1' ],
47 silly audit   'is-binary-path': [ '2.1.0' ],
47 silly audit   'is-core-module': [ '2.16.1' ],
47 silly audit   'is-extglob': [ '2.1.1' ],
47 silly audit   'is-fullwidth-code-point': [ '4.0.0', '3.0.0', '5.1.0' ],
47 silly audit   'is-glob': [ '4.0.3' ],
47 silly audit   'is-interactive': [ '2.0.0' ],
47 silly audit   'is-number': [ '7.0.0' ],
47 silly audit   'is-promise': [ '4.0.0' ],
47 silly audit   'is-regex': [ '1.2.1' ],
47 silly audit   'is-unicode-supported': [ '2.1.0', '1.3.0' ],
47 silly audit   'is-what': [ '3.14.1' ],
47 silly audit   isbinaryfile: [ '4.0.10' ],
47 silly audit   'istanbul-lib-coverage': [ '3.2.2' ],
47 silly audit   'istanbul-lib-instrument': [ '6.0.3', '5.2.1' ],
47 silly audit   'istanbul-lib-report': [ '3.0.1' ],
47 silly audit   'istanbul-lib-source-maps': [ '4.0.1' ],
47 silly audit   'source-map': [ '0.6.1', '0.7.6' ],
47 silly audit   'istanbul-reports': [ '3.2.0' ],
47 silly audit   jackspeak: [ '3.4.3' ],
47 silly audit   'jasmine-core': [ '5.9.0', '4.6.1' ],
47 silly audit   'js-tokens': [ '4.0.0' ],
47 silly audit   jsesc: [ '3.1.0' ],
47 silly audit   'json-parse-even-better-errors': [ '4.0.0' ],
47 silly audit   json5: [ '2.2.3' ],
47 silly audit   'jsonc-parser': [ '3.3.1' ],
47 silly audit   jsonfile: [ '4.0.0' ],
47 silly audit   jsonparse: [ '1.3.1' ],
47 silly audit   karma: [ '6.4.4' ],
47 silly audit   'karma-chrome-launcher': [ '3.2.0' ],
47 silly audit   'karma-coverage': [ '2.2.1' ],
47 silly audit   'karma-jasmine': [ '5.1.0' ],
47 silly audit   'karma-jasmine-html-reporter': [ '2.1.0' ],
47 silly audit   'media-typer': [ '0.3.0', '1.1.0' ],
47 silly audit   qs: [ '6.13.0', '6.14.0' ],
47 silly audit   'raw-body': [ '2.5.2', '3.0.1' ],
47 silly audit   readdirp: [ '3.6.0', '4.1.2' ],
47 silly audit   'strip-ansi': [ '6.0.1', '7.1.2' ],
47 silly audit   'type-is': [ '1.6.18', '2.0.1' ],
47 silly audit   yargs: [ '16.2.0', '18.0.0' ],
47 silly audit   'yargs-parser': [ '20.2.9', '22.0.0' ],
47 silly audit   less: [ '4.4.2' ],
47 silly audit   'make-dir': [ '2.1.0', '4.0.0' ],
47 silly audit   mime: [ '1.6.0', '2.6.0' ],
47 silly audit   listr2: [ '9.0.1' ],
47 silly audit   lmdb: [ '3.4.2' ],
47 silly audit   lodash: [ '4.17.21' ],
47 silly audit   'log-symbols': [ '6.0.0' ],
47 silly audit   'log-update': [ '6.1.0' ],
47 silly audit   'slice-ansi': [ '7.1.2', '5.0.0' ],
47 silly audit   log4js: [ '6.9.1' ],
47 silly audit   'make-fetch-happen': [ '14.0.3' ],
47 silly audit   'math-intrinsics': [ '1.1.0' ],
47 silly audit   'merge-descriptors': [ '2.0.0' ],
47 silly audit   micromatch: [ '4.0.8' ],
47 silly audit   'mimic-function': [ '5.0.1' ],
47 silly audit   minimist: [ '1.2.8' ],
47 silly audit   minipass: [ '7.1.2', '3.3.6', '5.0.0' ],
47 silly audit   'minipass-collect': [ '2.0.1' ],
47 silly audit   'minipass-fetch': [ '4.0.1' ],
47 silly audit   'minipass-flush': [ '1.0.5' ],
47 silly audit   'minipass-pipeline': [ '1.2.4' ],
47 silly audit   'minipass-sized': [ '1.0.3' ],
47 silly audit   minizlib: [ '3.1.0', '2.1.2' ],
47 silly audit   mkdirp: [ '0.5.6', '1.0.4' ],
47 silly audit   mrmime: [ '2.0.1' ],
47 silly audit   msgpackr: [ '1.11.5' ],
47 silly audit   'msgpackr-extract': [ '3.0.3' ],
47 silly audit   'mute-stream': [ '2.0.0' ],
47 silly audit   nanoid: [ '3.3.11' ],
47 silly audit   needle: [ '3.3.1' ],
47 silly audit   'ng-packagr': [ '20.3.0' ],
47 silly audit   'node-gyp': [ '11.5.0' ],
47 silly audit   'node-gyp-build-optional-packages': [ '5.2.2' ],
47 silly audit   'node-releases': [ '2.0.27' ],
47 silly audit   nopt: [ '8.1.0' ],
47 silly audit   'normalize-path': [ '3.0.0' ],
47 silly audit   'normalize-range': [ '0.1.2' ],
47 silly audit   'npm-bundled': [ '4.0.0' ],
47 silly audit   'npm-install-checks': [ '7.1.2' ],
47 silly audit   'npm-normalize-package-bin': [ '4.0.0' ],
47 silly audit   'npm-package-arg': [ '13.0.0', '12.0.2' ],
47 silly audit   'npm-packlist': [ '10.0.3' ],
47 silly audit   'proc-log': [ '6.0.0', '5.0.0' ],
47 silly audit   'npm-pick-manifest': [ '10.0.0' ],
47 silly audit   'npm-registry-fetch': [ '18.0.2' ],
47 silly audit   'nth-check': [ '2.1.1' ],
47 silly audit   'object-assign': [ '4.1.1' ],
47 silly audit   'object-inspect': [ '1.13.4' ],
47 silly audit   once: [ '1.4.0' ],
47 silly audit   onetime: [ '7.0.0' ],
47 silly audit   ora: [ '8.2.0' ],
47 silly audit   'ordered-binary': [ '1.6.0' ],
47 silly audit   'p-map': [ '7.0.3' ],
47 silly audit   'package-json-from-dist': [ '1.0.1' ],
47 silly audit   pacote: [ '21.0.0' ],
47 silly audit   'parse-node-version': [ '1.0.1' ],
47 silly audit   parse5: [ '8.0.0' ],
47 silly audit   'parse5-html-rewriting-stream': [ '8.0.0' ],
47 silly audit   'parse5-sax-parser': [ '8.0.0' ],
47 silly audit   parseurl: [ '1.3.3' ],
47 silly audit   'path-is-absolute': [ '1.0.1' ],
47 silly audit   'path-key': [ '3.1.1' ],
47 silly audit   'path-parse': [ '1.0.7' ],
47 silly audit   'path-scurry': [ '1.11.1' ],
47 silly audit   'path-to-regexp': [ '8.3.0' ],
47 silly audit   picocolors: [ '1.1.1' ],
47 silly audit   pify: [ '4.0.1' ],
47 silly audit   piscina: [ '5.1.3' ],
47 silly audit   'pkce-challenge': [ '5.0.0' ],
47 silly audit   'pkg-dir': [ '8.0.0' ],
47 silly audit   postcss: [ '8.5.6' ],
47 silly audit   'postcss-media-query-parser': [ '0.2.3' ],
47 silly audit   'postcss-value-parser': [ '4.2.0' ],
47 silly audit   'promise-retry': [ '2.0.1' ],
47 silly audit   'proxy-addr': [ '2.0.7' ],
47 silly audit   prr: [ '1.0.1' ],
47 silly audit   punycode: [ '1.4.1', '2.3.1' ],
47 silly audit   qjobs: [ '1.2.0' ],
47 silly audit   'range-parser': [ '1.2.1' ],
47 silly audit   'reflect-metadata': [ '0.2.2' ],
47 silly audit   'require-directory': [ '2.1.1' ],
47 silly audit   'require-from-string': [ '2.0.2' ],
47 silly audit   'requires-port': [ '1.0.0' ],
47 silly audit   resolve: [ '1.22.10' ],
47 silly audit   'restore-cursor': [ '5.1.0' ],
47 silly audit   retry: [ '0.12.0' ],
47 silly audit   rfdc: [ '1.4.1' ],
47 silly audit   rimraf: [ '3.0.2' ],
47 silly audit   rollup: [ '4.52.3' ],
47 silly audit   'rollup-plugin-dts': [ '6.2.3' ],
47 silly audit   router: [ '2.2.0' ],
47 silly audit   rxjs: [ '7.8.2' ],
47 silly audit   'safe-buffer': [ '5.2.1' ],
47 silly audit   'safe-regex-test': [ '1.1.0' ],
47 silly audit   'safer-buffer': [ '2.1.2' ],
47 silly audit   sass: [ '1.90.0' ],
47 silly audit   sax: [ '1.4.3' ],
47 silly audit   send: [ '1.2.0' ],
47 silly audit   'serve-static': [ '2.2.0' ],
47 silly audit   setprototypeof: [ '1.2.0' ],
47 silly audit   'shebang-command': [ '2.0.0' ],
47 silly audit   'shebang-regex': [ '3.0.0' ],
47 silly audit   'side-channel': [ '1.1.0' ],
47 silly audit   'side-channel-list': [ '1.0.0' ],
47 silly audit   'side-channel-map': [ '1.0.1' ],
47 silly audit   'side-channel-weakmap': [ '1.0.2' ],
47 silly audit   'signal-exit': [ '4.1.0' ],
47 silly audit   sigstore: [ '3.1.0' ],
47 silly audit   'smart-buffer': [ '4.2.0' ],
47 silly audit   'socket.io': [ '4.8.1' ],
47 silly audit   'socket.io-adapter': [ '2.5.5' ],
47 silly audit   'socket.io-parser': [ '4.2.4' ],
47 silly audit   socks: [ '2.8.7' ],
47 silly audit   'socks-proxy-agent': [ '8.0.5' ],
47 silly audit   'source-map-js': [ '1.2.1' ],
47 silly audit   'source-map-support': [ '0.5.21' ],
47 silly audit   'spdx-correct': [ '3.2.0' ],
47 silly audit   'spdx-exceptions': [ '2.5.0' ],
47 silly audit   'spdx-expression-parse': [ '3.0.1' ],
47 silly audit   'spdx-license-ids': [ '3.0.22' ],
47 silly audit   ssri: [ '12.0.0' ],
47 silly audit   'stdin-discarder': [ '0.2.2' ],
47 silly audit   streamroller: [ '3.1.5' ],
47 silly audit   'supports-color': [ '7.2.0' ],
47 silly audit   'supports-preserve-symlinks-flag': [ '1.0.0' ],
47 silly audit   tailwindcss: [ '4.1.16' ],
47 silly audit   tinyglobby: [ '0.2.14', '0.2.15' ],
47 silly audit   tmp: [ '0.2.5' ],
47 silly audit   'to-regex-range': [ '5.0.1' ],
47 silly audit   toidentifier: [ '1.0.1' ],
47 silly audit   tslib: [ '2.8.1' ],
47 silly audit   'tuf-js': [ '3.1.0' ],
47 silly audit   typescript: [ '5.9.3' ],
47 silly audit   'ua-parser-js': [ '0.7.41' ],
47 silly audit   'undici-types': [ '7.16.0' ],
47 silly audit   'unique-filename': [ '4.0.0' ],
47 silly audit   'unique-slug': [ '5.0.0' ],
47 silly audit   universalify: [ '0.1.2' ],
47 silly audit   unpipe: [ '1.0.0' ],
47 silly audit   'update-browserslist-db': [ '1.1.4' ],
47 silly audit   'uri-js': [ '4.4.1' ],
47 silly audit   'utils-merge': [ '1.0.1' ],
47 silly audit   'validate-npm-package-license': [ '3.0.4' ],
47 silly audit   'validate-npm-package-name': [ '6.0.2' ],
47 silly audit   vary: [ '1.1.2' ],
47 silly audit   vite: [ '7.1.11' ],
47 silly audit   'void-elements': [ '2.0.1' ],
47 silly audit   watchpack: [ '2.4.4' ],
47 silly audit   'weak-lru-cache': [ '1.2.2' ],
47 silly audit   wrappy: [ '1.0.2' ],
47 silly audit   ws: [ '8.17.1' ],
47 silly audit   y18n: [ '5.0.8' ],
47 silly audit   'yoctocolors-cjs': [ '2.1.3' ],
47 silly audit   zod: [ '3.25.76' ],
47 silly audit   'zod-to-json-schema': [ '3.24.6' ],
47 silly audit   'zone.js': [ '0.15.1' ]
47 silly audit }
48 http fetch POST 200 https://registry.npmjs.org/-/npm/v1/security/advisories/bulk 990ms
49 silly audit report {}
50 silly REMOVE node_modules/tapable
51 silly REMOVE node_modules/lightningcss-win32-x64-msvc
52 silly REMOVE node_modules/lightningcss-win32-arm64-msvc
53 silly REMOVE node_modules/lightningcss-linux-x64-musl
54 silly REMOVE node_modules/lightningcss-linux-x64-gnu
55 silly REMOVE node_modules/lightningcss-linux-arm64-musl
56 silly REMOVE node_modules/lightningcss-linux-arm64-gnu
57 silly REMOVE node_modules/lightningcss-linux-arm-gnueabihf
58 silly REMOVE node_modules/lightningcss-freebsd-x64
59 silly REMOVE node_modules/lightningcss-darwin-x64
60 silly REMOVE node_modules/lightningcss-darwin-arm64
61 silly REMOVE node_modules/lightningcss-android-arm64
62 silly REMOVE node_modules/lightningcss
63 silly REMOVE node_modules/jiti
64 silly REMOVE node_modules/enhanced-resolve
65 silly REMOVE node_modules/@tailwindcss/postcss
66 silly REMOVE node_modules/@tailwindcss/oxide-win32-x64-msvc
67 silly REMOVE node_modules/@tailwindcss/oxide-win32-arm64-msvc
68 silly REMOVE node_modules/@tailwindcss/oxide-wasm32-wasi
69 silly REMOVE node_modules/@tailwindcss/oxide-linux-x64-musl
70 silly REMOVE node_modules/@tailwindcss/oxide-linux-x64-gnu
71 silly REMOVE node_modules/@tailwindcss/oxide-linux-arm64-musl
72 silly REMOVE node_modules/@tailwindcss/oxide-linux-arm64-gnu
73 silly REMOVE node_modules/@tailwindcss/oxide-linux-arm-gnueabihf
74 silly REMOVE node_modules/@tailwindcss/oxide-freebsd-x64
75 silly REMOVE node_modules/@tailwindcss/oxide-darwin-x64
76 silly REMOVE node_modules/@tailwindcss/oxide-darwin-arm64
77 silly REMOVE node_modules/@tailwindcss/oxide-android-arm64
78 silly REMOVE node_modules/@tailwindcss/oxide
79 silly REMOVE node_modules/@tailwindcss/node
80 silly REMOVE node_modules/@tailwindcss/node/node_modules/magic-string
81 silly REMOVE node_modules/@jridgewell/remapping
82 silly REMOVE node_modules/@alloc/quick-lru
83 verbose cwd /Users/bao312/Desktop/test123
84 verbose os Darwin 24.6.0
85 verbose node v24.10.0
86 verbose npm  v11.6.0
87 verbose exit 0
88 info ok
