0 verbose cli /opt/homebrew/Cellar/node/24.10.0_1/bin/node /opt/homebrew/bin/npm
1 info using npm@11.6.0
2 info using node@v24.10.0
3 silly config load:file:/opt/homebrew/lib/node_modules/npm/npmrc
4 silly config load:file:/Users/bao312/Desktop/test123/.npmrc
5 silly config load:file:/Users/bao312/.npmrc
6 silly config load:file:/opt/homebrew/etc/npmrc
7 verbose title npm install tailwindcss autoprefixer postcss
8 verbose argv "install" "--save-dev" "tailwindcss" "autoprefixer" "postcss"
9 verbose logfile logs-max:10 dir:/Users/bao312/Desktop/test123/.npm-cache/_logs/2025-11-05T07_11_43_253Z-
10 verbose logfile /Users/bao312/Desktop/test123/.npm-cache/_logs/2025-11-05T07_11_43_253Z-debug-0.log
11 silly logfile done cleaning log files
12 silly packumentCache heap:4496293888 maxSize:1124073472 maxEntrySize:562036736
13 silly idealTree buildDeps
14 silly fetch manifest ng-packagr@^20.3.0
15 silly packumentCache full:https://registry.npmjs.org/ng-packagr cache-miss
16 http fetch GET 200 https://registry.npmjs.org/ng-packagr 262ms (cache miss)
17 silly packumentCache full:https://registry.npmjs.org/ng-packagr set size:undefined disposed:false
18 silly fetch manifest @angular/compiler-cli@^20.3.0
19 silly packumentCache full:https://registry.npmjs.org/@angular%2fcompiler-cli cache-miss
20 http fetch GET 200 https://registry.npmjs.org/npm 387ms
21 http fetch GET 200 https://registry.npmjs.org/@angular%2fcompiler-cli 178ms (cache miss)
22 silly packumentCache full:https://registry.npmjs.org/@angular%2fcompiler-cli set size:undefined disposed:false
23 silly fetch manifest @angular/compiler@^20.3.0
24 silly packumentCache full:https://registry.npmjs.org/@angular%2fcompiler cache-miss
25 http fetch GET 200 https://registry.npmjs.org/@angular%2fcompiler 189ms (cache miss)
26 silly packumentCache full:https://registry.npmjs.org/@angular%2fcompiler set size:undefined disposed:false
27 silly fetch manifest typescript@~5.9.2
28 silly packumentCache full:https://registry.npmjs.org/typescript cache-miss
29 http fetch GET 200 https://registry.npmjs.org/typescript 306ms (cache miss)
30 silly packumentCache full:https://registry.npmjs.org/typescript set size:undefined disposed:false
31 silly fetch manifest tailwindcss@*
32 silly packumentCache full:https://registry.npmjs.org/tailwindcss cache-miss
33 http fetch GET 200 https://registry.npmjs.org/tailwindcss 211ms (cache miss)
34 silly packumentCache full:https://registry.npmjs.org/tailwindcss set size:undefined disposed:false
35 silly fetch manifest tslib@^2.3.0
36 silly packumentCache full:https://registry.npmjs.org/tslib cache-miss
37 http fetch GET 200 https://registry.npmjs.org/tslib 74ms (cache miss)
38 silly packumentCache full:https://registry.npmjs.org/tslib set size:undefined disposed:false
39 silly fetch manifest autoprefixer@*
40 silly packumentCache full:https://registry.npmjs.org/autoprefixer cache-miss
41 http fetch GET 200 https://registry.npmjs.org/autoprefixer 91ms (cache miss)
42 silly packumentCache full:https://registry.npmjs.org/autoprefixer set size:undefined disposed:false
43 silly fetch manifest postcss@*
44 silly packumentCache full:https://registry.npmjs.org/postcss cache-miss
45 http fetch GET 200 https://registry.npmjs.org/postcss 86ms (cache miss)
46 silly packumentCache full:https://registry.npmjs.org/postcss set size:undefined disposed:false
47 silly placeDep ROOT autoprefixer@10.4.21 OK for: test123@0.0.0 want: *
48 silly placeDep ROOT ng-packagr@20.3.0 OK for: test123@0.0.0 want: ^20.3.0
49 silly placeDep ROOT postcss@8.5.6 REPLACE for: test123@0.0.0 want: *
50 silly placeDep ROOT tailwindcss@4.1.16 OK for: test123@0.0.0 want: *
51 silly fetch manifest fraction.js@^4.3.7
52 silly packumentCache full:https://registry.npmjs.org/fraction.js cache-miss
53 silly fetch manifest normalize-range@^0.1.2
54 silly packumentCache full:https://registry.npmjs.org/normalize-range cache-miss
55 silly fetch manifest postcss-value-parser@^4.2.0
56 silly packumentCache full:https://registry.npmjs.org/postcss-value-parser cache-miss
57 silly fetch manifest less@^4.2.0
58 silly packumentCache full:https://registry.npmjs.org/less cache-miss
59 silly fetch manifest commander@^14.0.0
60 silly packumentCache full:https://registry.npmjs.org/commander cache-miss
61 silly fetch manifest ansi-colors@^4.1.3
62 silly packumentCache full:https://registry.npmjs.org/ansi-colors cache-miss
63 silly fetch manifest injection-js@^2.4.0
64 silly packumentCache full:https://registry.npmjs.org/injection-js cache-miss
65 http fetch GET 200 https://registry.npmjs.org/normalize-range 67ms (cache miss)
66 silly packumentCache full:https://registry.npmjs.org/normalize-range set size:undefined disposed:false
67 silly fetch manifest dependency-graph@^1.0.0
68 silly packumentCache full:https://registry.npmjs.org/dependency-graph cache-miss
69 http fetch GET 200 https://registry.npmjs.org/fraction.js 70ms (cache miss)
70 silly packumentCache full:https://registry.npmjs.org/fraction.js set size:undefined disposed:false
71 silly fetch manifest @rollup/wasm-node@^4.24.0
72 silly packumentCache full:https://registry.npmjs.org/@rollup%2fwasm-node cache-miss
73 http fetch GET 200 https://registry.npmjs.org/dependency-graph 61ms (cache miss)
74 silly packumentCache full:https://registry.npmjs.org/dependency-graph set size:undefined disposed:false
75 silly fetch manifest rollup-plugin-dts@^6.2.0
76 silly packumentCache full:https://registry.npmjs.org/rollup-plugin-dts cache-miss
77 http fetch GET 200 https://registry.npmjs.org/@rollup%2fwasm-node 83ms (cache miss)
78 silly packumentCache full:https://registry.npmjs.org/@rollup%2fwasm-node set size:undefined disposed:false
79 silly fetch manifest @rollup/plugin-json@^6.1.0
80 silly packumentCache full:https://registry.npmjs.org/@rollup%2fplugin-json cache-miss
81 http fetch GET 200 https://registry.npmjs.org/ansi-colors 179ms (cache miss)
82 silly packumentCache full:https://registry.npmjs.org/ansi-colors set size:undefined disposed:false
83 silly fetch manifest find-cache-directory@^6.0.0
84 silly packumentCache full:https://registry.npmjs.org/find-cache-directory cache-miss
85 http fetch GET 200 https://registry.npmjs.org/injection-js 188ms (cache miss)
86 silly packumentCache full:https://registry.npmjs.org/injection-js set size:undefined disposed:false
87 http fetch GET 200 https://registry.npmjs.org/rollup-plugin-dts 69ms (cache miss)
88 silly packumentCache full:https://registry.npmjs.org/rollup-plugin-dts set size:undefined disposed:false
89 http fetch GET 200 https://registry.npmjs.org/commander 226ms (cache miss)
90 silly packumentCache full:https://registry.npmjs.org/commander set size:undefined disposed:false
91 http fetch GET 200 https://registry.npmjs.org/@rollup%2fplugin-json 78ms (cache miss)
92 silly packumentCache full:https://registry.npmjs.org/@rollup%2fplugin-json set size:undefined disposed:false
93 http fetch GET 200 https://registry.npmjs.org/less 245ms (cache miss)
94 silly packumentCache full:https://registry.npmjs.org/less set size:undefined disposed:false
95 http fetch GET 200 https://registry.npmjs.org/find-cache-directory 67ms (cache miss)
96 silly packumentCache full:https://registry.npmjs.org/find-cache-directory set size:undefined disposed:false
97 http fetch GET 200 https://registry.npmjs.org/postcss-value-parser 554ms (cache miss)
98 silly packumentCache full:https://registry.npmjs.org/postcss-value-parser set size:undefined disposed:false
99 silly placeDep ROOT fraction.js@4.3.7 OK for: autoprefixer@10.4.21 want: ^4.3.7
100 silly placeDep ROOT normalize-range@0.1.2 OK for: autoprefixer@10.4.21 want: ^0.1.2
101 silly placeDep ROOT postcss-value-parser@4.2.0 OK for: autoprefixer@10.4.21 want: ^4.2.0
102 silly fetch manifest rollup@^4.24.0
103 silly packumentCache full:https://registry.npmjs.org/rollup cache-miss
104 http fetch GET 200 https://registry.npmjs.org/rollup 194ms (cache miss)
105 silly packumentCache full:https://registry.npmjs.org/rollup set size:undefined disposed:false
106 silly fetch manifest typescript@>=5.8 <6.0
107 silly packumentCache full:https://registry.npmjs.org/typescript cache-miss
108 http cache https://registry.npmjs.org/typescript 21ms (cache hit)
109 silly packumentCache full:https://registry.npmjs.org/typescript set size:14858925 disposed:false
110 silly placeDep ROOT @rollup/plugin-json@6.1.0 OK for: ng-packagr@20.3.0 want: ^6.1.0
111 silly placeDep ROOT @rollup/wasm-node@4.52.5 OK for: ng-packagr@20.3.0 want: ^4.24.0
112 silly placeDep ROOT ansi-colors@4.1.3 OK for: ng-packagr@20.3.0 want: ^4.1.3
113 silly placeDep ROOT commander@14.0.2 OK for: ng-packagr@20.3.0 want: ^14.0.0
114 silly placeDep ROOT dependency-graph@1.0.0 OK for: ng-packagr@20.3.0 want: ^1.0.0
115 silly placeDep ROOT find-cache-directory@6.0.0 OK for: ng-packagr@20.3.0 want: ^6.0.0
116 silly placeDep ROOT injection-js@2.6.1 OK for: ng-packagr@20.3.0 want: ^2.4.0
117 silly placeDep ROOT less@4.4.2 OK for: ng-packagr@20.3.0 want: ^4.2.0
118 silly placeDep ROOT rollup-plugin-dts@6.2.3 OK for: ng-packagr@20.3.0 want: ^6.2.0
119 silly fetch manifest @rollup/pluginutils@^5.1.0
120 silly packumentCache full:https://registry.npmjs.org/@rollup%2fpluginutils cache-miss
121 silly fetch manifest common-path-prefix@^3.0.0
122 silly packumentCache full:https://registry.npmjs.org/common-path-prefix cache-miss
123 silly fetch manifest pkg-dir@^8.0.0
124 silly packumentCache full:https://registry.npmjs.org/pkg-dir cache-miss
125 silly fetch manifest copy-anything@^2.0.1
126 silly packumentCache full:https://registry.npmjs.org/copy-anything cache-miss
127 silly fetch manifest parse-node-version@^1.0.1
128 silly packumentCache full:https://registry.npmjs.org/parse-node-version cache-miss
129 silly fetch manifest errno@^0.1.1
130 silly packumentCache full:https://registry.npmjs.org/errno cache-miss
131 silly fetch manifest image-size@~0.5.0
132 silly packumentCache full:https://registry.npmjs.org/image-size cache-miss
133 http fetch GET 200 https://registry.npmjs.org/parse-node-version 64ms (cache miss)
134 silly packumentCache full:https://registry.npmjs.org/parse-node-version set size:undefined disposed:false
135 silly fetch manifest make-dir@^2.1.0
136 silly packumentCache full:https://registry.npmjs.org/make-dir cache-miss
137 http fetch GET 200 https://registry.npmjs.org/common-path-prefix 67ms (cache miss)
138 silly packumentCache full:https://registry.npmjs.org/common-path-prefix set size:undefined disposed:false
139 silly fetch manifest mime@^1.4.1
140 silly packumentCache full:https://registry.npmjs.org/mime cache-miss
141 http fetch GET 200 https://registry.npmjs.org/image-size 67ms (cache miss)
142 silly packumentCache full:https://registry.npmjs.org/image-size set size:undefined disposed:false
143 silly fetch manifest needle@^3.1.0
144 silly packumentCache full:https://registry.npmjs.org/needle cache-miss
145 http fetch GET 200 https://registry.npmjs.org/pkg-dir 74ms (cache miss)
146 silly packumentCache full:https://registry.npmjs.org/pkg-dir set size:undefined disposed:false
147 silly fetch manifest source-map@~0.6.0
148 silly packumentCache full:https://registry.npmjs.org/source-map cache-miss
149 http fetch GET 200 https://registry.npmjs.org/copy-anything 75ms (cache miss)
150 silly packumentCache full:https://registry.npmjs.org/copy-anything set size:undefined disposed:false
151 http fetch GET 200 https://registry.npmjs.org/errno 77ms (cache miss)
152 silly packumentCache full:https://registry.npmjs.org/errno set size:undefined disposed:false
153 http fetch GET 200 https://registry.npmjs.org/@rollup%2fpluginutils 97ms (cache miss)
154 silly packumentCache full:https://registry.npmjs.org/@rollup%2fpluginutils set size:undefined disposed:false
155 http fetch GET 200 https://registry.npmjs.org/mime 61ms (cache miss)
156 silly packumentCache full:https://registry.npmjs.org/mime set size:undefined disposed:false
157 http fetch GET 200 https://registry.npmjs.org/needle 70ms (cache miss)
158 silly packumentCache full:https://registry.npmjs.org/needle set size:undefined disposed:false
159 http fetch GET 200 https://registry.npmjs.org/make-dir 76ms (cache miss)
160 silly packumentCache full:https://registry.npmjs.org/make-dir set size:undefined disposed:false
161 http fetch GET 200 https://registry.npmjs.org/source-map 70ms (cache miss)
162 silly packumentCache full:https://registry.npmjs.org/source-map set size:undefined disposed:false
163 silly fetch manifest rollup@^1.20.0||^2.0.0||^3.0.0||^4.0.0
164 silly packumentCache full:https://registry.npmjs.org/rollup cache-miss
165 http cache https://registry.npmjs.org/rollup 7ms (cache hit)
166 silly packumentCache full:https://registry.npmjs.org/rollup set size:5924202 disposed:false
167 silly placeDep ROOT @rollup/pluginutils@5.3.0 OK for: @rollup/plugin-json@6.1.0 want: ^5.1.0
168 silly fetch manifest estree-walker@^2.0.2
169 silly packumentCache full:https://registry.npmjs.org/estree-walker cache-miss
170 http fetch GET 200 https://registry.npmjs.org/estree-walker 98ms (cache miss)
171 silly packumentCache full:https://registry.npmjs.org/estree-walker set size:undefined disposed:false
172 silly placeDep ROOT estree-walker@2.0.2 OK for: @rollup/pluginutils@5.3.0 want: ^2.0.2
173 silly placeDep ROOT common-path-prefix@3.0.0 OK for: find-cache-directory@6.0.0 want: ^3.0.0
174 silly placeDep ROOT pkg-dir@8.0.0 OK for: find-cache-directory@6.0.0 want: ^8.0.0
175 silly fetch manifest find-up-simple@^1.0.0
176 silly packumentCache full:https://registry.npmjs.org/find-up-simple cache-miss
177 http fetch GET 200 https://registry.npmjs.org/find-up-simple 61ms (cache miss)
178 silly packumentCache full:https://registry.npmjs.org/find-up-simple set size:undefined disposed:false
179 silly placeDep ROOT copy-anything@2.0.6 OK for: less@4.4.2 want: ^2.0.1
180 silly placeDep ROOT errno@0.1.8 OK for: less@4.4.2 want: ^0.1.1
181 silly placeDep ROOT image-size@0.5.5 OK for: less@4.4.2 want: ~0.5.0
182 silly placeDep node_modules/less make-dir@2.1.0 OK for: less@4.4.2 want: ^2.1.0
183 silly placeDep node_modules/less mime@1.6.0 OK for: less@4.4.2 want: ^1.4.1
184 silly placeDep ROOT needle@3.3.1 OK for: less@4.4.2 want: ^3.1.0
185 silly placeDep ROOT parse-node-version@1.0.1 OK for: less@4.4.2 want: ^1.0.1
186 silly placeDep node_modules/less source-map@0.6.1 OK for: less@4.4.2 want: ~0.6.0
187 silly fetch manifest is-what@^3.14.1
188 silly packumentCache full:https://registry.npmjs.org/is-what cache-miss
189 silly fetch manifest prr@~1.0.1
190 silly packumentCache full:https://registry.npmjs.org/prr cache-miss
191 silly fetch manifest pify@^4.0.1
192 silly packumentCache full:https://registry.npmjs.org/pify cache-miss
193 silly fetch manifest semver@^5.6.0
194 silly packumentCache full:https://registry.npmjs.org/semver cache-miss
195 silly fetch manifest iconv-lite@^0.6.3
196 silly packumentCache full:https://registry.npmjs.org/iconv-lite cache-miss
197 silly fetch manifest sax@^1.2.4
198 silly packumentCache full:https://registry.npmjs.org/sax cache-miss
199 http fetch GET 200 https://registry.npmjs.org/prr 70ms (cache miss)
200 silly packumentCache full:https://registry.npmjs.org/prr set size:undefined disposed:false
201 http fetch GET 200 https://registry.npmjs.org/is-what 70ms (cache miss)
202 silly packumentCache full:https://registry.npmjs.org/is-what set size:undefined disposed:false
203 http fetch GET 200 https://registry.npmjs.org/pify 75ms (cache miss)
204 silly packumentCache full:https://registry.npmjs.org/pify set size:undefined disposed:false
205 http fetch GET 200 https://registry.npmjs.org/semver 151ms (cache miss)
206 silly packumentCache full:https://registry.npmjs.org/semver set size:undefined disposed:false
207 http fetch GET 200 https://registry.npmjs.org/iconv-lite 185ms (cache miss)
208 silly packumentCache full:https://registry.npmjs.org/iconv-lite set size:undefined disposed:false
209 http fetch GET 200 https://registry.npmjs.org/sax 290ms (cache miss)
210 silly packumentCache full:https://registry.npmjs.org/sax set size:undefined disposed:false
211 silly placeDep ROOT is-what@3.14.1 OK for: copy-anything@2.0.6 want: ^3.14.1
212 silly placeDep ROOT prr@1.0.1 OK for: errno@0.1.8 want: ~1.0.1
213 silly placeDep node_modules/needle iconv-lite@0.6.3 OK for: needle@3.3.1 want: ^0.6.3
214 silly placeDep ROOT sax@1.4.3 OK for: needle@3.3.1 want: ^1.2.4
215 silly placeDep ROOT find-up-simple@1.0.1 OK for: pkg-dir@8.0.0 want: ^1.0.0
216 silly placeDep ROOT pify@4.0.1 OK for: make-dir@2.1.0 want: ^4.0.1
217 silly placeDep node_modules/less semver@5.7.2 OK for: make-dir@2.1.0 want: ^5.6.0
218 silly reify moves {}
219 silly audit bulk request {
219 silly audit   '@algolia/abtesting': [ '1.1.0' ],
219 silly audit   '@algolia/client-abtesting': [ '5.35.0' ],
219 silly audit   '@algolia/client-analytics': [ '5.35.0' ],
219 silly audit   '@algolia/client-common': [ '5.35.0' ],
219 silly audit   '@algolia/client-insights': [ '5.35.0' ],
219 silly audit   '@algolia/client-personalization': [ '5.35.0' ],
219 silly audit   '@algolia/client-query-suggestions': [ '5.35.0' ],
219 silly audit   '@algolia/client-search': [ '5.35.0' ],
219 silly audit   '@algolia/ingestion': [ '1.35.0' ],
219 silly audit   '@algolia/monitoring': [ '1.35.0' ],
219 silly audit   '@algolia/recommend': [ '5.35.0' ],
219 silly audit   '@algolia/requester-browser-xhr': [ '5.35.0' ],
219 silly audit   '@algolia/requester-fetch': [ '5.35.0' ],
219 silly audit   '@algolia/requester-node-http': [ '5.35.0' ],
219 silly audit   '@ampproject/remapping': [ '2.3.0' ],
219 silly audit   '@angular-devkit/architect': [ '0.2003.8' ],
219 silly audit   '@angular-devkit/core': [ '20.3.8' ],
219 silly audit   '@angular-devkit/schematics': [ '20.3.8' ],
219 silly audit   '@angular/build': [ '20.3.8' ],
219 silly audit   '@angular/cli': [ '20.3.8' ],
219 silly audit   '@angular/common': [ '20.3.9' ],
219 silly audit   '@angular/compiler': [ '20.3.9' ],
219 silly audit   '@angular/compiler-cli': [ '20.3.9' ],
219 silly audit   '@angular/core': [ '20.3.9' ],
219 silly audit   '@angular/forms': [ '20.3.9' ],
219 silly audit   '@angular/platform-browser': [ '20.3.9' ],
219 silly audit   '@angular/router': [ '20.3.9' ],
219 silly audit   '@babel/code-frame': [ '7.27.1' ],
219 silly audit   '@babel/compat-data': [ '7.28.5' ],
219 silly audit   '@babel/core': [ '7.28.3' ],
219 silly audit   'convert-source-map': [ '2.0.0', '1.9.0' ],
219 silly audit   semver: [ '6.3.1', '7.7.2', '5.7.2' ],
219 silly audit   '@babel/generator': [ '7.28.5' ],
219 silly audit   '@babel/helper-annotate-as-pure': [ '7.27.3' ],
219 silly audit   '@babel/helper-compilation-targets': [ '7.27.2' ],
219 silly audit   '@babel/helper-globals': [ '7.28.0' ],
219 silly audit   '@babel/helper-module-imports': [ '7.27.1' ],
219 silly audit   '@babel/helper-module-transforms': [ '7.28.3' ],
219 silly audit   '@babel/helper-split-export-declaration': [ '7.24.7' ],
219 silly audit   '@babel/helper-string-parser': [ '7.27.1' ],
219 silly audit   '@babel/helper-validator-identifier': [ '7.28.5' ],
219 silly audit   '@babel/helper-validator-option': [ '7.27.1' ],
219 silly audit   '@babel/helpers': [ '7.28.4' ],
219 silly audit   '@babel/parser': [ '7.28.5' ],
219 silly audit   '@babel/template': [ '7.27.2' ],
219 silly audit   '@babel/traverse': [ '7.28.5' ],
219 silly audit   '@babel/types': [ '7.28.5' ],
219 silly audit   '@colors/colors': [ '1.5.0' ],
219 silly audit   '@esbuild/aix-ppc64': [ '0.25.9' ],
219 silly audit   '@esbuild/android-arm': [ '0.25.9' ],
219 silly audit   '@esbuild/android-arm64': [ '0.25.9' ],
219 silly audit   '@esbuild/android-x64': [ '0.25.9' ],
219 silly audit   '@esbuild/darwin-arm64': [ '0.25.9' ],
219 silly audit   '@esbuild/darwin-x64': [ '0.25.9' ],
219 silly audit   '@esbuild/freebsd-arm64': [ '0.25.9' ],
219 silly audit   '@esbuild/freebsd-x64': [ '0.25.9' ],
219 silly audit   '@esbuild/linux-arm': [ '0.25.9' ],
219 silly audit   '@esbuild/linux-arm64': [ '0.25.9' ],
219 silly audit   '@esbuild/linux-ia32': [ '0.25.9' ],
219 silly audit   '@esbuild/linux-loong64': [ '0.25.9' ],
219 silly audit   '@esbuild/linux-mips64el': [ '0.25.9' ],
219 silly audit   '@esbuild/linux-ppc64': [ '0.25.9' ],
219 silly audit   '@esbuild/linux-riscv64': [ '0.25.9' ],
219 silly audit   '@esbuild/linux-s390x': [ '0.25.9' ],
219 silly audit   '@esbuild/linux-x64': [ '0.25.9' ],
219 silly audit   '@esbuild/netbsd-arm64': [ '0.25.9' ],
219 silly audit   '@esbuild/netbsd-x64': [ '0.25.9' ],
219 silly audit   '@esbuild/openbsd-arm64': [ '0.25.9' ],
219 silly audit   '@esbuild/openbsd-x64': [ '0.25.9' ],
219 silly audit   '@esbuild/openharmony-arm64': [ '0.25.9' ],
219 silly audit   '@esbuild/sunos-x64': [ '0.25.9' ],
219 silly audit   '@esbuild/win32-arm64': [ '0.25.9' ],
219 silly audit   '@esbuild/win32-ia32': [ '0.25.9' ],
219 silly audit   '@esbuild/win32-x64': [ '0.25.9' ],
219 silly audit   '@inquirer/ansi': [ '1.0.1' ],
219 silly audit   '@inquirer/checkbox': [ '4.3.0' ],
219 silly audit   '@inquirer/confirm': [ '5.1.14' ],
219 silly audit   '@inquirer/core': [ '10.3.0' ],
219 silly audit   '@inquirer/editor': [ '4.2.21' ],
219 silly audit   '@inquirer/expand': [ '4.0.21' ],
219 silly audit   '@inquirer/external-editor': [ '1.0.2' ],
219 silly audit   '@inquirer/figures': [ '1.0.14' ],
219 silly audit   '@inquirer/input': [ '4.2.5' ],
219 silly audit   '@inquirer/number': [ '3.0.21' ],
219 silly audit   '@inquirer/password': [ '4.0.21' ],
219 silly audit   '@inquirer/prompts': [ '7.8.2' ],
219 silly audit   '@inquirer/rawlist': [ '4.1.9' ],
219 silly audit   '@inquirer/search': [ '3.2.0' ],
219 silly audit   '@inquirer/select': [ '4.4.0' ],
219 silly audit   '@inquirer/type': [ '3.0.9' ],
219 silly audit   '@isaacs/balanced-match': [ '4.0.1' ],
219 silly audit   '@isaacs/brace-expansion': [ '5.0.0' ],
219 silly audit   '@isaacs/cliui': [ '8.0.2' ],
219 silly audit   'emoji-regex': [ '9.2.2', '10.6.0', '8.0.0' ],
219 silly audit   'string-width': [ '5.1.2', '4.2.3', '7.2.0' ],
219 silly audit   'wrap-ansi': [ '8.1.0', '9.0.2', '7.0.0', '6.2.0' ],
219 silly audit   '@isaacs/fs-minipass': [ '4.0.1' ],
219 silly audit   '@istanbuljs/schema': [ '0.1.3' ],
219 silly audit   '@jridgewell/gen-mapping': [ '0.3.13' ],
219 silly audit   '@jridgewell/resolve-uri': [ '3.1.2' ],
219 silly audit   '@jridgewell/sourcemap-codec': [ '1.5.5' ],
219 silly audit   '@jridgewell/trace-mapping': [ '0.3.31' ],
219 silly audit   '@listr2/prompt-adapter-inquirer': [ '3.0.1' ],
219 silly audit   '@lmdb/lmdb-darwin-arm64': [ '3.4.2' ],
219 silly audit   '@lmdb/lmdb-darwin-x64': [ '3.4.2' ],
219 silly audit   '@lmdb/lmdb-linux-arm': [ '3.4.2' ],
219 silly audit   '@lmdb/lmdb-linux-arm64': [ '3.4.2' ],
219 silly audit   '@lmdb/lmdb-linux-x64': [ '3.4.2' ],
219 silly audit   '@lmdb/lmdb-win32-arm64': [ '3.4.2' ],
219 silly audit   '@lmdb/lmdb-win32-x64': [ '3.4.2' ],
219 silly audit   '@modelcontextprotocol/sdk': [ '1.17.3' ],
219 silly audit   ajv: [ '6.12.6', '8.17.1' ],
219 silly audit   'json-schema-traverse': [ '0.4.1', '1.0.0' ],
219 silly audit   '@msgpackr-extract/msgpackr-extract-darwin-arm64': [ '3.0.3' ],
219 silly audit   '@msgpackr-extract/msgpackr-extract-darwin-x64': [ '3.0.3' ],
219 silly audit   '@msgpackr-extract/msgpackr-extract-linux-arm': [ '3.0.3' ],
219 silly audit   '@msgpackr-extract/msgpackr-extract-linux-arm64': [ '3.0.3' ],
219 silly audit   '@msgpackr-extract/msgpackr-extract-linux-x64': [ '3.0.3' ],
219 silly audit   '@msgpackr-extract/msgpackr-extract-win32-x64': [ '3.0.3' ],
219 silly audit   '@napi-rs/nice': [ '1.1.1' ],
219 silly audit   '@napi-rs/nice-android-arm-eabi': [ '1.1.1' ],
219 silly audit   '@napi-rs/nice-android-arm64': [ '1.1.1' ],
219 silly audit   '@napi-rs/nice-darwin-arm64': [ '1.1.1' ],
219 silly audit   '@napi-rs/nice-darwin-x64': [ '1.1.1' ],
219 silly audit   '@napi-rs/nice-freebsd-x64': [ '1.1.1' ],
219 silly audit   '@napi-rs/nice-linux-arm-gnueabihf': [ '1.1.1' ],
219 silly audit   '@napi-rs/nice-linux-arm64-gnu': [ '1.1.1' ],
219 silly audit   '@napi-rs/nice-linux-arm64-musl': [ '1.1.1' ],
219 silly audit   '@napi-rs/nice-linux-ppc64-gnu': [ '1.1.1' ],
219 silly audit   '@napi-rs/nice-linux-riscv64-gnu': [ '1.1.1' ],
219 silly audit   '@napi-rs/nice-linux-s390x-gnu': [ '1.1.1' ],
219 silly audit   '@napi-rs/nice-linux-x64-gnu': [ '1.1.1' ],
219 silly audit   '@napi-rs/nice-linux-x64-musl': [ '1.1.1' ],
219 silly audit   '@napi-rs/nice-openharmony-arm64': [ '1.1.1' ],
219 silly audit   '@napi-rs/nice-win32-arm64-msvc': [ '1.1.1' ],
219 silly audit   '@napi-rs/nice-win32-ia32-msvc': [ '1.1.1' ],
219 silly audit   '@napi-rs/nice-win32-x64-msvc': [ '1.1.1' ],
219 silly audit   '@npmcli/agent': [ '3.0.0' ],
219 silly audit   'lru-cache': [ '10.4.3', '11.2.2', '5.1.1' ],
219 silly audit   '@npmcli/fs': [ '4.0.0' ],
219 silly audit   '@npmcli/git': [ '6.0.3' ],
219 silly audit   isexe: [ '3.1.1', '2.0.0' ],
219 silly audit   which: [ '5.0.0', '1.3.1', '2.0.2' ],
219 silly audit   '@npmcli/installed-package-contents': [ '3.0.0' ],
219 silly audit   '@npmcli/node-gyp': [ '4.0.0' ],
219 silly audit   '@npmcli/package-json': [ '6.2.0' ],
219 silly audit   'brace-expansion': [ '2.0.2', '1.1.12' ],
219 silly audit   glob: [ '10.4.5', '7.2.3' ],
219 silly audit   'hosted-git-info': [ '8.1.0', '9.0.2' ],
219 silly audit   minimatch: [ '9.0.5', '10.1.1', '3.1.2' ],
219 silly audit   '@npmcli/promise-spawn': [ '8.0.3' ],
219 silly audit   '@npmcli/redact': [ '3.2.2' ],
219 silly audit   '@npmcli/run-script': [ '9.1.0' ],
219 silly audit   '@parcel/watcher': [ '2.5.1' ],
219 silly audit   '@parcel/watcher-android-arm64': [ '2.5.1' ],
219 silly audit   '@parcel/watcher-darwin-arm64': [ '2.5.1' ],
219 silly audit   '@parcel/watcher-darwin-x64': [ '2.5.1' ],
219 silly audit   '@parcel/watcher-freebsd-x64': [ '2.5.1' ],
219 silly audit   '@parcel/watcher-linux-arm-glibc': [ '2.5.1' ],
219 silly audit   '@parcel/watcher-linux-arm-musl': [ '2.5.1' ],
219 silly audit   '@parcel/watcher-linux-arm64-glibc': [ '2.5.1' ],
219 silly audit   '@parcel/watcher-linux-arm64-musl': [ '2.5.1' ],
219 silly audit   '@parcel/watcher-linux-x64-glibc': [ '2.5.1' ],
219 silly audit   '@parcel/watcher-linux-x64-musl': [ '2.5.1' ],
219 silly audit   '@parcel/watcher-win32-arm64': [ '2.5.1' ],
219 silly audit   '@parcel/watcher-win32-ia32': [ '2.5.1' ],
219 silly audit   '@parcel/watcher-win32-x64': [ '2.5.1' ],
219 silly audit   'detect-libc': [ '1.0.3', '2.1.2' ],
219 silly audit   'node-addon-api': [ '7.1.1', '6.1.0' ],
219 silly audit   '@pkgjs/parseargs': [ '0.11.0' ],
219 silly audit   '@rollup/rollup-android-arm-eabi': [ '4.52.3' ],
219 silly audit   '@rollup/rollup-android-arm64': [ '4.52.3' ],
219 silly audit   '@rollup/rollup-darwin-arm64': [ '4.52.3' ],
219 silly audit   '@rollup/rollup-darwin-x64': [ '4.52.3' ],
219 silly audit   '@rollup/rollup-freebsd-arm64': [ '4.52.3' ],
219 silly audit   '@rollup/rollup-freebsd-x64': [ '4.52.3' ],
219 silly audit   '@rollup/rollup-linux-arm-gnueabihf': [ '4.52.3' ],
219 silly audit   '@rollup/rollup-linux-arm-musleabihf': [ '4.52.3' ],
219 silly audit   '@rollup/rollup-linux-arm64-gnu': [ '4.52.3' ],
219 silly audit   '@rollup/rollup-linux-arm64-musl': [ '4.52.3' ],
219 silly audit   '@rollup/rollup-linux-loong64-gnu': [ '4.52.3' ],
219 silly audit   '@rollup/rollup-linux-ppc64-gnu': [ '4.52.3' ],
219 silly audit   '@rollup/rollup-linux-riscv64-gnu': [ '4.52.3' ],
219 silly audit   '@rollup/rollup-linux-riscv64-musl': [ '4.52.3' ],
219 silly audit   '@rollup/rollup-linux-s390x-gnu': [ '4.52.3' ],
219 silly audit   '@rollup/rollup-linux-x64-gnu': [ '4.52.3' ],
219 silly audit   '@rollup/rollup-linux-x64-musl': [ '4.52.3' ],
219 silly audit   '@rollup/rollup-openharmony-arm64': [ '4.52.3' ],
219 silly audit   '@rollup/rollup-win32-arm64-msvc': [ '4.52.3' ],
219 silly audit   '@rollup/rollup-win32-ia32-msvc': [ '4.52.3' ],
219 silly audit   '@rollup/rollup-win32-x64-gnu': [ '4.52.3' ],
219 silly audit   '@rollup/rollup-win32-x64-msvc': [ '4.52.3' ],
219 silly audit   '@schematics/angular': [ '20.3.8' ],
219 silly audit   '@sigstore/bundle': [ '3.1.0' ],
219 silly audit   '@sigstore/core': [ '2.0.0' ],
219 silly audit   '@sigstore/protobuf-specs': [ '0.4.3' ],
219 silly audit   '@sigstore/sign': [ '3.1.0' ],
219 silly audit   '@sigstore/tuf': [ '3.1.1' ],
219 silly audit   '@sigstore/verify': [ '2.1.1' ],
219 silly audit   '@socket.io/component-emitter': [ '3.1.2' ],
219 silly audit   '@tufjs/canonical-json': [ '2.0.0' ],
219 silly audit   '@tufjs/models': [ '3.0.1' ],
219 silly audit   '@types/cors': [ '2.8.19' ],
219 silly audit   '@types/estree': [ '1.0.8' ],
219 silly audit   '@types/jasmine': [ '5.1.12' ],
219 silly audit   '@types/node': [ '24.10.0' ],
219 silly audit   '@vitejs/plugin-basic-ssl': [ '2.1.0' ],
219 silly audit   '@yarnpkg/lockfile': [ '1.1.0' ],
219 silly audit   abbrev: [ '3.0.1' ],
219 silly audit   accepts: [ '2.0.0', '1.3.8' ],
219 silly audit   'agent-base': [ '7.1.4' ],
219 silly audit   'ajv-formats': [ '3.0.1' ],
219 silly audit   algoliasearch: [ '5.35.0' ],
219 silly audit   'ansi-escapes': [ '7.2.0' ],
219 silly audit   'ansi-regex': [ '6.2.2', '5.0.1' ],
219 silly audit   'ansi-styles': [ '6.2.3', '4.3.0' ],
219 silly audit   anymatch: [ '3.1.3' ],
219 silly audit   picomatch: [ '2.3.1', '4.0.3' ],
219 silly audit   'balanced-match': [ '1.0.2' ],
219 silly audit   base64id: [ '2.0.0' ],
219 silly audit   'baseline-browser-mapping': [ '2.8.24' ],
219 silly audit   beasties: [ '0.3.5' ],
219 silly audit   'binary-extensions': [ '2.3.0' ],
219 silly audit   'body-parser': [ '2.2.0', '1.20.3' ],
219 silly audit   'iconv-lite': [ '0.6.3', '0.7.0', '0.4.24' ],
219 silly audit   boolbase: [ '1.0.0' ],
219 silly audit   braces: [ '3.0.3' ],
219 silly audit   browserslist: [ '4.27.0' ],
219 silly audit   'buffer-from': [ '1.1.2' ],
219 silly audit   bytes: [ '3.1.2' ],
219 silly audit   cacache: [ '19.0.1' ],
219 silly audit   chownr: [ '3.0.0', '2.0.0' ],
219 silly audit   tar: [ '7.5.2', '6.2.1' ],
219 silly audit   yallist: [ '5.0.0', '4.0.0', '3.1.1' ],
219 silly audit   'call-bind-apply-helpers': [ '1.0.2' ],
219 silly audit   'call-bound': [ '1.0.4' ],
219 silly audit   'caniuse-lite': [ '1.0.30001753' ],
219 silly audit   chalk: [ '5.6.2' ],
219 silly audit   chardet: [ '2.1.1' ],
219 silly audit   chokidar: [ '4.0.3', '3.6.0' ],
219 silly audit   'cli-cursor': [ '5.0.0' ],
219 silly audit   'cli-spinners': [ '2.9.2' ],
219 silly audit   'cli-truncate': [ '4.0.0' ],
219 silly audit   'cli-width': [ '4.1.0' ],
219 silly audit   cliui: [ '9.0.1', '7.0.4' ],
219 silly audit   'color-convert': [ '2.0.1' ],
219 silly audit   'color-name': [ '1.1.4' ],
219 silly audit   colorette: [ '2.0.20' ],
219 silly audit   'concat-map': [ '0.0.1' ],
219 silly audit   connect: [ '3.7.0' ],
219 silly audit   debug: [ '2.6.9', '4.4.3', '4.3.7' ],
219 silly audit   encodeurl: [ '1.0.2', '2.0.0' ],
219 silly audit   finalhandler: [ '1.1.2', '2.1.0' ],
219 silly audit   ms: [ '2.0.0', '2.1.3' ],
219 silly audit   'on-finished': [ '2.3.0', '2.4.1' ],
219 silly audit   statuses: [ '1.5.0', '2.0.1', '2.0.2' ],
219 silly audit   'content-disposition': [ '1.0.0' ],
219 silly audit   'content-type': [ '1.0.5' ],
219 silly audit   cookie: [ '0.7.2' ],
219 silly audit   'cookie-signature': [ '1.2.2' ],
219 silly audit   cors: [ '2.8.5' ],
219 silly audit   'cross-spawn': [ '7.0.6' ],
219 silly audit   'css-select': [ '6.0.0' ],
219 silly audit   'css-what': [ '7.0.0' ],
219 silly audit   'custom-event': [ '1.0.1' ],
219 silly audit   'date-format': [ '4.0.14' ],
219 silly audit   depd: [ '2.0.0' ],
219 silly audit   destroy: [ '1.2.0' ],
219 silly audit   di: [ '0.0.1' ],
219 silly audit   'dom-serialize': [ '2.2.1' ],
219 silly audit   'dom-serializer': [ '2.0.0' ],
219 silly audit   domelementtype: [ '2.3.0' ],
219 silly audit   domhandler: [ '5.0.3' ],
219 silly audit   domutils: [ '3.2.2' ],
219 silly audit   'dunder-proto': [ '1.0.1' ],
219 silly audit   eastasianwidth: [ '0.2.0' ],
219 silly audit   'ee-first': [ '1.1.1' ],
219 silly audit   'electron-to-chromium': [ '1.5.245' ],
219 silly audit   encoding: [ '0.1.13' ],
219 silly audit   'engine.io': [ '6.6.4' ],
219 silly audit   'engine.io-parser': [ '5.2.3' ],
219 silly audit   'mime-db': [ '1.52.0', '1.54.0' ],
219 silly audit   'mime-types': [ '2.1.35', '3.0.1' ],
219 silly audit   negotiator: [ '0.6.3', '1.0.0' ],
219 silly audit   ent: [ '2.2.2' ],
219 silly audit   entities: [ '4.5.0', '6.0.1' ],
219 silly audit   'env-paths': [ '2.2.1' ],
219 silly audit   environment: [ '1.1.0' ],
219 silly audit   'err-code': [ '2.0.3' ],
219 silly audit   'es-define-property': [ '1.0.1' ],
219 silly audit   'es-errors': [ '1.3.0' ],
219 silly audit   'es-object-atoms': [ '1.1.1' ],
219 silly audit   esbuild: [ '0.25.9' ],
219 silly audit   escalade: [ '3.2.0' ],
219 silly audit   'escape-html': [ '1.0.3' ],
219 silly audit   etag: [ '1.8.1' ],
219 silly audit   eventemitter3: [ '4.0.7', '5.0.1' ],
219 silly audit   eventsource: [ '3.0.7' ],
219 silly audit   'eventsource-parser': [ '3.0.6' ],
219 silly audit   'exponential-backoff': [ '3.1.3' ],
219 silly audit   express: [ '5.1.0' ],
219 silly audit   'express-rate-limit': [ '7.5.1' ],
219 silly audit   extend: [ '3.0.2' ],
219 silly audit   'fast-deep-equal': [ '3.1.3' ],
219 silly audit   'fast-json-stable-stringify': [ '2.1.0' ],
219 silly audit   'fast-uri': [ '3.1.0' ],
219 silly audit   fdir: [ '6.5.0' ],
219 silly audit   'fill-range': [ '7.1.1' ],
219 silly audit   flatted: [ '3.3.3' ],
219 silly audit   'follow-redirects': [ '1.15.11' ],
219 silly audit   'foreground-child': [ '3.3.1' ],
219 silly audit   forwarded: [ '0.2.0' ],
219 silly audit   fresh: [ '2.0.0' ],
219 silly audit   'fs-extra': [ '8.1.0' ],
219 silly audit   'fs-minipass': [ '3.0.3', '2.1.0' ],
219 silly audit   'fs.realpath': [ '1.0.0' ],
219 silly audit   fsevents: [ '2.3.3' ],
219 silly audit   'function-bind': [ '1.1.2' ],
219 silly audit   gensync: [ '1.0.0-beta.2' ],
219 silly audit   'get-caller-file': [ '2.0.5' ],
219 silly audit   'get-east-asian-width': [ '1.4.0' ],
219 silly audit   'get-intrinsic': [ '1.3.0' ],
219 silly audit   'get-proto': [ '1.0.1' ],
219 silly audit   'glob-parent': [ '5.1.2' ],
219 silly audit   'glob-to-regexp': [ '0.4.1' ],
219 silly audit   gopd: [ '1.2.0' ],
219 silly audit   'graceful-fs': [ '4.2.11' ],
219 silly audit   'has-flag': [ '4.0.0' ],
219 silly audit   'has-symbols': [ '1.1.0' ],
219 silly audit   'has-tostringtag': [ '1.0.2' ],
219 silly audit   hasown: [ '2.0.2' ],
219 silly audit   'html-escaper': [ '2.0.2' ],
219 silly audit   htmlparser2: [ '10.0.0' ],
219 silly audit   'http-cache-semantics': [ '4.2.0' ],
219 silly audit   'http-errors': [ '2.0.0' ],
219 silly audit   'http-proxy': [ '1.18.1' ],
219 silly audit   'http-proxy-agent': [ '7.0.2' ],
219 silly audit   'https-proxy-agent': [ '7.0.6' ],
219 silly audit   'ignore-walk': [ '8.0.0' ],
219 silly audit   immutable: [ '5.1.4' ],
219 silly audit   imurmurhash: [ '0.1.4' ],
219 silly audit   inflight: [ '1.0.6' ],
219 silly audit   inherits: [ '2.0.4' ],
219 silly audit   ini: [ '5.0.0' ],
219 silly audit   'ip-address': [ '10.0.1' ],
219 silly audit   'ipaddr.js': [ '1.9.1' ],
219 silly audit   'is-binary-path': [ '2.1.0' ],
219 silly audit   'is-core-module': [ '2.16.1' ],
219 silly audit   'is-extglob': [ '2.1.1' ],
219 silly audit   'is-fullwidth-code-point': [ '4.0.0', '3.0.0', '5.1.0' ],
219 silly audit   'is-glob': [ '4.0.3' ],
219 silly audit   'is-interactive': [ '2.0.0' ],
219 silly audit   'is-number': [ '7.0.0' ],
219 silly audit   'is-promise': [ '4.0.0' ],
219 silly audit   'is-regex': [ '1.2.1' ],
219 silly audit   'is-unicode-supported': [ '2.1.0', '1.3.0' ],
219 silly audit   isbinaryfile: [ '4.0.10' ],
219 silly audit   'istanbul-lib-coverage': [ '3.2.2' ],
219 silly audit   'istanbul-lib-instrument': [ '6.0.3', '5.2.1' ],
219 silly audit   'istanbul-lib-report': [ '3.0.1' ],
219 silly audit   'istanbul-lib-source-maps': [ '4.0.1' ],
219 silly audit   'source-map': [ '0.6.1', '0.7.6' ],
219 silly audit   'istanbul-reports': [ '3.2.0' ],
219 silly audit   jackspeak: [ '3.4.3' ],
219 silly audit   'jasmine-core': [ '5.9.0', '4.6.1' ],
219 silly audit   'js-tokens': [ '4.0.0' ],
219 silly audit   jsesc: [ '3.1.0' ],
219 silly audit   'json-parse-even-better-errors': [ '4.0.0' ],
219 silly audit   json5: [ '2.2.3' ],
219 silly audit   'jsonc-parser': [ '3.3.1' ],
219 silly audit   jsonfile: [ '4.0.0' ],
219 silly audit   jsonparse: [ '1.3.1' ],
219 silly audit   karma: [ '6.4.4' ],
219 silly audit   'karma-chrome-launcher': [ '3.2.0' ],
219 silly audit   'karma-coverage': [ '2.2.1' ],
219 silly audit   'karma-jasmine': [ '5.1.0' ],
219 silly audit   'karma-jasmine-html-reporter': [ '2.1.0' ],
219 silly audit   'media-typer': [ '0.3.0', '1.1.0' ],
219 silly audit   qs: [ '6.13.0', '6.14.0' ],
219 silly audit   'raw-body': [ '2.5.2', '3.0.1' ],
219 silly audit   readdirp: [ '3.6.0', '4.1.2' ],
219 silly audit   'strip-ansi': [ '6.0.1', '7.1.2' ],
219 silly audit   'type-is': [ '1.6.18', '2.0.1' ],
219 silly audit   yargs: [ '16.2.0', '18.0.0' ],
219 silly audit   'yargs-parser': [ '20.2.9', '22.0.0' ],
219 silly audit   listr2: [ '9.0.1' ],
219 silly audit   lmdb: [ '3.4.2' ],
219 silly audit   lodash: [ '4.17.21' ],
219 silly audit   'log-symbols': [ '6.0.0' ],
219 silly audit   'log-update': [ '6.1.0' ],
219 silly audit   'slice-ansi': [ '7.1.2', '5.0.0' ],
219 silly audit   log4js: [ '6.9.1' ],
219 silly audit   'magic-string': [ '0.30.17' ],
219 silly audit   'make-dir': [ '4.0.0', '2.1.0' ],
219 silly audit   'make-fetch-happen': [ '14.0.3' ],
219 silly audit   'math-intrinsics': [ '1.1.0' ],
219 silly audit   'merge-descriptors': [ '2.0.0' ],
219 silly audit   micromatch: [ '4.0.8' ],
219 silly audit   mime: [ '2.6.0', '1.6.0' ],
219 silly audit   'mimic-function': [ '5.0.1' ],
219 silly audit   minimist: [ '1.2.8' ],
219 silly audit   minipass: [ '7.1.2', '3.3.6', '5.0.0' ],
219 silly audit   'minipass-collect': [ '2.0.1' ],
219 silly audit   'minipass-fetch': [ '4.0.1' ],
219 silly audit   'minipass-flush': [ '1.0.5' ],
219 silly audit   'minipass-pipeline': [ '1.2.4' ],
219 silly audit   'minipass-sized': [ '1.0.3' ],
219 silly audit   minizlib: [ '3.1.0', '2.1.2' ],
219 silly audit   mkdirp: [ '0.5.6', '1.0.4' ],
219 silly audit   mrmime: [ '2.0.1' ],
219 silly audit   msgpackr: [ '1.11.5' ],
219 silly audit   'msgpackr-extract': [ '3.0.3' ],
219 silly audit   'mute-stream': [ '2.0.0' ],
219 silly audit   nanoid: [ '3.3.11' ],
219 silly audit   'node-gyp': [ '11.5.0' ],
219 silly audit   'node-gyp-build-optional-packages': [ '5.2.2' ],
219 silly audit   'node-releases': [ '2.0.27' ],
219 silly audit   nopt: [ '8.1.0' ],
219 silly audit   'normalize-path': [ '3.0.0' ],
219 silly audit   'npm-bundled': [ '4.0.0' ],
219 silly audit   'npm-install-checks': [ '7.1.2' ],
219 silly audit   'npm-normalize-package-bin': [ '4.0.0' ],
219 silly audit   'npm-package-arg': [ '13.0.0', '12.0.2' ],
219 silly audit   'npm-packlist': [ '10.0.3' ],
219 silly audit   'proc-log': [ '6.0.0', '5.0.0' ],
219 silly audit   'npm-pick-manifest': [ '10.0.0' ],
219 silly audit   'npm-registry-fetch': [ '18.0.2' ],
219 silly audit   'nth-check': [ '2.1.1' ],
219 silly audit   'object-assign': [ '4.1.1' ],
219 silly audit   'object-inspect': [ '1.13.4' ],
219 silly audit   once: [ '1.4.0' ],
219 silly audit   onetime: [ '7.0.0' ],
219 silly audit   ora: [ '8.2.0' ],
219 silly audit   'ordered-binary': [ '1.6.0' ],
219 silly audit   'p-map': [ '7.0.3' ],
219 silly audit   'package-json-from-dist': [ '1.0.1' ],
219 silly audit   pacote: [ '21.0.0' ],
219 silly audit   parse5: [ '8.0.0' ],
219 silly audit   'parse5-html-rewriting-stream': [ '8.0.0' ],
219 silly audit   'parse5-sax-parser': [ '8.0.0' ],
219 silly audit   parseurl: [ '1.3.3' ],
219 silly audit   'path-is-absolute': [ '1.0.1' ],
219 silly audit   'path-key': [ '3.1.1' ],
219 silly audit   'path-parse': [ '1.0.7' ],
219 silly audit   'path-scurry': [ '1.11.1' ],
219 silly audit   'path-to-regexp': [ '8.3.0' ],
219 silly audit   picocolors: [ '1.1.1' ],
219 silly audit   piscina: [ '5.1.3' ],
219 silly audit   'pkce-challenge': [ '5.0.0' ],
219 silly audit   'postcss-media-query-parser': [ '0.2.3' ],
219 silly audit   'promise-retry': [ '2.0.1' ],
219 silly audit   'proxy-addr': [ '2.0.7' ],
219 silly audit   punycode: [ '1.4.1', '2.3.1' ],
219 silly audit   qjobs: [ '1.2.0' ],
219 silly audit   'range-parser': [ '1.2.1' ],
219 silly audit   'reflect-metadata': [ '0.2.2' ],
219 silly audit   'require-directory': [ '2.1.1' ],
219 silly audit   'require-from-string': [ '2.0.2' ],
219 silly audit   'requires-port': [ '1.0.0' ],
219 silly audit   resolve: [ '1.22.10' ],
219 silly audit   'restore-cursor': [ '5.1.0' ],
219 silly audit   retry: [ '0.12.0' ],
219 silly audit   rfdc: [ '1.4.1' ],
219 silly audit   rimraf: [ '3.0.2' ],
219 silly audit   rollup: [ '4.52.3' ],
219 silly audit   router: [ '2.2.0' ],
219 silly audit   rxjs: [ '7.8.2' ],
219 silly audit   'safe-buffer': [ '5.2.1' ],
219 silly audit   'safe-regex-test': [ '1.1.0' ],
219 silly audit   'safer-buffer': [ '2.1.2' ],
219 silly audit   sass: [ '1.90.0' ],
219 silly audit   send: [ '1.2.0' ],
219 silly audit   'serve-static': [ '2.2.0' ],
219 silly audit   setprototypeof: [ '1.2.0' ],
219 silly audit   'shebang-command': [ '2.0.0' ],
219 silly audit   'shebang-regex': [ '3.0.0' ],
219 silly audit   'side-channel': [ '1.1.0' ],
219 silly audit   'side-channel-list': [ '1.0.0' ],
219 silly audit   'side-channel-map': [ '1.0.1' ],
219 silly audit   'side-channel-weakmap': [ '1.0.2' ],
219 silly audit   'signal-exit': [ '4.1.0' ],
219 silly audit   sigstore: [ '3.1.0' ],
219 silly audit   'smart-buffer': [ '4.2.0' ],
219 silly audit   'socket.io': [ '4.8.1' ],
219 silly audit   'socket.io-adapter': [ '2.5.5' ],
219 silly audit   'socket.io-parser': [ '4.2.4' ],
219 silly audit   socks: [ '2.8.7' ],
219 silly audit   'socks-proxy-agent': [ '8.0.5' ],
219 silly audit   'source-map-js': [ '1.2.1' ],
219 silly audit   'source-map-support': [ '0.5.21' ],
219 silly audit   'spdx-correct': [ '3.2.0' ],
219 silly audit   'spdx-exceptions': [ '2.5.0' ],
219 silly audit   'spdx-expression-parse': [ '3.0.1' ],
219 silly audit   'spdx-license-ids': [ '3.0.22' ],
219 silly audit   ssri: [ '12.0.0' ],
219 silly audit   'stdin-discarder': [ '0.2.2' ],
219 silly audit   streamroller: [ '3.1.5' ],
219 silly audit   'supports-color': [ '7.2.0' ],
219 silly audit   'supports-preserve-symlinks-flag': [ '1.0.0' ],
219 silly audit   tinyglobby: [ '0.2.14', '0.2.15' ],
219 silly audit   tmp: [ '0.2.5' ],
219 silly audit   'to-regex-range': [ '5.0.1' ],
219 silly audit   toidentifier: [ '1.0.1' ],
219 silly audit   tslib: [ '2.8.1' ],
219 silly audit   'tuf-js': [ '3.1.0' ],
219 silly audit   typescript: [ '5.9.3' ],
219 silly audit   'ua-parser-js': [ '0.7.41' ],
219 silly audit   'undici-types': [ '7.16.0' ],
219 silly audit   'unique-filename': [ '4.0.0' ],
219 silly audit   'unique-slug': [ '5.0.0' ],
219 silly audit   universalify: [ '0.1.2' ],
219 silly audit   unpipe: [ '1.0.0' ],
219 silly audit   'update-browserslist-db': [ '1.1.4' ],
219 silly audit   'uri-js': [ '4.4.1' ],
219 silly audit   'utils-merge': [ '1.0.1' ],
219 silly audit   'validate-npm-package-license': [ '3.0.4' ],
219 silly audit   'validate-npm-package-name': [ '6.0.2' ],
219 silly audit   vary: [ '1.1.2' ],
219 silly audit   vite: [ '7.1.11' ],
219 silly audit   'void-elements': [ '2.0.1' ],
219 silly audit   watchpack: [ '2.4.4' ],
219 silly audit   'weak-lru-cache': [ '1.2.2' ],
219 silly audit   wrappy: [ '1.0.2' ],
219 silly audit   ws: [ '8.17.1' ],
219 silly audit   y18n: [ '5.0.8' ],
219 silly audit   'yoctocolors-cjs': [ '2.1.3' ],
219 silly audit   zod: [ '3.25.76' ],
219 silly audit   'zod-to-json-schema': [ '3.24.6' ],
219 silly audit   'zone.js': [ '0.15.1' ],
219 silly audit   autoprefixer: [ '10.4.21' ],
219 silly audit   'ng-packagr': [ '20.3.0' ],
219 silly audit   postcss: [ '8.5.6' ],
219 silly audit   tailwindcss: [ '4.1.16' ],
219 silly audit   'fraction.js': [ '4.3.7' ],
219 silly audit   'normalize-range': [ '0.1.2' ],
219 silly audit   'postcss-value-parser': [ '4.2.0' ],
219 silly audit   '@rollup/plugin-json': [ '6.1.0' ],
219 silly audit   '@rollup/wasm-node': [ '4.52.5' ],
219 silly audit   'ansi-colors': [ '4.1.3' ],
219 silly audit   commander: [ '14.0.2' ],
219 silly audit   'dependency-graph': [ '1.0.0' ],
219 silly audit   'find-cache-directory': [ '6.0.0' ],
219 silly audit   'injection-js': [ '2.6.1' ],
219 silly audit   less: [ '4.4.2' ],
219 silly audit   'rollup-plugin-dts': [ '6.2.3' ],
219 silly audit   '@rollup/pluginutils': [ '5.3.0' ],
219 silly audit   'estree-walker': [ '2.0.2' ],
219 silly audit   'common-path-prefix': [ '3.0.0' ],
219 silly audit   'pkg-dir': [ '8.0.0' ],
219 silly audit   'copy-anything': [ '2.0.6' ],
219 silly audit   errno: [ '0.1.8' ],
219 silly audit   'image-size': [ '0.5.5' ],
219 silly audit   needle: [ '3.3.1' ],
219 silly audit   'parse-node-version': [ '1.0.1' ],
219 silly audit   'is-what': [ '3.14.1' ],
219 silly audit   prr: [ '1.0.1' ],
219 silly audit   sax: [ '1.4.3' ],
219 silly audit   'find-up-simple': [ '1.0.1' ],
219 silly audit   pify: [ '4.0.1' ]
219 silly audit }
220 http cache pify@https://registry.npmjs.org/pify/-/pify-4.0.1.tgz 0ms (cache hit)
221 http cache find-up-simple@https://registry.npmjs.org/find-up-simple/-/find-up-simple-1.0.1.tgz 0ms (cache hit)
222 http cache sax@https://registry.npmjs.org/sax/-/sax-1.4.3.tgz 0ms (cache hit)
223 http cache is-what@https://registry.npmjs.org/is-what/-/is-what-3.14.1.tgz 0ms (cache hit)
224 http cache needle@https://registry.npmjs.org/needle/-/needle-3.3.1.tgz 0ms (cache hit)
225 http cache prr@https://registry.npmjs.org/prr/-/prr-1.0.1.tgz 0ms (cache hit)
226 http cache image-size@https://registry.npmjs.org/image-size/-/image-size-0.5.5.tgz 0ms (cache hit)
227 http cache errno@https://registry.npmjs.org/errno/-/errno-0.1.8.tgz 0ms (cache hit)
228 http cache copy-anything@https://registry.npmjs.org/copy-anything/-/copy-anything-2.0.6.tgz 0ms (cache hit)
229 http cache pkg-dir@https://registry.npmjs.org/pkg-dir/-/pkg-dir-8.0.0.tgz 0ms (cache hit)
230 http cache common-path-prefix@https://registry.npmjs.org/common-path-prefix/-/common-path-prefix-3.0.0.tgz 0ms (cache hit)
231 http cache estree-walker@https://registry.npmjs.org/estree-walker/-/estree-walker-2.0.2.tgz 0ms (cache hit)
232 http cache @rollup/pluginutils@https://registry.npmjs.org/@rollup/pluginutils/-/pluginutils-5.3.0.tgz 0ms (cache hit)
233 http cache rollup-plugin-dts@https://registry.npmjs.org/rollup-plugin-dts/-/rollup-plugin-dts-6.2.3.tgz 0ms (cache hit)
234 http cache less@https://registry.npmjs.org/less/-/less-4.4.2.tgz 0ms (cache hit)
235 http cache injection-js@https://registry.npmjs.org/injection-js/-/injection-js-2.6.1.tgz 0ms (cache hit)
236 http cache find-cache-directory@https://registry.npmjs.org/find-cache-directory/-/find-cache-directory-6.0.0.tgz 0ms (cache hit)
237 http cache dependency-graph@https://registry.npmjs.org/dependency-graph/-/dependency-graph-1.0.0.tgz 0ms (cache hit)
238 http cache commander@https://registry.npmjs.org/commander/-/commander-14.0.2.tgz 0ms (cache hit)
239 http cache ansi-colors@https://registry.npmjs.org/ansi-colors/-/ansi-colors-4.1.3.tgz 0ms (cache hit)
240 http cache @rollup/wasm-node@https://registry.npmjs.org/@rollup/wasm-node/-/wasm-node-4.52.5.tgz 0ms (cache hit)
241 http cache @rollup/plugin-json@https://registry.npmjs.org/@rollup/plugin-json/-/plugin-json-6.1.0.tgz 0ms (cache hit)
242 http cache postcss-value-parser@https://registry.npmjs.org/postcss-value-parser/-/postcss-value-parser-4.2.0.tgz 0ms (cache hit)
243 http cache normalize-range@https://registry.npmjs.org/normalize-range/-/normalize-range-0.1.2.tgz 0ms (cache hit)
244 http cache fraction.js@https://registry.npmjs.org/fraction.js/-/fraction.js-4.3.7.tgz 0ms (cache hit)
245 http cache tailwindcss@https://registry.npmjs.org/tailwindcss/-/tailwindcss-4.1.16.tgz 0ms (cache hit)
246 http cache ng-packagr@https://registry.npmjs.org/ng-packagr/-/ng-packagr-20.3.0.tgz 0ms (cache hit)
247 http cache autoprefixer@https://registry.npmjs.org/autoprefixer/-/autoprefixer-10.4.21.tgz 0ms (cache hit)
248 http cache parse-node-version@https://registry.npmjs.org/parse-node-version/-/parse-node-version-1.0.1.tgz 0ms (cache hit)
249 http cache iconv-lite@https://registry.npmjs.org/iconv-lite/-/iconv-lite-0.6.3.tgz 0ms (cache hit)
250 http cache source-map@https://registry.npmjs.org/source-map/-/source-map-0.6.1.tgz 0ms (cache hit)
251 http cache semver@https://registry.npmjs.org/semver/-/semver-5.7.2.tgz 0ms (cache hit)
252 http cache mime@https://registry.npmjs.org/mime/-/mime-1.6.0.tgz 0ms (cache hit)
253 http cache make-dir@https://registry.npmjs.org/make-dir/-/make-dir-2.1.0.tgz 0ms (cache hit)
254 silly tarball no local data for pify@https://registry.npmjs.org/pify/-/pify-4.0.1.tgz. Extracting by manifest.
255 silly tarball no local data for find-up-simple@https://registry.npmjs.org/find-up-simple/-/find-up-simple-1.0.1.tgz. Extracting by manifest.
256 silly tarball no local data for sax@https://registry.npmjs.org/sax/-/sax-1.4.3.tgz. Extracting by manifest.
257 silly tarball no local data for is-what@https://registry.npmjs.org/is-what/-/is-what-3.14.1.tgz. Extracting by manifest.
258 silly tarball no local data for needle@https://registry.npmjs.org/needle/-/needle-3.3.1.tgz. Extracting by manifest.
259 silly tarball no local data for prr@https://registry.npmjs.org/prr/-/prr-1.0.1.tgz. Extracting by manifest.
260 silly tarball no local data for image-size@https://registry.npmjs.org/image-size/-/image-size-0.5.5.tgz. Extracting by manifest.
261 silly tarball no local data for errno@https://registry.npmjs.org/errno/-/errno-0.1.8.tgz. Extracting by manifest.
262 silly tarball no local data for copy-anything@https://registry.npmjs.org/copy-anything/-/copy-anything-2.0.6.tgz. Extracting by manifest.
263 silly tarball no local data for pkg-dir@https://registry.npmjs.org/pkg-dir/-/pkg-dir-8.0.0.tgz. Extracting by manifest.
264 silly tarball no local data for common-path-prefix@https://registry.npmjs.org/common-path-prefix/-/common-path-prefix-3.0.0.tgz. Extracting by manifest.
265 silly tarball no local data for estree-walker@https://registry.npmjs.org/estree-walker/-/estree-walker-2.0.2.tgz. Extracting by manifest.
266 silly tarball no local data for @rollup/pluginutils@https://registry.npmjs.org/@rollup/pluginutils/-/pluginutils-5.3.0.tgz. Extracting by manifest.
267 silly tarball no local data for rollup-plugin-dts@https://registry.npmjs.org/rollup-plugin-dts/-/rollup-plugin-dts-6.2.3.tgz. Extracting by manifest.
268 silly tarball no local data for less@https://registry.npmjs.org/less/-/less-4.4.2.tgz. Extracting by manifest.
269 silly tarball no local data for injection-js@https://registry.npmjs.org/injection-js/-/injection-js-2.6.1.tgz. Extracting by manifest.
270 silly tarball no local data for find-cache-directory@https://registry.npmjs.org/find-cache-directory/-/find-cache-directory-6.0.0.tgz. Extracting by manifest.
271 silly tarball no local data for dependency-graph@https://registry.npmjs.org/dependency-graph/-/dependency-graph-1.0.0.tgz. Extracting by manifest.
272 silly tarball no local data for commander@https://registry.npmjs.org/commander/-/commander-14.0.2.tgz. Extracting by manifest.
273 silly tarball no local data for ansi-colors@https://registry.npmjs.org/ansi-colors/-/ansi-colors-4.1.3.tgz. Extracting by manifest.
274 silly tarball no local data for @rollup/wasm-node@https://registry.npmjs.org/@rollup/wasm-node/-/wasm-node-4.52.5.tgz. Extracting by manifest.
275 silly tarball no local data for @rollup/plugin-json@https://registry.npmjs.org/@rollup/plugin-json/-/plugin-json-6.1.0.tgz. Extracting by manifest.
276 silly tarball no local data for postcss-value-parser@https://registry.npmjs.org/postcss-value-parser/-/postcss-value-parser-4.2.0.tgz. Extracting by manifest.
277 silly tarball no local data for normalize-range@https://registry.npmjs.org/normalize-range/-/normalize-range-0.1.2.tgz. Extracting by manifest.
278 silly tarball no local data for fraction.js@https://registry.npmjs.org/fraction.js/-/fraction.js-4.3.7.tgz. Extracting by manifest.
279 silly tarball no local data for tailwindcss@https://registry.npmjs.org/tailwindcss/-/tailwindcss-4.1.16.tgz. Extracting by manifest.
280 silly tarball no local data for ng-packagr@https://registry.npmjs.org/ng-packagr/-/ng-packagr-20.3.0.tgz. Extracting by manifest.
281 silly tarball no local data for autoprefixer@https://registry.npmjs.org/autoprefixer/-/autoprefixer-10.4.21.tgz. Extracting by manifest.
282 silly tarball no local data for parse-node-version@https://registry.npmjs.org/parse-node-version/-/parse-node-version-1.0.1.tgz. Extracting by manifest.
283 silly tarball no local data for iconv-lite@https://registry.npmjs.org/iconv-lite/-/iconv-lite-0.6.3.tgz. Extracting by manifest.
284 silly tarball no local data for source-map@https://registry.npmjs.org/source-map/-/source-map-0.6.1.tgz. Extracting by manifest.
285 silly tarball no local data for semver@https://registry.npmjs.org/semver/-/semver-5.7.2.tgz. Extracting by manifest.
286 silly tarball no local data for mime@https://registry.npmjs.org/mime/-/mime-1.6.0.tgz. Extracting by manifest.
287 silly tarball no local data for make-dir@https://registry.npmjs.org/make-dir/-/make-dir-2.1.0.tgz. Extracting by manifest.
288 http fetch GET 200 https://registry.npmjs.org/sax/-/sax-1.4.3.tgz 75ms (cache miss)
289 http fetch GET 200 https://registry.npmjs.org/pify/-/pify-4.0.1.tgz 76ms (cache miss)
290 http fetch GET 200 https://registry.npmjs.org/find-up-simple/-/find-up-simple-1.0.1.tgz 88ms (cache miss)
291 warn tar TAR_ENTRY_ERROR ENOENT: no such file or directory, lstat '/Users/bao312/Desktop/test123/node_modules/is-what/.vscode'
292 silly tar TAR_ENTRY_ERROR ENOENT: no such file or directory, lstat '/Users/bao312/Desktop/test123/node_modules/is-what/.vscode' [Error: ENOENT: no such file or directory, lstat '/Users/bao312/Desktop/test123/node_modules/is-what/.vscode'] {
292 silly tar   errno: -2,
292 silly tar   code: 'ENOENT',
292 silly tar   syscall: 'lstat',
292 silly tar   path: '/Users/bao312/Desktop/test123/node_modules/is-what/.vscode',
292 silly tar   entry: ReadEntry {
292 silly tar     _events: [Object: null prototype] { end: [Array] },
292 silly tar     _eventsCount: 1,
292 silly tar     _maxListeners: undefined,
292 silly tar     writable: false,
292 silly tar     readable: true,
292 silly tar     extended: null,
292 silly tar     globalExtended: null,
292 silly tar     header: Header {
292 silly tar       cksumValid: true,
292 silly tar       needPax: false,
292 silly tar       nullBlock: false,
292 silly tar       block: null,
292 silly tar       path: 'package/.vscode/settings.json',
292 silly tar       mode: 420,
292 silly tar       uid: null,
292 silly tar       gid: null,
292 silly tar       size: 299,
292 silly tar       mtime: 1985-10-26T08:15:00.000Z,
292 silly tar       cksum: 5870,
292 silly tar       linkpath: '',
292 silly tar       uname: '',
292 silly tar       gname: '',
292 silly tar       devmaj: 0,
292 silly tar       devmin: 0,
292 silly tar       atime: null,
292 silly tar       ctime: null,
292 silly tar       Symbol(type): '0'
292 silly tar     },
292 silly tar     startBlockSize: 512,
292 silly tar     blockRemain: 0,
292 silly tar     remain: 0,
292 silly tar     type: 'File',
292 silly tar     meta: false,
292 silly tar     ignore: false,
292 silly tar     path: '.vscode/settings.json',
292 silly tar     mode: 438,
292 silly tar     uid: null,
292 silly tar     gid: null,
292 silly tar     uname: '',
292 silly tar     gname: '',
292 silly tar     size: 299,
292 silly tar     mtime: 1985-10-26T08:15:00.000Z,
292 silly tar     atime: null,
292 silly tar     ctime: null,
292 silly tar     linkpath: '',
292 silly tar     absolute: '/Users/bao312/Desktop/test123/node_modules/is-what/.vscode/settings.json',
292 silly tar     Symbol(shapeMode): false,
292 silly tar     Symbol(kCapture): false,
292 silly tar     Symbol(flowing): false,
292 silly tar     Symbol(paused): true,
292 silly tar     Symbol(pipes): [],
292 silly tar     Symbol(buffer): [
292 silly tar       <Buffer 7b 0a 20 20 22 65 64 69 74 6f 72 2e 66 6f 72 6d 61 74 4f 6e 53 61 76 65 22 3a 20 74 72 75 65 2c 0a 20 20 22 65 64 69 74 6f 72 2e 64 65 66 61 75 6c 74 ... 249 more bytes>
292 silly tar     ],
292 silly tar     Symbol(objectMode): false,
292 silly tar     Symbol(encoding): null,
292 silly tar     Symbol(async): false,
292 silly tar     Symbol(decoder): null,
292 silly tar     Symbol(EOF): true,
292 silly tar     Symbol(emittedEnd): false,
292 silly tar     Symbol(emittingEnd): false,
292 silly tar     Symbol(closed): false,
292 silly tar     Symbol(emittedError): null,
292 silly tar     Symbol(bufferLength): 299,
292 silly tar     Symbol(destroyed): false,
292 silly tar     Symbol(signal): undefined,
292 silly tar     Symbol(aborted): false
292 silly tar   },
292 silly tar   cwd: '/Users/bao312/Desktop/test123/node_modules/is-what',
292 silly tar   tarCode: 'TAR_ENTRY_ERROR'
292 silly tar }
293 http fetch GET 200 https://registry.npmjs.org/is-what/-/is-what-3.14.1.tgz 92ms (cache miss)
294 http fetch GET 200 https://registry.npmjs.org/prr/-/prr-1.0.1.tgz 98ms (cache miss)
295 http fetch GET 200 https://registry.npmjs.org/needle/-/needle-3.3.1.tgz 105ms (cache miss)
296 http fetch GET 200 https://registry.npmjs.org/injection-js/-/injection-js-2.6.1.tgz 160ms (cache miss)
297 http fetch GET 200 https://registry.npmjs.org/ansi-colors/-/ansi-colors-4.1.3.tgz 161ms (cache miss)
298 http fetch GET 200 https://registry.npmjs.org/dependency-graph/-/dependency-graph-1.0.0.tgz 162ms (cache miss)
299 http fetch GET 200 https://registry.npmjs.org/pkg-dir/-/pkg-dir-8.0.0.tgz 182ms (cache miss)
300 http fetch GET 200 https://registry.npmjs.org/common-path-prefix/-/common-path-prefix-3.0.0.tgz 193ms (cache miss)
301 http fetch GET 200 https://registry.npmjs.org/image-size/-/image-size-0.5.5.tgz 199ms (cache miss)
302 http fetch GET 200 https://registry.npmjs.org/errno/-/errno-0.1.8.tgz 211ms (cache miss)
303 http fetch GET 200 https://registry.npmjs.org/commander/-/commander-14.0.2.tgz 212ms (cache miss)
304 http fetch GET 200 https://registry.npmjs.org/rollup-plugin-dts/-/rollup-plugin-dts-6.2.3.tgz 220ms (cache miss)
305 http fetch GET 200 https://registry.npmjs.org/estree-walker/-/estree-walker-2.0.2.tgz 224ms (cache miss)
306 http fetch GET 200 https://registry.npmjs.org/copy-anything/-/copy-anything-2.0.6.tgz 232ms (cache miss)
307 http fetch GET 200 https://registry.npmjs.org/@rollup/pluginutils/-/pluginutils-5.3.0.tgz 238ms (cache miss)
308 http fetch GET 200 https://registry.npmjs.org/postcss-value-parser/-/postcss-value-parser-4.2.0.tgz 237ms (cache miss)
309 http fetch GET 200 https://registry.npmjs.org/find-cache-directory/-/find-cache-directory-6.0.0.tgz 307ms (cache miss)
310 http fetch GET 200 https://registry.npmjs.org/make-dir/-/make-dir-2.1.0.tgz 368ms (cache miss)
311 http fetch GET 200 https://registry.npmjs.org/normalize-range/-/normalize-range-0.1.2.tgz 377ms (cache miss)
312 http fetch GET 200 https://registry.npmjs.org/ng-packagr/-/ng-packagr-20.3.0.tgz 404ms (cache miss)
313 http fetch GET 200 https://registry.npmjs.org/fraction.js/-/fraction.js-4.3.7.tgz 407ms (cache miss)
314 http fetch GET 200 https://registry.npmjs.org/@rollup/plugin-json/-/plugin-json-6.1.0.tgz 413ms (cache miss)
315 http fetch GET 200 https://registry.npmjs.org/parse-node-version/-/parse-node-version-1.0.1.tgz 418ms (cache miss)
316 http fetch GET 200 https://registry.npmjs.org/autoprefixer/-/autoprefixer-10.4.21.tgz 424ms (cache miss)
317 http fetch GET 200 https://registry.npmjs.org/tailwindcss/-/tailwindcss-4.1.16.tgz 427ms (cache miss)
318 http fetch GET 200 https://registry.npmjs.org/less/-/less-4.4.2.tgz 432ms (cache miss)
319 http fetch GET 200 https://registry.npmjs.org/@rollup/wasm-node/-/wasm-node-4.52.5.tgz 436ms (cache miss)
320 http fetch GET 200 https://registry.npmjs.org/source-map/-/source-map-0.6.1.tgz 434ms (cache miss)
321 http fetch GET 200 https://registry.npmjs.org/iconv-lite/-/iconv-lite-0.6.3.tgz 440ms (cache miss)
322 http fetch GET 200 https://registry.npmjs.org/semver/-/semver-5.7.2.tgz 484ms (cache miss)
323 http fetch POST 200 https://registry.npmjs.org/-/npm/v1/security/advisories/bulk 606ms
324 silly audit report {}
325 http fetch GET 200 https://registry.npmjs.org/mime/-/mime-1.6.0.tgz 644ms (cache miss)
326 silly ADD node_modules/pify
327 silly ADD node_modules/find-up-simple
328 silly ADD node_modules/sax
329 silly ADD node_modules/prr
330 silly ADD node_modules/is-what
331 silly ADD node_modules/parse-node-version
332 silly ADD node_modules/needle
333 silly ADD node_modules/needle/node_modules/iconv-lite
334 silly ADD node_modules/image-size
335 silly ADD node_modules/errno
336 silly ADD node_modules/copy-anything
337 silly ADD node_modules/pkg-dir
338 silly ADD node_modules/common-path-prefix
339 silly ADD node_modules/estree-walker
340 silly ADD node_modules/@rollup/pluginutils
341 silly ADD node_modules/rollup-plugin-dts
342 silly ADD node_modules/less
343 silly ADD node_modules/less/node_modules/semver
344 silly ADD node_modules/less/node_modules/source-map
345 silly ADD node_modules/less/node_modules/mime
346 silly ADD node_modules/less/node_modules/make-dir
347 silly ADD node_modules/injection-js
348 silly ADD node_modules/find-cache-directory
349 silly ADD node_modules/dependency-graph
350 silly ADD node_modules/commander
351 silly ADD node_modules/ansi-colors
352 silly ADD node_modules/@rollup/wasm-node
353 silly ADD node_modules/@rollup/plugin-json
354 silly ADD node_modules/postcss-value-parser
355 silly ADD node_modules/normalize-range
356 silly ADD node_modules/fraction.js
357 silly ADD node_modules/tailwindcss
358 silly ADD node_modules/ng-packagr
359 silly ADD node_modules/autoprefixer
360 verbose cwd /Users/bao312/Desktop/test123
361 verbose os Darwin 24.6.0
362 verbose node v24.10.0
363 verbose npm  v11.6.0
364 notice
364 notice New patch version of npm available! 11.6.0 -> 11.6.2
364 notice Changelog: https://github.com/npm/cli/releases/tag/v11.6.2
364 notice To update run: npm install -g npm@11.6.2
364 notice  { force: true, Symbol(proc-log.meta): true }
365 verbose exit 0
366 info ok
