0 verbose cli /opt/homebrew/Cellar/node/24.10.0_1/bin/node /opt/homebrew/bin/npm
1 info using npm@11.6.0
2 info using node@v24.10.0
3 silly config load:file:/opt/homebrew/lib/node_modules/npm/npmrc
4 silly config load:file:/Users/bao312/Desktop/test123/.npmrc
5 silly config load:file:/Users/bao312/.npmrc
6 silly config load:file:/opt/homebrew/etc/npmrc
7 verbose title npm i @twind/sheets
8 verbose argv "i" "--save-dev" "@twind/sheets" "--cache" "./.npm-cache" "--legacy-peer-deps"
9 verbose logfile logs-max:10 dir:/Users/bao312/Desktop/test123/.npm-cache/_logs/2025-11-05T14_48_14_137Z-
10 verbose logfile /Users/bao312/Desktop/test123/.npm-cache/_logs/2025-11-05T14_48_14_137Z-debug-0.log
11 silly logfile done cleaning log files
12 silly packumentCache heap:4496293888 maxSize:1124073472 maxEntrySize:562036736
13 silly idealTree buildDeps
14 silly fetch manifest @twind/sheets@^1.1.3
15 silly packumentCache full:https://registry.npmjs.org/@twind%2fsheets cache-miss
16 http fetch GET 404 https://registry.npmjs.org/@twind%2fsheets 246ms (cache skip)
17 silly placeDep ROOT @twind/sheets@ OK for: test123@0.0.0 want: ^1.1.3
18 verbose stack HttpErrorGeneral: 404 Not Found - GET https://registry.npmjs.org/@twind%2fsheets - Not found
18 verbose stack     at /opt/homebrew/lib/node_modules/npm/node_modules/npm-registry-fetch/lib/check-response.js:103:15
18 verbose stack     at process.processTicksAndRejections (node:internal/process/task_queues:105:5)
18 verbose stack     at async RegistryFetcher.packument (/opt/homebrew/lib/node_modules/npm/node_modules/pacote/lib/registry.js:90:19)
18 verbose stack     at async RegistryFetcher.manifest (/opt/homebrew/lib/node_modules/npm/node_modules/pacote/lib/registry.js:128:23)
18 verbose stack     at async #fetchManifest (/opt/homebrew/lib/node_modules/npm/node_modules/@npmcli/arborist/lib/arborist/build-ideal-tree.js:1215:20)
18 verbose stack     at async #nodeFromEdge (/opt/homebrew/lib/node_modules/npm/node_modules/@npmcli/arborist/lib/arborist/build-ideal-tree.js:1053:19)
18 verbose stack     at async #buildDepStep (/opt/homebrew/lib/node_modules/npm/node_modules/@npmcli/arborist/lib/arborist/build-ideal-tree.js:917:11)
18 verbose stack     at async Arborist.buildIdealTree (/opt/homebrew/lib/node_modules/npm/node_modules/@npmcli/arborist/lib/arborist/build-ideal-tree.js:182:7)
18 verbose stack     at async Promise.all (index 1)
18 verbose stack     at async Arborist.reify (/opt/homebrew/lib/node_modules/npm/node_modules/@npmcli/arborist/lib/arborist/reify.js:126:5)
19 verbose statusCode 404
20 verbose pkgid @twind/sheets@^1.1.3
21 error code E404
22 error 404 Not Found - GET https://registry.npmjs.org/@twind%2fsheets - Not found
23 error 404
24 error 404  The requested resource '@twind/sheets@^1.1.3' could not be found or you do not have permission to access it.
25 error 404
26 error 404 Note that you can also install from a
27 error 404 tarball, folder, http url, or git url.
28 silly unfinished npm timer reify 1762354094286
29 silly unfinished npm timer reify:loadTrees 1762354094287
30 verbose cwd /Users/bao312/Desktop/test123
31 verbose os Darwin 24.6.0
32 verbose node v24.10.0
33 verbose npm  v11.6.0
34 verbose exit 1
35 verbose code 1
36 error A complete log of this run can be found in: /Users/bao312/Desktop/test123/.npm-cache/_logs/2025-11-05T14_48_14_137Z-debug-0.log
