0 verbose cli /opt/homebrew/Cellar/node/24.10.0_1/bin/node /opt/homebrew/bin/npm
1 info using npm@11.6.0
2 info using node@v24.10.0
3 silly config load:file:/opt/homebrew/lib/node_modules/npm/npmrc
4 silly config load:file:/Users/bao312/Desktop/test123/.npmrc
5 silly config load:file:/Users/bao312/.npmrc
6 silly config load:file:/opt/homebrew/etc/npmrc
7 verbose title npm i @twind/core @twind/preset-tailwind
8 verbose argv "i" "--save-dev" "@twind/core" "@twind/preset-tailwind" "--cache" "./.npm-cache" "--legacy-peer-deps"
9 verbose logfile logs-max:10 dir:/Users/bao312/Desktop/test123/.npm-cache/_logs/2025-11-05T14_41_14_677Z-
10 verbose logfile /Users/bao312/Desktop/test123/.npm-cache/_logs/2025-11-05T14_41_14_677Z-debug-0.log
11 silly logfile done cleaning log files
12 silly packumentCache heap:4496293888 maxSize:1124073472 maxEntrySize:562036736
13 warn idealTree Removing dependencies.@twind/core in favor of devDependencies.@twind/core
14 warn idealTree Removing dependencies.@twind/preset-tailwind in favor of devDependencies.@twind/preset-tailwind
15 silly idealTree buildDeps
16 silly fetch manifest @twind/core@*
17 silly packumentCache full:https://registry.npmjs.org/@twind%2fcore cache-miss
18 http fetch GET 200 https://registry.npmjs.org/@twind%2fcore 289ms (cache miss)
19 silly packumentCache full:https://registry.npmjs.org/@twind%2fcore set size:undefined disposed:false
20 silly fetch manifest @twind/preset-tailwind@*
21 silly packumentCache full:https://registry.npmjs.org/@twind%2fpreset-tailwind cache-miss
22 http fetch GET 200 https://registry.npmjs.org/@twind%2fpreset-tailwind 124ms (cache miss)
23 silly packumentCache full:https://registry.npmjs.org/@twind%2fpreset-tailwind set size:undefined disposed:false
24 silly placeDep ROOT @twind/core@1.1.3 REPLACE for: test123@0.0.0 want: *
25 silly placeDep ROOT @twind/preset-tailwind@1.1.4 REPLACE for: test123@0.0.0 want: *
26 silly reify moves {}
27 silly audit bulk request {
27 silly audit   '@algolia/abtesting': [ '1.1.0' ],
27 silly audit   '@algolia/client-abtesting': [ '5.35.0' ],
27 silly audit   '@algolia/client-analytics': [ '5.35.0' ],
27 silly audit   '@algolia/client-common': [ '5.35.0' ],
27 silly audit   '@algolia/client-insights': [ '5.35.0' ],
27 silly audit   '@algolia/client-personalization': [ '5.35.0' ],
27 silly audit   '@algolia/client-query-suggestions': [ '5.35.0' ],
27 silly audit   '@algolia/client-search': [ '5.35.0' ],
27 silly audit   '@algolia/ingestion': [ '1.35.0' ],
27 silly audit   '@algolia/monitoring': [ '1.35.0' ],
27 silly audit   '@algolia/recommend': [ '5.35.0' ],
27 silly audit   '@algolia/requester-browser-xhr': [ '5.35.0' ],
27 silly audit   '@algolia/requester-fetch': [ '5.35.0' ],
27 silly audit   '@algolia/requester-node-http': [ '5.35.0' ],
27 silly audit   '@alloc/quick-lru': [ '5.2.0' ],
27 silly audit   '@ampproject/remapping': [ '2.3.0' ],
27 silly audit   '@angular-devkit/architect': [ '0.2003.8' ],
27 silly audit   '@angular-devkit/core': [ '20.3.8' ],
27 silly audit   '@angular-devkit/schematics': [ '20.3.8' ],
27 silly audit   '@angular/build': [ '20.3.8' ],
27 silly audit   '@angular/cli': [ '20.3.8' ],
27 silly audit   '@angular/common': [ '20.3.9' ],
27 silly audit   '@angular/compiler': [ '20.3.9' ],
27 silly audit   '@angular/compiler-cli': [ '20.3.9' ],
27 silly audit   '@angular/core': [ '20.3.9' ],
27 silly audit   '@angular/elements': [ '20.3.9' ],
27 silly audit   '@angular/forms': [ '20.3.9' ],
27 silly audit   '@angular/platform-browser': [ '20.3.9' ],
27 silly audit   '@angular/router': [ '20.3.9' ],
27 silly audit   '@babel/code-frame': [ '7.27.1' ],
27 silly audit   '@babel/compat-data': [ '7.28.5' ],
27 silly audit   '@babel/core': [ '7.28.3' ],
27 silly audit   'convert-source-map': [ '2.0.0', '1.9.0' ],
27 silly audit   semver: [ '6.3.1', '5.7.2', '7.7.2' ],
27 silly audit   '@babel/generator': [ '7.28.5' ],
27 silly audit   '@babel/helper-annotate-as-pure': [ '7.27.3' ],
27 silly audit   '@babel/helper-compilation-targets': [ '7.27.2' ],
27 silly audit   '@babel/helper-globals': [ '7.28.0' ],
27 silly audit   '@babel/helper-module-imports': [ '7.27.1' ],
27 silly audit   '@babel/helper-module-transforms': [ '7.28.3' ],
27 silly audit   '@babel/helper-split-export-declaration': [ '7.24.7' ],
27 silly audit   '@babel/helper-string-parser': [ '7.27.1' ],
27 silly audit   '@babel/helper-validator-identifier': [ '7.28.5' ],
27 silly audit   '@babel/helper-validator-option': [ '7.27.1' ],
27 silly audit   '@babel/helpers': [ '7.28.4' ],
27 silly audit   '@babel/parser': [ '7.28.5' ],
27 silly audit   '@babel/template': [ '7.27.2' ],
27 silly audit   '@babel/traverse': [ '7.28.5' ],
27 silly audit   '@babel/types': [ '7.28.5' ],
27 silly audit   '@colors/colors': [ '1.5.0' ],
27 silly audit   '@esbuild/aix-ppc64': [ '0.25.9' ],
27 silly audit   '@esbuild/android-arm': [ '0.25.9' ],
27 silly audit   '@esbuild/android-arm64': [ '0.25.9' ],
27 silly audit   '@esbuild/android-x64': [ '0.25.9' ],
27 silly audit   '@esbuild/darwin-arm64': [ '0.25.9' ],
27 silly audit   '@esbuild/darwin-x64': [ '0.25.9' ],
27 silly audit   '@esbuild/freebsd-arm64': [ '0.25.9' ],
27 silly audit   '@esbuild/freebsd-x64': [ '0.25.9' ],
27 silly audit   '@esbuild/linux-arm': [ '0.25.9' ],
27 silly audit   '@esbuild/linux-arm64': [ '0.25.9' ],
27 silly audit   '@esbuild/linux-ia32': [ '0.25.9' ],
27 silly audit   '@esbuild/linux-loong64': [ '0.25.9' ],
27 silly audit   '@esbuild/linux-mips64el': [ '0.25.9' ],
27 silly audit   '@esbuild/linux-ppc64': [ '0.25.9' ],
27 silly audit   '@esbuild/linux-riscv64': [ '0.25.9' ],
27 silly audit   '@esbuild/linux-s390x': [ '0.25.9' ],
27 silly audit   '@esbuild/linux-x64': [ '0.25.9' ],
27 silly audit   '@esbuild/netbsd-arm64': [ '0.25.9' ],
27 silly audit   '@esbuild/netbsd-x64': [ '0.25.9' ],
27 silly audit   '@esbuild/openbsd-arm64': [ '0.25.9' ],
27 silly audit   '@esbuild/openbsd-x64': [ '0.25.9' ],
27 silly audit   '@esbuild/openharmony-arm64': [ '0.25.9' ],
27 silly audit   '@esbuild/sunos-x64': [ '0.25.9' ],
27 silly audit   '@esbuild/win32-arm64': [ '0.25.9' ],
27 silly audit   '@esbuild/win32-ia32': [ '0.25.9' ],
27 silly audit   '@esbuild/win32-x64': [ '0.25.9' ],
27 silly audit   '@inquirer/ansi': [ '1.0.1' ],
27 silly audit   '@inquirer/checkbox': [ '4.3.0' ],
27 silly audit   '@inquirer/confirm': [ '5.1.14' ],
27 silly audit   '@inquirer/core': [ '10.3.0' ],
27 silly audit   '@inquirer/editor': [ '4.2.21' ],
27 silly audit   '@inquirer/expand': [ '4.0.21' ],
27 silly audit   '@inquirer/external-editor': [ '1.0.2' ],
27 silly audit   '@inquirer/figures': [ '1.0.14' ],
27 silly audit   '@inquirer/input': [ '4.2.5' ],
27 silly audit   '@inquirer/number': [ '3.0.21' ],
27 silly audit   '@inquirer/password': [ '4.0.21' ],
27 silly audit   '@inquirer/prompts': [ '7.8.2' ],
27 silly audit   '@inquirer/rawlist': [ '4.1.9' ],
27 silly audit   '@inquirer/search': [ '3.2.0' ],
27 silly audit   '@inquirer/select': [ '4.4.0' ],
27 silly audit   '@inquirer/type': [ '3.0.9' ],
27 silly audit   '@isaacs/balanced-match': [ '4.0.1' ],
27 silly audit   '@isaacs/brace-expansion': [ '5.0.0' ],
27 silly audit   '@isaacs/cliui': [ '8.0.2' ],
27 silly audit   'emoji-regex': [ '9.2.2', '10.6.0', '8.0.0' ],
27 silly audit   'string-width': [ '5.1.2', '4.2.3', '7.2.0' ],
27 silly audit   'wrap-ansi': [ '8.1.0', '9.0.2', '7.0.0', '6.2.0' ],
27 silly audit   '@isaacs/fs-minipass': [ '4.0.1' ],
27 silly audit   '@istanbuljs/schema': [ '0.1.3' ],
27 silly audit   '@jridgewell/gen-mapping': [ '0.3.13' ],
27 silly audit   '@jridgewell/resolve-uri': [ '3.1.2' ],
27 silly audit   '@jridgewell/sourcemap-codec': [ '1.5.5' ],
27 silly audit   '@jridgewell/trace-mapping': [ '0.3.31' ],
27 silly audit   '@listr2/prompt-adapter-inquirer': [ '3.0.1' ],
27 silly audit   '@lmdb/lmdb-darwin-arm64': [ '3.4.2' ],
27 silly audit   '@lmdb/lmdb-darwin-x64': [ '3.4.2' ],
27 silly audit   '@lmdb/lmdb-linux-arm': [ '3.4.2' ],
27 silly audit   '@lmdb/lmdb-linux-arm64': [ '3.4.2' ],
27 silly audit   '@lmdb/lmdb-linux-x64': [ '3.4.2' ],
27 silly audit   '@lmdb/lmdb-win32-arm64': [ '3.4.2' ],
27 silly audit   '@lmdb/lmdb-win32-x64': [ '3.4.2' ],
27 silly audit   '@modelcontextprotocol/sdk': [ '1.17.3' ],
27 silly audit   ajv: [ '6.12.6', '8.17.1' ],
27 silly audit   'json-schema-traverse': [ '0.4.1', '1.0.0' ],
27 silly audit   '@msgpackr-extract/msgpackr-extract-darwin-arm64': [ '3.0.3' ],
27 silly audit   '@msgpackr-extract/msgpackr-extract-darwin-x64': [ '3.0.3' ],
27 silly audit   '@msgpackr-extract/msgpackr-extract-linux-arm': [ '3.0.3' ],
27 silly audit   '@msgpackr-extract/msgpackr-extract-linux-arm64': [ '3.0.3' ],
27 silly audit   '@msgpackr-extract/msgpackr-extract-linux-x64': [ '3.0.3' ],
27 silly audit   '@msgpackr-extract/msgpackr-extract-win32-x64': [ '3.0.3' ],
27 silly audit   '@napi-rs/nice': [ '1.1.1' ],
27 silly audit   '@napi-rs/nice-android-arm-eabi': [ '1.1.1' ],
27 silly audit   '@napi-rs/nice-android-arm64': [ '1.1.1' ],
27 silly audit   '@napi-rs/nice-darwin-arm64': [ '1.1.1' ],
27 silly audit   '@napi-rs/nice-darwin-x64': [ '1.1.1' ],
27 silly audit   '@napi-rs/nice-freebsd-x64': [ '1.1.1' ],
27 silly audit   '@napi-rs/nice-linux-arm-gnueabihf': [ '1.1.1' ],
27 silly audit   '@napi-rs/nice-linux-arm64-gnu': [ '1.1.1' ],
27 silly audit   '@napi-rs/nice-linux-arm64-musl': [ '1.1.1' ],
27 silly audit   '@napi-rs/nice-linux-ppc64-gnu': [ '1.1.1' ],
27 silly audit   '@napi-rs/nice-linux-riscv64-gnu': [ '1.1.1' ],
27 silly audit   '@napi-rs/nice-linux-s390x-gnu': [ '1.1.1' ],
27 silly audit   '@napi-rs/nice-linux-x64-gnu': [ '1.1.1' ],
27 silly audit   '@napi-rs/nice-linux-x64-musl': [ '1.1.1' ],
27 silly audit   '@napi-rs/nice-openharmony-arm64': [ '1.1.1' ],
27 silly audit   '@napi-rs/nice-win32-arm64-msvc': [ '1.1.1' ],
27 silly audit   '@napi-rs/nice-win32-ia32-msvc': [ '1.1.1' ],
27 silly audit   '@napi-rs/nice-win32-x64-msvc': [ '1.1.1' ],
27 silly audit   '@nodelib/fs.scandir': [ '2.1.5' ],
27 silly audit   '@nodelib/fs.stat': [ '2.0.5' ],
27 silly audit   '@nodelib/fs.walk': [ '1.2.8' ],
27 silly audit   '@npmcli/agent': [ '3.0.0' ],
27 silly audit   'lru-cache': [ '10.4.3', '11.2.2', '5.1.1' ],
27 silly audit   '@npmcli/fs': [ '4.0.0' ],
27 silly audit   '@npmcli/git': [ '6.0.3' ],
27 silly audit   isexe: [ '3.1.1', '2.0.0' ],
27 silly audit   which: [ '5.0.0', '1.3.1', '2.0.2' ],
27 silly audit   '@npmcli/installed-package-contents': [ '3.0.0' ],
27 silly audit   '@npmcli/node-gyp': [ '4.0.0' ],
27 silly audit   '@npmcli/package-json': [ '6.2.0' ],
27 silly audit   'brace-expansion': [ '2.0.2', '1.1.12' ],
27 silly audit   glob: [ '10.4.5', '7.2.3' ],
27 silly audit   'hosted-git-info': [ '8.1.0', '9.0.2' ],
27 silly audit   minimatch: [ '9.0.5', '10.1.1', '3.1.2' ],
27 silly audit   '@npmcli/promise-spawn': [ '8.0.3' ],
27 silly audit   '@npmcli/redact': [ '3.2.2' ],
27 silly audit   '@npmcli/run-script': [ '9.1.0' ],
27 silly audit   '@parcel/watcher': [ '2.5.1' ],
27 silly audit   '@parcel/watcher-android-arm64': [ '2.5.1' ],
27 silly audit   '@parcel/watcher-darwin-arm64': [ '2.5.1' ],
27 silly audit   '@parcel/watcher-darwin-x64': [ '2.5.1' ],
27 silly audit   '@parcel/watcher-freebsd-x64': [ '2.5.1' ],
27 silly audit   '@parcel/watcher-linux-arm-glibc': [ '2.5.1' ],
27 silly audit   '@parcel/watcher-linux-arm-musl': [ '2.5.1' ],
27 silly audit   '@parcel/watcher-linux-arm64-glibc': [ '2.5.1' ],
27 silly audit   '@parcel/watcher-linux-arm64-musl': [ '2.5.1' ],
27 silly audit   '@parcel/watcher-linux-x64-glibc': [ '2.5.1' ],
27 silly audit   '@parcel/watcher-linux-x64-musl': [ '2.5.1' ],
27 silly audit   '@parcel/watcher-win32-arm64': [ '2.5.1' ],
27 silly audit   '@parcel/watcher-win32-ia32': [ '2.5.1' ],
27 silly audit   '@parcel/watcher-win32-x64': [ '2.5.1' ],
27 silly audit   'detect-libc': [ '1.0.3', '2.1.2' ],
27 silly audit   'node-addon-api': [ '7.1.1', '6.1.0' ],
27 silly audit   '@pkgjs/parseargs': [ '0.11.0' ],
27 silly audit   '@rollup/plugin-json': [ '6.1.0' ],
27 silly audit   '@rollup/pluginutils': [ '5.3.0' ],
27 silly audit   '@rollup/rollup-android-arm-eabi': [ '4.52.3' ],
27 silly audit   '@rollup/rollup-android-arm64': [ '4.52.3' ],
27 silly audit   '@rollup/rollup-darwin-arm64': [ '4.52.3' ],
27 silly audit   '@rollup/rollup-darwin-x64': [ '4.52.3' ],
27 silly audit   '@rollup/rollup-freebsd-arm64': [ '4.52.3' ],
27 silly audit   '@rollup/rollup-freebsd-x64': [ '4.52.3' ],
27 silly audit   '@rollup/rollup-linux-arm-gnueabihf': [ '4.52.3' ],
27 silly audit   '@rollup/rollup-linux-arm-musleabihf': [ '4.52.3' ],
27 silly audit   '@rollup/rollup-linux-arm64-gnu': [ '4.52.3' ],
27 silly audit   '@rollup/rollup-linux-arm64-musl': [ '4.52.3' ],
27 silly audit   '@rollup/rollup-linux-loong64-gnu': [ '4.52.3' ],
27 silly audit   '@rollup/rollup-linux-ppc64-gnu': [ '4.52.3' ],
27 silly audit   '@rollup/rollup-linux-riscv64-gnu': [ '4.52.3' ],
27 silly audit   '@rollup/rollup-linux-riscv64-musl': [ '4.52.3' ],
27 silly audit   '@rollup/rollup-linux-s390x-gnu': [ '4.52.3' ],
27 silly audit   '@rollup/rollup-linux-x64-gnu': [ '4.52.3' ],
27 silly audit   '@rollup/rollup-linux-x64-musl': [ '4.52.3' ],
27 silly audit   '@rollup/rollup-openharmony-arm64': [ '4.52.3' ],
27 silly audit   '@rollup/rollup-win32-arm64-msvc': [ '4.52.3' ],
27 silly audit   '@rollup/rollup-win32-ia32-msvc': [ '4.52.3' ],
27 silly audit   '@rollup/rollup-win32-x64-gnu': [ '4.52.3' ],
27 silly audit   '@rollup/rollup-win32-x64-msvc': [ '4.52.3' ],
27 silly audit   '@rollup/wasm-node': [ '4.52.5' ],
27 silly audit   '@schematics/angular': [ '20.3.8' ],
27 silly audit   '@sigstore/bundle': [ '3.1.0' ],
27 silly audit   '@sigstore/core': [ '2.0.0' ],
27 silly audit   '@sigstore/protobuf-specs': [ '0.4.3' ],
27 silly audit   '@sigstore/sign': [ '3.1.0' ],
27 silly audit   '@sigstore/tuf': [ '3.1.1' ],
27 silly audit   '@sigstore/verify': [ '2.1.1' ],
27 silly audit   '@socket.io/component-emitter': [ '3.1.2' ],
27 silly audit   '@tufjs/canonical-json': [ '2.0.0' ],
27 silly audit   '@tufjs/models': [ '3.0.1' ],
27 silly audit   '@types/cors': [ '2.8.19' ],
27 silly audit   '@types/estree': [ '1.0.8' ],
27 silly audit   '@types/jasmine': [ '5.1.12' ],
27 silly audit   '@types/node': [ '24.10.0' ],
27 silly audit   '@vitejs/plugin-basic-ssl': [ '2.1.0' ],
27 silly audit   '@yarnpkg/lockfile': [ '1.1.0' ],
27 silly audit   abbrev: [ '3.0.1' ],
27 silly audit   accepts: [ '2.0.0', '1.3.8' ],
27 silly audit   'agent-base': [ '7.1.4' ],
27 silly audit   'ajv-formats': [ '3.0.1' ],
27 silly audit   algoliasearch: [ '5.35.0' ],
27 silly audit   'ansi-colors': [ '4.1.3' ],
27 silly audit   'ansi-escapes': [ '7.2.0' ],
27 silly audit   'ansi-regex': [ '6.2.2', '5.0.1' ],
27 silly audit   'ansi-styles': [ '6.2.3', '4.3.0' ],
27 silly audit   'any-promise': [ '1.3.0' ],
27 silly audit   anymatch: [ '3.1.3' ],
27 silly audit   picomatch: [ '2.3.1', '4.0.3' ],
27 silly audit   arg: [ '5.0.2' ],
27 silly audit   autoprefixer: [ '10.4.21' ],
27 silly audit   'balanced-match': [ '1.0.2' ],
27 silly audit   base64id: [ '2.0.0' ],
27 silly audit   'baseline-browser-mapping': [ '2.8.24' ],
27 silly audit   beasties: [ '0.3.5' ],
27 silly audit   'binary-extensions': [ '2.3.0' ],
27 silly audit   'body-parser': [ '2.2.0', '1.20.3' ],
27 silly audit   'iconv-lite': [ '0.6.3', '0.7.0', '0.4.24' ],
27 silly audit   boolbase: [ '1.0.0' ],
27 silly audit   braces: [ '3.0.3' ],
27 silly audit   browserslist: [ '4.27.0' ],
27 silly audit   'buffer-from': [ '1.1.2' ],
27 silly audit   bytes: [ '3.1.2' ],
27 silly audit   cacache: [ '19.0.1' ],
27 silly audit   chownr: [ '3.0.0', '2.0.0' ],
27 silly audit   tar: [ '7.5.2', '6.2.1' ],
27 silly audit   yallist: [ '5.0.0', '4.0.0', '3.1.1' ],
27 silly audit   'call-bind-apply-helpers': [ '1.0.2' ],
27 silly audit   'call-bound': [ '1.0.4' ],
27 silly audit   'camelcase-css': [ '2.0.1' ],
27 silly audit   'caniuse-lite': [ '1.0.30001753' ],
27 silly audit   chalk: [ '5.6.2' ],
27 silly audit   chardet: [ '2.1.1' ],
27 silly audit   chokidar: [ '4.0.3', '3.6.0' ],
27 silly audit   'cli-cursor': [ '5.0.0' ],
27 silly audit   'cli-spinners': [ '2.9.2' ],
27 silly audit   'cli-truncate': [ '4.0.0' ],
27 silly audit   'cli-width': [ '4.1.0' ],
27 silly audit   cliui: [ '9.0.1', '7.0.4' ],
27 silly audit   'color-convert': [ '2.0.1' ],
27 silly audit   'color-name': [ '1.1.4' ],
27 silly audit   colorette: [ '2.0.20' ],
27 silly audit   commander: [ '14.0.2', '4.1.1' ],
27 silly audit   'common-path-prefix': [ '3.0.0' ],
27 silly audit   'concat-map': [ '0.0.1' ],
27 silly audit   connect: [ '3.7.0' ],
27 silly audit   debug: [ '2.6.9', '4.4.3', '4.3.7' ],
27 silly audit   encodeurl: [ '1.0.2', '2.0.0' ],
27 silly audit   finalhandler: [ '1.1.2', '2.1.0' ],
27 silly audit   ms: [ '2.0.0', '2.1.3' ],
27 silly audit   'on-finished': [ '2.3.0', '2.4.1' ],
27 silly audit   statuses: [ '1.5.0', '2.0.1', '2.0.2' ],
27 silly audit   'content-disposition': [ '1.0.0' ],
27 silly audit   'content-type': [ '1.0.5' ],
27 silly audit   cookie: [ '0.7.2' ],
27 silly audit   'cookie-signature': [ '1.2.2' ],
27 silly audit   'copy-anything': [ '2.0.6' ],
27 silly audit   cors: [ '2.8.5' ],
27 silly audit   'cross-spawn': [ '7.0.6' ],
27 silly audit   'css-select': [ '6.0.0' ],
27 silly audit   'css-what': [ '7.0.0' ],
27 silly audit   cssesc: [ '3.0.0' ],
27 silly audit   csstype: [ '3.1.3' ],
27 silly audit   'custom-event': [ '1.0.1' ],
27 silly audit   'date-format': [ '4.0.14' ],
27 silly audit   depd: [ '2.0.0' ],
27 silly audit   'dependency-graph': [ '1.0.0' ],
27 silly audit   destroy: [ '1.2.0' ],
27 silly audit   di: [ '0.0.1' ],
27 silly audit   didyoumean: [ '1.2.2' ],
27 silly audit   dlv: [ '1.1.3' ],
27 silly audit   'dom-serialize': [ '2.2.1' ],
27 silly audit   'dom-serializer': [ '2.0.0', '1.4.1' ],
27 silly audit   domelementtype: [ '2.3.0' ],
27 silly audit   domhandler: [ '5.0.3', '4.3.1' ],
27 silly audit   domutils: [ '3.2.2', '2.8.0' ],
27 silly audit   'dunder-proto': [ '1.0.1' ],
27 silly audit   eastasianwidth: [ '0.2.0' ],
27 silly audit   'ee-first': [ '1.1.1' ],
27 silly audit   'electron-to-chromium': [ '1.5.245' ],
27 silly audit   encoding: [ '0.1.13' ],
27 silly audit   'engine.io': [ '6.6.4' ],
27 silly audit   'engine.io-parser': [ '5.2.3' ],
27 silly audit   'mime-db': [ '1.52.0', '1.54.0' ],
27 silly audit   'mime-types': [ '2.1.35', '3.0.1' ],
27 silly audit   negotiator: [ '0.6.3', '1.0.0' ],
27 silly audit   ent: [ '2.2.2' ],
27 silly audit   entities: [ '4.5.0', '6.0.1', '2.2.0' ],
27 silly audit   'env-paths': [ '2.2.1' ],
27 silly audit   environment: [ '1.1.0' ],
27 silly audit   'err-code': [ '2.0.3' ],
27 silly audit   errno: [ '0.1.8' ],
27 silly audit   'es-define-property': [ '1.0.1' ],
27 silly audit   'es-errors': [ '1.3.0' ],
27 silly audit   'es-object-atoms': [ '1.1.1' ],
27 silly audit   esbuild: [ '0.25.9' ],
27 silly audit   escalade: [ '3.2.0' ],
27 silly audit   'escape-html': [ '1.0.3' ],
27 silly audit   'escape-string-regexp': [ '1.0.5' ],
27 silly audit   'estree-walker': [ '2.0.2' ],
27 silly audit   etag: [ '1.8.1' ],
27 silly audit   eventemitter3: [ '4.0.7', '5.0.1' ],
27 silly audit   eventsource: [ '3.0.7' ],
27 silly audit   'eventsource-parser': [ '3.0.6' ],
27 silly audit   'exponential-backoff': [ '3.1.3' ],
27 silly audit   express: [ '5.1.0' ],
27 silly audit   'express-rate-limit': [ '7.5.1' ],
27 silly audit   extend: [ '3.0.2' ],
27 silly audit   'fast-deep-equal': [ '3.1.3' ],
27 silly audit   'fast-glob': [ '3.3.3' ],
27 silly audit   'fast-json-stable-stringify': [ '2.1.0' ],
27 silly audit   'fast-uri': [ '3.1.0' ],
27 silly audit   fastq: [ '1.19.1' ],
27 silly audit   fdir: [ '6.5.0' ],
27 silly audit   'fill-range': [ '7.1.1' ],
27 silly audit   'find-cache-directory': [ '6.0.0' ],
27 silly audit   'find-up-simple': [ '1.0.1' ],
27 silly audit   flatted: [ '3.3.3' ],
27 silly audit   'follow-redirects': [ '1.15.11' ],
27 silly audit   'foreground-child': [ '3.3.1' ],
27 silly audit   forwarded: [ '0.2.0' ],
27 silly audit   'fraction.js': [ '4.3.7' ],
27 silly audit   fresh: [ '2.0.0' ],
27 silly audit   'fs-extra': [ '8.1.0' ],
27 silly audit   'fs-minipass': [ '3.0.3', '2.1.0' ],
27 silly audit   'fs.realpath': [ '1.0.0' ],
27 silly audit   fsevents: [ '2.3.3' ],
27 silly audit   'function-bind': [ '1.1.2' ],
27 silly audit   gensync: [ '1.0.0-beta.2' ],
27 silly audit   'get-caller-file': [ '2.0.5' ],
27 silly audit   'get-east-asian-width': [ '1.4.0' ],
27 silly audit   'get-intrinsic': [ '1.3.0' ],
27 silly audit   'get-proto': [ '1.0.1' ],
27 silly audit   'glob-parent': [ '5.1.2', '6.0.2' ],
27 silly audit   'glob-to-regexp': [ '0.4.1' ],
27 silly audit   gopd: [ '1.2.0' ],
27 silly audit   'graceful-fs': [ '4.2.11' ],
27 silly audit   'has-flag': [ '4.0.0' ],
27 silly audit   'has-symbols': [ '1.1.0' ],
27 silly audit   'has-tostringtag': [ '1.0.2' ],
27 silly audit   hasown: [ '2.0.2' ],
27 silly audit   'html-escaper': [ '2.0.2' ],
27 silly audit   htmlparser2: [ '10.0.0', '6.1.0' ],
27 silly audit   'http-cache-semantics': [ '4.2.0' ],
27 silly audit   'http-errors': [ '2.0.0' ],
27 silly audit   'http-proxy': [ '1.18.1' ],
27 silly audit   'http-proxy-agent': [ '7.0.2' ],
27 silly audit   'https-proxy-agent': [ '7.0.6' ],
27 silly audit   'ignore-walk': [ '8.0.0' ],
27 silly audit   'image-size': [ '0.5.5' ],
27 silly audit   immutable: [ '5.1.4' ],
27 silly audit   imurmurhash: [ '0.1.4' ],
27 silly audit   inflight: [ '1.0.6' ],
27 silly audit   inherits: [ '2.0.4' ],
27 silly audit   ini: [ '5.0.0' ],
27 silly audit   'injection-js': [ '2.6.1' ],
27 silly audit   'ip-address': [ '10.0.1' ],
27 silly audit   'ipaddr.js': [ '1.9.1' ],
27 silly audit   'is-binary-path': [ '2.1.0' ],
27 silly audit   'is-core-module': [ '2.16.1' ],
27 silly audit   'is-extglob': [ '2.1.1' ],
27 silly audit   'is-fullwidth-code-point': [ '4.0.0', '3.0.0', '5.1.0' ],
27 silly audit   'is-glob': [ '4.0.3' ],
27 silly audit   'is-interactive': [ '2.0.0' ],
27 silly audit   'is-number': [ '7.0.0' ],
27 silly audit   'is-promise': [ '4.0.0' ],
27 silly audit   'is-regex': [ '1.2.1' ],
27 silly audit   'is-unicode-supported': [ '2.1.0', '1.3.0' ],
27 silly audit   'is-what': [ '3.14.1' ],
27 silly audit   isbinaryfile: [ '4.0.10' ],
27 silly audit   'istanbul-lib-coverage': [ '3.2.2' ],
27 silly audit   'istanbul-lib-instrument': [ '6.0.3', '5.2.1' ],
27 silly audit   'istanbul-lib-report': [ '3.0.1' ],
27 silly audit   'istanbul-lib-source-maps': [ '4.0.1' ],
27 silly audit   'source-map': [ '0.6.1', '0.7.6' ],
27 silly audit   'istanbul-reports': [ '3.2.0' ],
27 silly audit   jackspeak: [ '3.4.3' ],
27 silly audit   'jasmine-core': [ '5.9.0', '4.6.1' ],
27 silly audit   jiti: [ '1.21.7' ],
27 silly audit   'js-tokens': [ '4.0.0' ],
27 silly audit   jsesc: [ '3.1.0' ],
27 silly audit   'json-parse-even-better-errors': [ '4.0.0' ],
27 silly audit   json5: [ '2.2.3' ],
27 silly audit   'jsonc-parser': [ '3.3.1' ],
27 silly audit   jsonfile: [ '4.0.0' ],
27 silly audit   jsonparse: [ '1.3.1' ],
27 silly audit   karma: [ '6.4.4' ],
27 silly audit   'karma-chrome-launcher': [ '3.2.0' ],
27 silly audit   'karma-coverage': [ '2.2.1' ],
27 silly audit   'karma-jasmine': [ '5.1.0' ],
27 silly audit   'karma-jasmine-html-reporter': [ '2.1.0' ],
27 silly audit   'media-typer': [ '0.3.0', '1.1.0' ],
27 silly audit   qs: [ '6.13.0', '6.14.0' ],
27 silly audit   'raw-body': [ '2.5.2', '3.0.1' ],
27 silly audit   readdirp: [ '3.6.0', '4.1.2' ],
27 silly audit   'strip-ansi': [ '6.0.1', '7.1.2' ],
27 silly audit   'type-is': [ '1.6.18', '2.0.1' ],
27 silly audit   yargs: [ '16.2.0', '18.0.0' ],
27 silly audit   'yargs-parser': [ '20.2.9', '22.0.0' ],
27 silly audit   less: [ '4.4.2' ],
27 silly audit   'make-dir': [ '2.1.0', '4.0.0' ],
27 silly audit   mime: [ '1.6.0', '2.6.0' ],
27 silly audit   lilconfig: [ '2.1.0', '3.1.3' ],
27 silly audit   'lines-and-columns': [ '1.2.4' ],
27 silly audit   listr2: [ '9.0.1' ],
27 silly audit   lmdb: [ '3.4.2' ],
27 silly audit   lodash: [ '4.17.21' ],
27 silly audit   'log-symbols': [ '6.0.0' ],
27 silly audit   'log-update': [ '6.1.0' ],
27 silly audit   'slice-ansi': [ '7.1.2', '5.0.0' ],
27 silly audit   log4js: [ '6.9.1' ],
27 silly audit   'magic-string': [ '0.30.17' ],
27 silly audit   'make-fetch-happen': [ '14.0.3' ],
27 silly audit   'math-intrinsics': [ '1.1.0' ],
27 silly audit   'merge-descriptors': [ '2.0.0' ],
27 silly audit   merge2: [ '1.4.1' ],
27 silly audit   micromatch: [ '4.0.8' ],
27 silly audit   'mimic-function': [ '5.0.1' ],
27 silly audit   minimist: [ '1.2.8' ],
27 silly audit   minipass: [ '7.1.2', '3.3.6', '5.0.0' ],
27 silly audit   'minipass-collect': [ '2.0.1' ],
27 silly audit   'minipass-fetch': [ '4.0.1' ],
27 silly audit   'minipass-flush': [ '1.0.5' ],
27 silly audit   'minipass-pipeline': [ '1.2.4' ],
27 silly audit   'minipass-sized': [ '1.0.3' ],
27 silly audit   minizlib: [ '3.1.0', '2.1.2' ],
27 silly audit   mkdirp: [ '0.5.6', '1.0.4' ],
27 silly audit   mrmime: [ '2.0.1' ],
27 silly audit   msgpackr: [ '1.11.5' ],
27 silly audit   'msgpackr-extract': [ '3.0.3' ],
27 silly audit   'mute-stream': [ '2.0.0' ],
27 silly audit   mz: [ '2.7.0' ],
27 silly audit   nanoid: [ '3.3.11' ],
27 silly audit   needle: [ '3.3.1' ],
27 silly audit   'ng-packagr': [ '20.3.0' ],
27 silly audit   'node-gyp': [ '11.5.0' ],
27 silly audit   'node-gyp-build-optional-packages': [ '5.2.2' ],
27 silly audit   'node-releases': [ '2.0.27' ],
27 silly audit   nopt: [ '8.1.0' ],
27 silly audit   'normalize-path': [ '3.0.0' ],
27 silly audit   'normalize-range': [ '0.1.2' ],
27 silly audit   'npm-bundled': [ '4.0.0' ],
27 silly audit   'npm-install-checks': [ '7.1.2' ],
27 silly audit   'npm-normalize-package-bin': [ '4.0.0' ],
27 silly audit   'npm-package-arg': [ '13.0.0', '12.0.2' ],
27 silly audit   'npm-packlist': [ '10.0.3' ],
27 silly audit   'proc-log': [ '6.0.0', '5.0.0' ],
27 silly audit   'npm-pick-manifest': [ '10.0.0' ],
27 silly audit   'npm-registry-fetch': [ '18.0.2' ],
27 silly audit   'nth-check': [ '2.1.1' ],
27 silly audit   'object-assign': [ '4.1.1' ],
27 silly audit   'object-hash': [ '3.0.0' ],
27 silly audit   'object-inspect': [ '1.13.4' ],
27 silly audit   once: [ '1.4.0' ],
27 silly audit   onetime: [ '7.0.0' ],
27 silly audit   ora: [ '8.2.0' ],
27 silly audit   'ordered-binary': [ '1.6.0' ],
27 silly audit   'p-map': [ '7.0.3' ],
27 silly audit   'package-json-from-dist': [ '1.0.1' ],
27 silly audit   pacote: [ '21.0.0' ],
27 silly audit   'parse-node-version': [ '1.0.1' ],
27 silly audit   parse5: [ '8.0.0' ],
27 silly audit   'parse5-html-rewriting-stream': [ '8.0.0' ],
27 silly audit   'parse5-sax-parser': [ '8.0.0' ],
27 silly audit   parseurl: [ '1.3.3' ],
27 silly audit   'path-is-absolute': [ '1.0.1' ],
27 silly audit   'path-key': [ '3.1.1' ],
27 silly audit   'path-parse': [ '1.0.7' ],
27 silly audit   'path-scurry': [ '1.11.1' ],
27 silly audit   'path-to-regexp': [ '8.3.0' ],
27 silly audit   picocolors: [ '1.1.1' ],
27 silly audit   pify: [ '4.0.1', '2.3.0' ],
27 silly audit   pirates: [ '4.0.7' ],
27 silly audit   piscina: [ '5.1.3' ],
27 silly audit   'pkce-challenge': [ '5.0.0' ],
27 silly audit   'pkg-dir': [ '8.0.0' ],
27 silly audit   postcss: [ '8.5.6', '8.4.31' ],
27 silly audit   'postcss-css-variables': [ '0.18.0' ],
27 silly audit   'postcss-import': [ '15.1.0' ],
27 silly audit   'postcss-js': [ '4.1.0' ],
27 silly audit   'postcss-load-config': [ '4.0.2' ],
27 silly audit   'postcss-media-query-parser': [ '0.2.3' ],
27 silly audit   'postcss-nested': [ '6.2.0' ],
27 silly audit   'postcss-selector-parser': [ '6.1.2' ],
27 silly audit   'postcss-value-parser': [ '4.2.0' ],
27 silly audit   'promise-retry': [ '2.0.1' ],
27 silly audit   'proxy-addr': [ '2.0.7' ],
27 silly audit   prr: [ '1.0.1' ],
27 silly audit   punycode: [ '1.4.1', '2.3.1' ],
27 silly audit   qjobs: [ '1.2.0' ],
27 silly audit   'queue-microtask': [ '1.2.3' ],
27 silly audit   'range-parser': [ '1.2.1' ],
27 silly audit   'read-cache': [ '1.0.0' ],
27 silly audit   'reflect-metadata': [ '0.2.2' ],
27 silly audit   'require-directory': [ '2.1.1' ],
27 silly audit   'require-from-string': [ '2.0.2' ],
27 silly audit   'requires-port': [ '1.0.0' ],
27 silly audit   resolve: [ '1.22.10' ],
27 silly audit   'restore-cursor': [ '5.1.0' ],
27 silly audit   retry: [ '0.12.0' ],
27 silly audit   reusify: [ '1.1.0' ],
27 silly audit   rfdc: [ '1.4.1' ],
27 silly audit   rimraf: [ '3.0.2' ],
27 silly audit   rollup: [ '4.52.3' ],
27 silly audit   'rollup-plugin-dts': [ '6.2.3' ],
27 silly audit   router: [ '2.2.0' ],
27 silly audit   'run-parallel': [ '1.2.0' ],
27 silly audit   rxjs: [ '7.8.2' ],
27 silly audit   'safe-buffer': [ '5.2.1' ],
27 silly audit   'safe-regex-test': [ '1.1.0' ],
27 silly audit   'safer-buffer': [ '2.1.2' ],
27 silly audit   sass: [ '1.90.0' ],
27 silly audit   sax: [ '1.4.3' ],
27 silly audit   send: [ '1.2.0' ],
27 silly audit   'serve-static': [ '2.2.0' ],
27 silly audit   setprototypeof: [ '1.2.0' ],
27 silly audit   'shebang-command': [ '2.0.0' ],
27 silly audit   'shebang-regex': [ '3.0.0' ],
27 silly audit   'side-channel': [ '1.1.0' ],
27 silly audit   'side-channel-list': [ '1.0.0' ],
27 silly audit   'side-channel-map': [ '1.0.1' ],
27 silly audit   'side-channel-weakmap': [ '1.0.2' ],
27 silly audit   'signal-exit': [ '4.1.0' ],
27 silly audit   sigstore: [ '3.1.0' ],
27 silly audit   'smart-buffer': [ '4.2.0' ],
27 silly audit   'socket.io': [ '4.8.1' ],
27 silly audit   'socket.io-adapter': [ '2.5.5' ],
27 silly audit   'socket.io-parser': [ '4.2.4' ],
27 silly audit   socks: [ '2.8.7' ],
27 silly audit   'socks-proxy-agent': [ '8.0.5' ],
27 silly audit   'source-map-js': [ '1.2.1' ],
27 silly audit   'source-map-support': [ '0.5.21' ],
27 silly audit   'spdx-correct': [ '3.2.0' ],
27 silly audit   'spdx-exceptions': [ '2.5.0' ],
27 silly audit   'spdx-expression-parse': [ '3.0.1' ],
27 silly audit   'spdx-license-ids': [ '3.0.22' ],
27 silly audit   ssri: [ '12.0.0' ],
27 silly audit   'stdin-discarder': [ '0.2.2' ],
27 silly audit   streamroller: [ '3.1.5' ],
27 silly audit   'style-vendorizer': [ '2.2.3' ],
27 silly audit   sucrase: [ '3.35.0' ],
27 silly audit   'supports-color': [ '7.2.0' ],
27 silly audit   'supports-preserve-symlinks-flag': [ '1.0.0' ],
27 silly audit   tailwindcss: [ '3.4.13', '3.3.2' ],
27 silly audit   thenify: [ '3.3.1' ],
27 silly audit   'thenify-all': [ '1.6.0' ],
27 silly audit   tinyglobby: [ '0.2.14', '0.2.15' ],
27 silly audit   tmp: [ '0.2.5' ],
27 silly audit   'to-regex-range': [ '5.0.1' ],
27 silly audit   toidentifier: [ '1.0.1' ],
27 silly audit   'ts-interface-checker': [ '0.1.13' ],
27 silly audit   tslib: [ '2.8.1' ],
27 silly audit   'tuf-js': [ '3.1.0' ],
27 silly audit   'tw-to-css': [ '0.0.12' ],
27 silly audit   twind: [ '0.16.19' ],
27 silly audit   typescript: [ '5.9.3' ],
27 silly audit   'ua-parser-js': [ '0.7.41' ],
27 silly audit   'undici-types': [ '7.16.0' ],
27 silly audit   'unique-filename': [ '4.0.0' ],
27 silly audit   'unique-slug': [ '5.0.0' ],
27 silly audit   universalify: [ '0.1.2' ],
27 silly audit   unpipe: [ '1.0.0' ],
27 silly audit   'update-browserslist-db': [ '1.1.4' ],
27 silly audit   'uri-js': [ '4.4.1' ],
27 silly audit   'util-deprecate': [ '1.0.2' ],
27 silly audit   'utils-merge': [ '1.0.1' ],
27 silly audit   'validate-npm-package-license': [ '3.0.4' ],
27 silly audit   'validate-npm-package-name': [ '6.0.2' ],
27 silly audit   vary: [ '1.1.2' ],
27 silly audit   vite: [ '7.1.11' ],
27 silly audit   'void-elements': [ '2.0.1' ],
27 silly audit   watchpack: [ '2.4.4' ],
27 silly audit   'weak-lru-cache': [ '1.2.2' ],
27 silly audit   wrappy: [ '1.0.2' ],
27 silly audit   ws: [ '8.17.1' ],
27 silly audit   y18n: [ '5.0.8' ],
27 silly audit   yaml: [ '2.8.1' ],
27 silly audit   'yoctocolors-cjs': [ '2.1.3' ],
27 silly audit   zod: [ '3.25.76' ],
27 silly audit   'zod-to-json-schema': [ '3.24.6' ],
27 silly audit   'zone.js': [ '0.15.1' ],
27 silly audit   '@twind/core': [ '1.1.3' ],
27 silly audit   '@twind/preset-tailwind': [ '1.1.4' ]
27 silly audit }
28 http fetch POST 200 https://registry.npmjs.org/-/npm/v1/security/advisories/bulk 708ms
29 silly audit report {}
30 verbose cwd /Users/bao312/Desktop/test123
31 verbose os Darwin 24.6.0
32 verbose node v24.10.0
33 verbose npm  v11.6.0
34 verbose exit 0
35 info ok
