0 verbose cli /opt/homebrew/Cellar/node/24.10.0_1/bin/node /opt/homebrew/bin/npm
1 info using npm@11.6.0
2 info using node@v24.10.0
3 silly config load:file:/opt/homebrew/lib/node_modules/npm/npmrc
4 silly config load:file:/Users/bao312/Desktop/test123/.npmrc
5 silly config load:file:/Users/bao312/.npmrc
6 silly config load:file:/opt/homebrew/etc/npmrc
7 verbose title npm install @angular/elements
8 verbose argv "install" "@angular/elements" "--save-dev" "--no-fund" "--no-audit"
9 verbose logfile logs-max:10 dir:/Users/bao312/Desktop/test123/.npm-cache/_logs/2025-11-05T07_19_03_425Z-
10 verbose logfile /Users/bao312/Desktop/test123/.npm-cache/_logs/2025-11-05T07_19_03_425Z-debug-0.log
11 silly logfile done cleaning log files
12 silly packumentCache heap:4496293888 maxSize:1124073472 maxEntrySize:562036736
13 silly idealTree buildDeps
14 silly fetch manifest @angular/elements@*
15 silly packumentCache full:https://registry.npmjs.org/@angular%2felements cache-miss
16 http fetch GET 200 https://registry.npmjs.org/@angular%2felements 386ms (cache miss)
17 silly packumentCache full:https://registry.npmjs.org/@angular%2felements set size:undefined disposed:false
18 silly fetch manifest @angular/core@^20.3.0
19 silly packumentCache full:https://registry.npmjs.org/@angular%2fcore cache-miss
20 http fetch GET 200 https://registry.npmjs.org/@angular%2fcore 174ms (cache miss)
21 silly packumentCache full:https://registry.npmjs.org/@angular%2fcore set size:undefined disposed:false
22 silly fetch manifest @angular/compiler@^20.3.0
23 silly packumentCache full:https://registry.npmjs.org/@angular%2fcompiler cache-miss
24 http fetch GET 200 https://registry.npmjs.org/@angular%2fcompiler 94ms (cache revalidated)
25 silly packumentCache full:https://registry.npmjs.org/@angular%2fcompiler set size:2533806 disposed:false
26 silly fetch manifest rxjs@~7.8.0
27 silly packumentCache full:https://registry.npmjs.org/rxjs cache-miss
28 http fetch GET 200 https://registry.npmjs.org/rxjs 81ms (cache miss)
29 silly packumentCache full:https://registry.npmjs.org/rxjs set size:undefined disposed:false
30 silly fetch manifest zone.js@~0.15.0
31 silly packumentCache full:https://registry.npmjs.org/zone.js cache-miss
32 http fetch GET 200 https://registry.npmjs.org/zone.js 668ms (cache miss)
33 silly packumentCache full:https://registry.npmjs.org/zone.js set size:undefined disposed:false
34 silly placeDep ROOT @angular/elements@20.3.9 OK for: test123@0.0.0 want: *
35 silly reify moves {}
36 http cache @angular/elements@https://registry.npmjs.org/@angular/elements/-/elements-20.3.9.tgz 0ms (cache hit)
37 silly tarball no local data for @angular/elements@https://registry.npmjs.org/@angular/elements/-/elements-20.3.9.tgz. Extracting by manifest.
38 http fetch GET 200 https://registry.npmjs.org/@angular/elements/-/elements-20.3.9.tgz 794ms (cache miss)
39 silly ADD node_modules/@angular/elements
40 verbose cwd /Users/bao312/Desktop/test123
41 verbose os Darwin 24.6.0
42 verbose node v24.10.0
43 verbose npm  v11.6.0
44 verbose exit 0
45 info ok
